#
# There is insufficient memory for the Java Runtime Environment to continue.
# Native memory allocation (malloc) failed to allocate 32744 bytes for ChunkPool::allocate
# Possible reasons:
#   The system is out of physical RAM or swap space
#   In 32 bit mode, the process size limit was hit
# Possible solutions:
#   Reduce memory load on the system
#   Increase physical memory or swap space
#   Check if swap backing store is full
#   Use 64 bit Java on a 64 bit OS
#   Decrease Java heap size (-Xmx/-Xms)
#   Decrease number of Java threads
#   Decrease Java thread stack sizes (-Xss)
#   Set larger code cache with -XX:ReservedCodeCacheSize=
# This output file may be truncated or incomplete.
#
#  Out of Memory Error (allocation.cpp:273), pid=12636, tid=0x00000000000019a4
#
# JRE version: OpenJDK Runtime Environment (8.0_152-b01) (build 1.8.0_152-release-1343-b01)
# Java VM: OpenJDK 64-Bit Server VM (25.152-b01 mixed mode windows-amd64 compressed oops)
# Failed to write core dump. Minidumps are not enabled by default on client versions of Windows
#

---------------  T H R E A D  ---------------

Current thread (0x00000000169fd800):  JavaThread "C2 CompilerThread0" daemon [_thread_in_native, id=6564, stack(0x0000000018050000,0x0000000018150000)]

Stack: [0x0000000018050000,0x0000000018150000]
[error occurred during error reporting (printing stack bounds), id 0xc0000005]

Native frames: (J=compiled Java code, j=interpreted, Vv=VM code, C=native code)


Current CompileTask:
C2:  11677 2279       4       java.net.URLClassLoader$1::run (5 bytes)


---------------  P R O C E S S  ---------------

Java Threads: ( => current thread )
  0x0000000018c67800 JavaThread "Cache worker for execution history cache (C:\Users\mrunmayee\.gradle\caches\5.1.1\executionHistory)" [_thread_blocked, id=8172, stack(0x00000000209b0000,0x0000000020ab0000)]
  0x0000000018c67000 JavaThread "Cache worker for cache directory md-rule (C:\Users\mrunmayee\.gradle\caches\5.1.1\md-rule)" [_thread_blocked, id=6912, stack(0x00000000208b0000,0x00000000209b0000)]
  0x0000000018c64800 JavaThread "Cache worker for cache directory md-supplier (C:\Users\mrunmayee\.gradle\caches\5.1.1\md-supplier)" [_thread_blocked, id=1116, stack(0x000000001ecf0000,0x000000001edf0000)]
  0x0000000018c63000 JavaThread "Cache worker for file hash cache (C:\Users\mrunmayee\App1\.gradle\5.1.1\fileHashes)" [_thread_blocked, id=2860, stack(0x000000001ebf0000,0x000000001ecf0000)]
  0x0000000018c5f800 JavaThread "Cache worker for journal cache (C:\Users\mrunmayee\.gradle\caches\journal-1)" [_thread_blocked, id=6460, stack(0x000000001b4a0000,0x000000001b5a0000)]
  0x0000000018c62800 JavaThread "File lock request listener" [_thread_in_native, id=8564, stack(0x000000001b3a0000,0x000000001b4a0000)]
  0x000000001991f800 JavaThread "Cache worker for file hash cache (C:\Users\mrunmayee\.gradle\caches\5.1.1\fileHashes)" [_thread_blocked, id=6488, stack(0x000000001b2a0000,0x000000001b3a0000)]
  0x000000001991f000 JavaThread "Thread-8" [_thread_blocked, id=7636, stack(0x000000001b1a0000,0x000000001b2a0000)]
  0x0000000019923800 JavaThread "Stdin handler" [_thread_blocked, id=9864, stack(0x000000001b0a0000,0x000000001b1a0000)]
  0x0000000019920800 JavaThread "Asynchronous log dispatcher for DefaultDaemonConnection: socket connection from /127.0.0.1:52978 to /127.0.0.1:52979" [_thread_blocked, id=6388, stack(0x000000001afa0000,0x000000001b0a0000)]
  0x0000000019924000 JavaThread "Daemon worker" [_thread_in_vm, id=1136, stack(0x000000001aea0000,0x000000001afa0000)]
  0x000000001991e000 JavaThread "Cancel handler" [_thread_blocked, id=8024, stack(0x000000001ada0000,0x000000001aea0000)]
  0x000000001991d800 JavaThread "Handler for socket connection from /127.0.0.1:52978 to /127.0.0.1:52979" [_thread_in_native, id=6428, stack(0x000000001aaa0000,0x000000001aba0000)]
  0x0000000019922800 JavaThread "Daemon" [_thread_blocked, id=10644, stack(0x000000001a9a0000,0x000000001aaa0000)]
  0x0000000019922000 JavaThread "Daemon periodic checks" [_thread_blocked, id=9244, stack(0x000000001a8a0000,0x000000001a9a0000)]
  0x0000000019921000 JavaThread "Incoming local TCP Connector on port 52978" [_thread_in_native, id=8092, stack(0x000000001a660000,0x000000001a760000)]
  0x0000000016a5e800 JavaThread "Service Thread" daemon [_thread_blocked, id=9780, stack(0x0000000018750000,0x0000000018850000)]
  0x0000000016a0a000 JavaThread "C1 CompilerThread2" daemon [_thread_blocked, id=224, stack(0x0000000018250000,0x0000000018350000)]
  0x0000000016a01800 JavaThread "C2 CompilerThread1" daemon [_thread_in_native, id=8704, stack(0x0000000018150000,0x0000000018250000)]
=>0x00000000169fd800 JavaThread "C2 CompilerThread0" daemon [_thread_in_native, id=6564, stack(0x0000000018050000,0x0000000018150000)]
  0x00000000169fa800 JavaThread "Attach Listener" daemon [_thread_blocked, id=8, stack(0x0000000017f50000,0x0000000018050000)]
  0x00000000169f9000 JavaThread "Signal Dispatcher" daemon [_thread_blocked, id=13048, stack(0x0000000017e50000,0x0000000017f50000)]
  0x000000000308a000 JavaThread "Finalizer" daemon [_thread_blocked, id=6904, stack(0x0000000017c60000,0x0000000017d60000)]
  0x0000000003081000 JavaThread "Reference Handler" daemon [_thread_blocked, id=5272, stack(0x0000000017b60000,0x0000000017c60000)]
  0x0000000002e8e000 JavaThread "main" [_thread_blocked, id=3424, stack(0x0000000002e90000,0x0000000002f90000)]

Other Threads:
  0x00000000169c6800 VMThread [stack: 0x0000000017a60000,0x0000000017b60000] [id=228]
  0x0000000018372000 WatcherThread [stack: 0x0000000018850000,0x0000000018950000] [id=13288]

VM state:not at safepoint (normal execution)

VM Mutex/Monitor currently owned by a thread: None

Heap:
 PSYoungGen      total 52224K, used 22914K [0x00000000e0000000, 0x00000000e3a00000, 0x0000000100000000)
  eden space 45056K, 45% used [0x00000000e0000000,0x00000000e13d4990,0x00000000e2c00000)
  from space 7168K, 36% used [0x00000000e3300000,0x00000000e358c080,0x00000000e3a00000)
  to   space 7168K, 0% used [0x00000000e2c00000,0x00000000e2c00000,0x00000000e3300000)
 ParOldGen       total 32768K, used 11123K [0x00000000a0000000, 0x00000000a2000000, 0x00000000e0000000)
  object space 32768K, 33% used [0x00000000a0000000,0x00000000a0adcfe8,0x00000000a2000000)
 Metaspace       used 31416K, capacity 31912K, committed 32256K, reserved 1077248K
  class space    used 4329K, capacity 4522K, committed 4608K, reserved 1048576K

Card table byte_map: [0x0000000012450000,0x0000000012760000] byte_map_base: 0x0000000011f50000

Marking Bits: (ParMarkBitMap*) 0x0000000076ec5aa0
 Begin Bits: [0x0000000012d60000, 0x0000000014560000)
 End Bits:   [0x0000000014560000, 0x0000000015d60000)

Polling page: 0x0000000001490000

CodeCache: size=245760Kb used=8282Kb max_used=8282Kb free=237477Kb
 bounds [0x0000000003090000, 0x00000000038b0000, 0x0000000012090000]
 total_blobs=2802 nmethods=2130 adapters=585
 compilation: enabled

Compilation events (10 events):
Event: 11.479 Thread 0x0000000016a0a000 2333       3       sun.reflect.annotation.AnnotationType::getInstance (65 bytes)
Event: 11.481 Thread 0x0000000016a0a000 nmethod 2333 0x00000000038ab250 code [0x00000000038ab400, 0x00000000038abb88]
Event: 11.481 Thread 0x0000000016a0a000 2334       3       java.lang.System$2::getAnnotationType (5 bytes)
Event: 11.481 Thread 0x0000000016a0a000 nmethod 2334 0x00000000038abe50 code [0x00000000038abfa0, 0x00000000038ac190]
Event: 11.508 Thread 0x0000000016a0a000 2336       3       java.net.URI::match (56 bytes)
Event: 11.508 Thread 0x0000000016a0a000 nmethod 2336 0x00000000038ac250 code [0x00000000038ac3c0, 0x00000000038ac6d0]
Event: 11.545 Thread 0x0000000016a0a000 2337       3       java.util.AbstractList$Itr::<init> (6 bytes)
Event: 11.545 Thread 0x0000000016a0a000 nmethod 2337 0x00000000038ac750 code [0x00000000038ac8c0, 0x00000000038acb10]
Event: 11.590 Thread 0x0000000016a0a000 2338       3       java.lang.AbstractStringBuilder::append (54 bytes)
Event: 11.591 Thread 0x0000000016a0a000 nmethod 2338 0x00000000038acc50 code [0x00000000038ace20, 0x00000000038ad728]

GC Heap History (10 events):
Event: 8.197 GC heap before
{Heap before GC invocations=9 (full 0):
 PSYoungGen      total 37888K, used 13129K [0x00000000e0000000, 0x00000000e2a00000, 0x0000000100000000)
  eden space 32768K, 24% used [0x00000000e0000000,0x00000000e07d72f0,0x00000000e2000000)
  from space 5120K, 99% used [0x00000000e2500000,0x00000000e29fb2a0,0x00000000e2a00000)
  to   space 5120K, 0% used [0x00000000e2000000,0x00000000e2000000,0x00000000e2500000)
 ParOldGen       total 44032K, used 8532K [0x00000000a0000000, 0x00000000a2b00000, 0x00000000e0000000)
  object space 44032K, 19% used [0x00000000a0000000,0x00000000a0855138,0x00000000a2b00000)
 Metaspace       used 20689K, capacity 21106K, committed 21296K, reserved 1067008K
  class space    used 2902K, capacity 3087K, committed 3200K, reserved 1048576K
Event: 8.208 GC heap after
Heap after GC invocations=9 (full 0):
 PSYoungGen      total 37888K, used 3986K [0x00000000e0000000, 0x00000000e2a00000, 0x0000000100000000)
  eden space 32768K, 0% used [0x00000000e0000000,0x00000000e0000000,0x00000000e2000000)
  from space 5120K, 77% used [0x00000000e2000000,0x00000000e23e49f8,0x00000000e2500000)
  to   space 5120K, 0% used [0x00000000e2500000,0x00000000e2500000,0x00000000e2a00000)
 ParOldGen       total 44032K, used 9429K [0x00000000a0000000, 0x00000000a2b00000, 0x00000000e0000000)
  object space 44032K, 21% used [0x00000000a0000000,0x00000000a0935510,0x00000000a2b00000)
 Metaspace       used 20689K, capacity 21106K, committed 21296K, reserved 1067008K
  class space    used 2902K, capacity 3087K, committed 3200K, reserved 1048576K
}
Event: 8.209 GC heap before
{Heap before GC invocations=10 (full 1):
 PSYoungGen      total 37888K, used 3986K [0x00000000e0000000, 0x00000000e2a00000, 0x0000000100000000)
  eden space 32768K, 0% used [0x00000000e0000000,0x00000000e0000000,0x00000000e2000000)
  from space 5120K, 77% used [0x00000000e2000000,0x00000000e23e49f8,0x00000000e2500000)
  to   space 5120K, 0% used [0x00000000e2500000,0x00000000e2500000,0x00000000e2a00000)
 ParOldGen       total 44032K, used 9429K [0x00000000a0000000, 0x00000000a2b00000, 0x00000000e0000000)
  object space 44032K, 21% used [0x00000000a0000000,0x00000000a0935510,0x00000000a2b00000)
 Metaspace       used 20689K, capacity 21106K, committed 21296K, reserved 1067008K
  class space    used 2902K, capacity 3087K, committed 3200K, reserved 1048576K
Event: 8.310 GC heap after
Heap after GC invocations=10 (full 1):
 PSYoungGen      total 37888K, used 0K [0x00000000e0000000, 0x00000000e2a00000, 0x0000000100000000)
  eden space 32768K, 0% used [0x00000000e0000000,0x00000000e0000000,0x00000000e2000000)
  from space 5120K, 0% used [0x00000000e2000000,0x00000000e2000000,0x00000000e2500000)
  to   space 5120K, 0% used [0x00000000e2500000,0x00000000e2500000,0x00000000e2a00000)
 ParOldGen       total 32768K, used 7823K [0x00000000a0000000, 0x00000000a2000000, 0x00000000e0000000)
  object space 32768K, 23% used [0x00000000a0000000,0x00000000a07a3fc8,0x00000000a2000000)
 Metaspace       used 20689K, capacity 21106K, committed 21296K, reserved 1067008K
  class space    used 2902K, capacity 3087K, committed 3200K, reserved 1048576K
}
Event: 9.407 GC heap before
{Heap before GC invocations=11 (full 1):
 PSYoungGen      total 37888K, used 32768K [0x00000000e0000000, 0x00000000e2a00000, 0x0000000100000000)
  eden space 32768K, 100% used [0x00000000e0000000,0x00000000e2000000,0x00000000e2000000)
  from space 5120K, 0% used [0x00000000e2000000,0x00000000e2000000,0x00000000e2500000)
  to   space 5120K, 0% used [0x00000000e2500000,0x00000000e2500000,0x00000000e2a00000)
 ParOldGen       total 32768K, used 7823K [0x00000000a0000000, 0x00000000a2000000, 0x00000000e0000000)
  object space 32768K, 23% used [0x00000000a0000000,0x00000000a07a3fc8,0x00000000a2000000)
 Metaspace       used 25709K, capacity 26110K, committed 26240K, reserved 1071104K
  class space    used 3467K, capacity 3640K, committed 3712K, reserved 1048576K
Event: 9.417 GC heap after
Heap after GC invocations=11 (full 1):
 PSYoungGen      total 37888K, used 4451K [0x00000000e0000000, 0x00000000e2a00000, 0x0000000100000000)
  eden space 32768K, 0% used [0x00000000e0000000,0x00000000e0000000,0x00000000e2000000)
  from space 5120K, 86% used [0x00000000e2500000,0x00000000e2958e48,0x00000000e2a00000)
  to   space 5120K, 0% used [0x00000000e2000000,0x00000000e2000000,0x00000000e2500000)
 ParOldGen       total 32768K, used 7831K [0x00000000a0000000, 0x00000000a2000000, 0x00000000e0000000)
  object space 32768K, 23% used [0x00000000a0000000,0x00000000a07a5fc8,0x00000000a2000000)
 Metaspace       used 25709K, capacity 26110K, committed 26240K, reserved 1071104K
  class space    used 3467K, capacity 3640K, committed 3712K, reserved 1048576K
}
Event: 10.335 GC heap before
{Heap before GC invocations=12 (full 1):
 PSYoungGen      total 37888K, used 37219K [0x00000000e0000000, 0x00000000e2a00000, 0x0000000100000000)
  eden space 32768K, 100% used [0x00000000e0000000,0x00000000e2000000,0x00000000e2000000)
  from space 5120K, 86% used [0x00000000e2500000,0x00000000e2958e48,0x00000000e2a00000)
  to   space 5120K, 0% used [0x00000000e2000000,0x00000000e2000000,0x00000000e2500000)
 ParOldGen       total 32768K, used 7831K [0x00000000a0000000, 0x00000000a2000000, 0x00000000e0000000)
  object space 32768K, 23% used [0x00000000a0000000,0x00000000a07a5fc8,0x00000000a2000000)
 Metaspace       used 28775K, capacity 29228K, committed 29440K, reserved 1075200K
  class space    used 3870K, capacity 4035K, committed 4096K, reserved 1048576K
Event: 10.347 GC heap after
Heap after GC invocations=12 (full 1):
 PSYoungGen      total 37888K, used 3517K [0x00000000e0000000, 0x00000000e3a00000, 0x0000000100000000)
  eden space 32768K, 0% used [0x00000000e0000000,0x00000000e0000000,0x00000000e2000000)
  from space 5120K, 68% used [0x00000000e2000000,0x00000000e236f788,0x00000000e2500000)
  to   space 7168K, 0% used [0x00000000e3300000,0x00000000e3300000,0x00000000e3a00000)
 ParOldGen       total 32768K, used 10223K [0x00000000a0000000, 0x00000000a2000000, 0x00000000e0000000)
  object space 32768K, 31% used [0x00000000a0000000,0x00000000a09fbfd8,0x00000000a2000000)
 Metaspace       used 28775K, capacity 29228K, committed 29440K, reserved 1075200K
  class space    used 3870K, capacity 4035K, committed 4096K, reserved 1048576K
}
Event: 11.117 GC heap before
{Heap before GC invocations=13 (full 1):
 PSYoungGen      total 37888K, used 36285K [0x00000000e0000000, 0x00000000e3a00000, 0x0000000100000000)
  eden space 32768K, 100% used [0x00000000e0000000,0x00000000e2000000,0x00000000e2000000)
  from space 5120K, 68% used [0x00000000e2000000,0x00000000e236f788,0x00000000e2500000)
  to   space 7168K, 0% used [0x00000000e3300000,0x00000000e3300000,0x00000000e3a00000)
 ParOldGen       total 32768K, used 10223K [0x00000000a0000000, 0x00000000a2000000, 0x00000000e0000000)
  object space 32768K, 31% used [0x00000000a0000000,0x00000000a09fbfd8,0x00000000a2000000)
 Metaspace       used 30270K, capacity 30760K, committed 30976K, reserved 1075200K
  class space    used 4130K, capacity 4330K, committed 4352K, reserved 1048576K
Event: 11.134 GC heap after
Heap after GC invocations=13 (full 1):
 PSYoungGen      total 52224K, used 2608K [0x00000000e0000000, 0x00000000e3a00000, 0x0000000100000000)
  eden space 45056K, 0% used [0x00000000e0000000,0x00000000e0000000,0x00000000e2c00000)
  from space 7168K, 36% used [0x00000000e3300000,0x00000000e358c080,0x00000000e3a00000)
  to   space 7168K, 0% used [0x00000000e2c00000,0x00000000e2c00000,0x00000000e3300000)
 ParOldGen       total 32768K, used 11123K [0x00000000a0000000, 0x00000000a2000000, 0x00000000e0000000)
  object space 32768K, 33% used [0x00000000a0000000,0x00000000a0adcfe8,0x00000000a2000000)
 Metaspace       used 30270K, capacity 30760K, committed 30976K, reserved 1075200K
  class space    used 4130K, capacity 4330K, committed 4352K, reserved 1048576K
}

Deoptimization events (10 events):
Event: 9.465 Thread 0x0000000019924000 Uncommon trap: reason=unstable_if action=reinterpret pc=0x000000000351f968 method=java.util.HashMap.hash(Ljava/lang/Object;)I @ 1
Event: 9.644 Thread 0x0000000019924000 Uncommon trap: reason=unstable_if action=reinterpret pc=0x0000000003306e38 method=java.util.HashMap.getNode(ILjava/lang/Object;)Ljava/util/HashMap$Node; @ 53
Event: 9.644 Thread 0x0000000019924000 Uncommon trap: reason=unstable_if action=reinterpret pc=0x00000000033216b0 method=java.util.HashMap.hash(Ljava/lang/Object;)I @ 1
Event: 9.644 Thread 0x0000000019924000 Uncommon trap: reason=unstable_if action=reinterpret pc=0x00000000034e9958 method=java.util.HashMap.putVal(ILjava/lang/Object;Ljava/lang/Object;ZZ)Ljava/lang/Object; @ 85
Event: 9.761 Thread 0x0000000019924000 Uncommon trap: reason=unstable_if action=reinterpret pc=0x00000000033689f0 method=java.util.LinkedHashMap.afterNodeInsertion(Z)V @ 1
Event: 10.145 Thread 0x0000000019924000 Uncommon trap: reason=class_check action=maybe_recompile pc=0x000000000366be70 method=sun.misc.URLClassPath.getLoader(I)Lsun/misc/URLClassPath$Loader; @ 94
Event: 10.166 Thread 0x0000000019924000 Uncommon trap: reason=class_check action=maybe_recompile pc=0x0000000003664e5c method=sun.misc.URLClassPath.getLoader(I)Lsun/misc/URLClassPath$Loader; @ 239
Event: 10.348 Thread 0x0000000003081000 Uncommon trap: reason=unstable_if action=reinterpret pc=0x00000000031a9938 method=java.lang.ref.Reference.tryHandlePending(Z)Z @ 104
Event: 10.448 Thread 0x0000000019924000 Uncommon trap: reason=unstable_if action=reinterpret pc=0x0000000003340c4c method=java.io.WinNTFileSystem.resolve(Ljava/lang/String;Ljava/lang/String;)Ljava/lang/String; @ 49
Event: 11.504 Thread 0x0000000019924000 Uncommon trap: reason=unstable_if action=reinterpret pc=0x00000000031ed860 method=java.net.URI.match(CJJ)Z @ 45

Classes redefined (0 events):
No events

Internal exceptions (10 events):
Event: 10.590 Thread 0x0000000019924000 Exception <a 'java/lang/ClassNotFoundException': org/gradle/api/internal/DefaultDomainObjectCollectionCustomizer> (0x00000000e0b78fc0) thrown at [D:\src\AOSP-openjdk-cygwin\jdk8u\hotspot\src\share\vm\classfile\systemDictionary.cpp, line 210]
Event: 10.600 Thread 0x0000000019924000 Exception <a 'java/lang/ClassNotFoundException': org/gradle/api/internal/DefaultNamedDomainObjectCollectionCustomizer> (0x00000000e0bd5750) thrown at [D:\src\AOSP-openjdk-cygwin\jdk8u\hotspot\src\share\vm\classfile\systemDictionary.cpp, line 210]
Event: 10.611 Thread 0x0000000019924000 Exception <a 'java/lang/ClassNotFoundException': org/gradle/api/internal/DefaultNamedDomainObjectListCustomizer> (0x00000000e0c4a860) thrown at [D:\src\AOSP-openjdk-cygwin\jdk8u\hotspot\src\share\vm\classfile\systemDictionary.cpp, line 210]
Event: 10.617 Thread 0x0000000019924000 Exception <a 'java/lang/ClassNotFoundException': org/gradle/api/internal/artifacts/DefaultArtifactRepositoryContainerCustomizer> (0x00000000e0cbd168) thrown at [D:\src\AOSP-openjdk-cygwin\jdk8u\hotspot\src\share\vm\classfile\systemDictionary.cpp, line 210
Event: 10.622 Thread 0x0000000019924000 Exception <a 'java/lang/ClassNotFoundException': org/gradle/api/internal/artifacts/dsl/DefaultRepositoryHandlerCustomizer> (0x00000000e0d21fd0) thrown at [D:\src\AOSP-openjdk-cygwin\jdk8u\hotspot\src\share\vm\classfile\systemDictionary.cpp, line 210]
Event: 10.628 Thread 0x0000000019924000 Exception <a 'java/lang/ClassNotFoundException': org/gradle/api/internal/artifacts/dsl/DefaultRepositoryHandler_DecoratedCustomizer> (0x00000000e0d8fa20) thrown at [D:\src\AOSP-openjdk-cygwin\jdk8u\hotspot\src\share\vm\classfile\systemDictionary.cpp, line
Event: 11.432 Thread 0x0000000019924000 Exception <a 'java/lang/ClassNotFoundException': org/gradle/api/internal/artifacts/dsl/dependencies/DefaultDependencyHandler_DecoratedBeanInfo> (0x00000000e0ae8378) thrown at [D:\src\AOSP-openjdk-cygwin\jdk8u\hotspot\src\share\vm\classfile\systemDictionar
Event: 11.435 Thread 0x0000000019924000 Exception <a 'java/lang/ClassNotFoundException': org/gradle/api/internal/artifacts/dsl/dependencies/DefaultDependencyHandlerBeanInfo> (0x00000000e0b3bfe8) thrown at [D:\src\AOSP-openjdk-cygwin\jdk8u\hotspot\src\share\vm\classfile\systemDictionary.cpp, lin
Event: 11.446 Thread 0x0000000019924000 Exception <a 'java/lang/ClassNotFoundException': org/gradle/api/internal/artifacts/dsl/dependencies/DefaultDependencyHandlerCustomizer> (0x00000000e0b90bb8) thrown at [D:\src\AOSP-openjdk-cygwin\jdk8u\hotspot\src\share\vm\classfile\systemDictionary.cpp, l
Event: 11.452 Thread 0x0000000019924000 Exception <a 'java/lang/ClassNotFoundException': org/gradle/api/internal/artifacts/dsl/dependencies/DefaultDependencyHandler_DecoratedCustomizer> (0x00000000e0c13498) thrown at [D:\src\AOSP-openjdk-cygwin\jdk8u\hotspot\src\share\vm\classfile\systemDiction

Events (10 events):
Event: 11.648 loading class org/gradle/api/internal/artifacts/ivyservice/ivyresolve/UserResolverChain$ModuleTransformer
Event: 11.648 loading class org/gradle/api/internal/artifacts/ivyservice/ivyresolve/UserResolverChain$ModuleTransformer done
Event: 11.649 loading class org/gradle/internal/component/model/ModuleSource
Event: 11.649 loading class org/gradle/internal/component/model/ModuleSource done
Event: 11.650 loading class org/gradle/api/internal/artifacts/ivyservice/ivyresolve/RepositoryChainDependencyToComponentIdResolver
Event: 11.650 loading class org/gradle/api/internal/artifacts/ivyservice/ivyresolve/RepositoryChainDependencyToComponentIdResolver done
Event: 11.652 loading class org/gradle/api/internal/artifacts/ivyservice/ivyresolve/DynamicVersionResolver
Event: 11.652 loading class org/gradle/api/internal/artifacts/ivyservice/ivyresolve/DynamicVersionResolver done
Event: 11.654 loading class org/gradle/api/internal/artifacts/ivyservice/ivyresolve/RepositoryChainComponentMetaDataResolver
Event: 11.654 loading class org/gradle/api/internal/artifacts/ivyservice/ivyresolve/RepositoryChainComponentMetaDataResolver done


Dynamic libraries:
0x00007ff75a810000 - 0x00007ff75a841000 	M:\A\New folder\jre\bin\java.exe
0x00007ff8c4960000 - 0x00007ff8c4b41000 	C:\WINDOWS\SYSTEM32\ntdll.dll
0x00007ff8c2d00000 - 0x00007ff8c2db2000 	C:\WINDOWS\System32\KERNEL32.DLL
0x00007ff8c0d30000 - 0x00007ff8c0fa3000 	C:\WINDOWS\System32\KERNELBASE.dll
0x00007ff8c4880000 - 0x00007ff8c4921000 	C:\WINDOWS\System32\ADVAPI32.dll
0x00007ff8c27c0000 - 0x00007ff8c285e000 	C:\WINDOWS\System32\msvcrt.dll
0x00007ff8c1df0000 - 0x00007ff8c1e4b000 	C:\WINDOWS\System32\sechost.dll
0x00007ff8c24f0000 - 0x00007ff8c2614000 	C:\WINDOWS\System32\RPCRT4.dll
0x00007ff8c46f0000 - 0x00007ff8c4880000 	C:\WINDOWS\System32\USER32.dll
0x00007ff8c1890000 - 0x00007ff8c18b0000 	C:\WINDOWS\System32\win32u.dll
0x00007ff8c2dc0000 - 0x00007ff8c2de8000 	C:\WINDOWS\System32\GDI32.dll
0x00007ff8c1b00000 - 0x00007ff8c1c92000 	C:\WINDOWS\System32\gdi32full.dll
0x00007ff8c1d50000 - 0x00007ff8c1def000 	C:\WINDOWS\System32\msvcp_win.dll
0x00007ff8c1740000 - 0x00007ff8c183a000 	C:\WINDOWS\System32\ucrtbase.dll
0x00007ff8b1370000 - 0x00007ff8b15d9000 	C:\WINDOWS\WinSxS\amd64_microsoft.windows.common-controls_6595b64144ccf1df_6.0.17134.285_none_fb4297e330656775\COMCTL32.dll
0x00007ff8c29d0000 - 0x00007ff8c2cf3000 	C:\WINDOWS\System32\combase.dll
0x00007ff8c16c0000 - 0x00007ff8c173a000 	C:\WINDOWS\System32\bcryptPrimitives.dll
0x00007ff8c2930000 - 0x00007ff8c295d000 	C:\WINDOWS\System32\IMM32.DLL
0x0000000075800000 - 0x00000000758d2000 	M:\A\New folder\jre\jre\bin\msvcr100.dll
0x0000000076700000 - 0x0000000076f41000 	M:\A\New folder\jre\jre\bin\server\jvm.dll
0x00007ff8c2e70000 - 0x00007ff8c2e78000 	C:\WINDOWS\System32\PSAPI.DLL
0x00007ff8b8d30000 - 0x00007ff8b8d39000 	C:\WINDOWS\SYSTEM32\WSOCK32.dll
0x00007ff8c2f70000 - 0x00007ff8c2fdc000 	C:\WINDOWS\System32\WS2_32.dll
0x00007ff8beb10000 - 0x00007ff8beb33000 	C:\WINDOWS\SYSTEM32\WINMM.dll
0x00007ff8b2fb0000 - 0x00007ff8b2fba000 	C:\WINDOWS\SYSTEM32\VERSION.dll
0x00007ff8bea00000 - 0x00007ff8bea2a000 	C:\WINDOWS\SYSTEM32\WINMMBASE.dll
0x00007ff8c1840000 - 0x00007ff8c1889000 	C:\WINDOWS\System32\cfgmgr32.dll
0x00007ff8b8d20000 - 0x00007ff8b8d2f000 	M:\A\New folder\jre\jre\bin\verify.dll
0x00007ff8a01c0000 - 0x00007ff8a01e9000 	M:\A\New folder\jre\jre\bin\java.dll
0x00007ff8ae7f0000 - 0x00007ff8ae806000 	M:\A\New folder\jre\jre\bin\zip.dll
0x00007ff8c2fe0000 - 0x00007ff8c4420000 	C:\WINDOWS\System32\SHELL32.dll
0x00007ff8c4640000 - 0x00007ff8c46e9000 	C:\WINDOWS\System32\shcore.dll
0x00007ff8c0fb0000 - 0x00007ff8c16bd000 	C:\WINDOWS\System32\windows.storage.dll
0x00007ff8c45e0000 - 0x00007ff8c4631000 	C:\WINDOWS\System32\shlwapi.dll
0x00007ff8c0cf0000 - 0x00007ff8c0d01000 	C:\WINDOWS\System32\kernel.appcore.dll
0x00007ff8c0c70000 - 0x00007ff8c0c8f000 	C:\WINDOWS\System32\profapi.dll
0x00007ff8c0c90000 - 0x00007ff8c0cdc000 	C:\WINDOWS\System32\powrprof.dll
0x00007ff8c0ce0000 - 0x00007ff8c0cea000 	C:\WINDOWS\System32\FLTLIB.DLL
0x00007ff8aa590000 - 0x00007ff8aa5aa000 	M:\A\New folder\jre\jre\bin\net.dll
0x00007ff8c04f0000 - 0x00007ff8c0556000 	C:\WINDOWS\system32\mswsock.dll
0x00007ff8a9cf0000 - 0x00007ff8a9d01000 	M:\A\New folder\jre\jre\bin\nio.dll
0x00007ff8b5f50000 - 0x00007ff8b5f6e000 	C:\Users\mrunmayee\.gradle\native\25\windows-amd64\native-platform.dll
0x00007ff8b8d10000 - 0x00007ff8b8d1d000 	M:\A\New folder\jre\jre\bin\management.dll
0x00007ff8c06a0000 - 0x00007ff8c06b7000 	C:\WINDOWS\SYSTEM32\CRYPTSP.dll
0x00007ff8c00d0000 - 0x00007ff8c0103000 	C:\WINDOWS\system32\rsaenh.dll
0x00007ff8c07d0000 - 0x00007ff8c07f5000 	C:\WINDOWS\SYSTEM32\bcrypt.dll
0x00007ff8c0ba0000 - 0x00007ff8c0bc8000 	C:\WINDOWS\SYSTEM32\USERENV.dll
0x00007ff8c0710000 - 0x00007ff8c071b000 	C:\WINDOWS\SYSTEM32\CRYPTBASE.dll
0x00007ff8c0270000 - 0x00007ff8c02a8000 	C:\WINDOWS\SYSTEM32\IPHLPAPI.DLL
0x00007ff8c2960000 - 0x00007ff8c2968000 	C:\WINDOWS\System32\NSI.dll
0x00007ff8b95c0000 - 0x00007ff8b95d6000 	C:\WINDOWS\SYSTEM32\dhcpcsvc6.DLL
0x00007ff8b86d0000 - 0x00007ff8b86ea000 	C:\WINDOWS\SYSTEM32\dhcpcsvc.DLL

VM Arguments:
jvm_args: -Xmx1536m -Dfile.encoding=windows-1252 -Duser.country=IN -Duser.language=en -Duser.variant 
java_command: org.gradle.launcher.daemon.bootstrap.GradleDaemon 5.1.1
java_class_path (initial): C:\Users\mrunmayee\.gradle\wrapper\dists\gradle-5.1.1-all\97z1ksx6lirer3kbvdnh7jtjg\gradle-5.1.1\lib\gradle-launcher-5.1.1.jar
Launcher Type: SUN_STANDARD

Environment Variables:
PATH=C:\Program Files (x86)\Common Files\Oracle\Java\javapath;C:\Python27\;C:\Python27\Scripts;C:\WINDOWS\system32;C:\WINDOWS;C:\WINDOWS\System32\Wbem;C:\WINDOWS\System32\WindowsPowerShell\v1.0\M:\python;C:\WINDOWS\System32\WindowsPowerShell\v1.0\;C:\WINDOWS\System32\OpenSSH\;M:\Python2.7;M:\Python2.7\Tools\Scripts;M:\Git\cmd;M:\Git\mingw64\bin;M:\Git\usr\bin;M:\nodejs\;C:\WINDOWS\system32\config\systemprofile\.dnx\bin;C:\Program Files\Microsoft DNX\Dnvm\;C:\Program Files\Microsoft SQL Server\130\Tools\Binn\;C:\Program Files\dotnet\;C:\Program Files\Java\jdk1.8.0_211\bin;C:\Program Files\Java\jre1.8.0_211\bin;C:\Program Files (x86)\Microsoft SQL Server\150\DTS\Binn\;C:\Program Files (x86)\dotnet\;c:\Program Files (x86)\Microsoft SQL Server\100\Tools\Binn\;c:\Program Files\Microsoft SQL Server\100\Tools\Binn\;c:\Program Files\Microsoft SQL Server\100\DTS\Binn\;M:\Scripts\;M:\;C:\Users\mrunmayee\AppData\Local\Microsoft\WindowsApps;M:\PyCharm Community Edition 2018.3.4\bin;;C:\Users\mrunmayee\AppData\Roaming\npm;M:\Microsoft VS Code\bin;
USERNAME=mrunmayee
OS=Windows_NT
PROCESSOR_IDENTIFIER=Intel64 Family 6 Model 58 Stepping 9, GenuineIntel



---------------  S Y S T E M  ---------------

OS: Windows 10.0 , 64 bit Build 17134 (10.0.17134.1)

CPU:total 4 (initial active 4) (2 cores per cpu, 2 threads per core) family 6 model 58 stepping 9, cmov, cx8, fxsr, mmx, sse, sse2, sse3, ssse3, sse4.1, sse4.2, popcnt, avx, aes, clmul, erms, ht, tsc, tscinvbit, tscinv

Memory: 4k page, physical 4083992k(989644k free), swap 16666904k(5508k free)

vm_info: OpenJDK 64-Bit Server VM (25.152-b01) for windows-amd64 JRE (1.8.0_152-release-1343-b01), built by "builder" with MS VC++ 10.0 (VS2010)

time: Mon Jun 17 13:11:06 2019
elapsed time: 11 seconds (0d 0h 0m 11s)

