#
# There is insufficient memory for the Java Runtime Environment to continue.
# Native memory allocation (malloc) failed to allocate 2185136 bytes for Chunk::new
# Possible reasons:
#   The system is out of physical RAM or swap space
#   In 32 bit mode, the process size limit was hit
# Possible solutions:
#   Reduce memory load on the system
#   Increase physical memory or swap space
#   Check if swap backing store is full
#   Use 64 bit Java on a 64 bit OS
#   Decrease Java heap size (-Xmx/-Xms)
#   Decrease number of Java threads
#   Decrease Java thread stack sizes (-Xss)
#   Set larger code cache with -XX:ReservedCodeCacheSize=
# This output file may be truncated or incomplete.
#
#  Out of Memory Error (allocation.cpp:390), pid=10628, tid=0x0000000000001470
#
# JRE version: OpenJDK Runtime Environment (8.0_152-b01) (build 1.8.0_152-release-1343-b01)
# Java VM: OpenJDK 64-Bit Server VM (25.152-b01 mixed mode windows-amd64 compressed oops)
# Failed to write core dump. Minidumps are not enabled by default on client versions of Windows
#

---------------  T H R E A D  ---------------

Current thread (0x00000000168c0800):  JavaThread "C2 CompilerThread1" daemon [_thread_in_native, id=5232, stack(0x0000000018020000,0x0000000018120000)]

Stack: [0x0000000018020000,0x0000000018120000]
[error occurred during error reporting (printing stack bounds), id 0xc0000005]

Native frames: (J=compiled Java code, j=interpreted, Vv=VM code, C=native code)


Current CompileTask:
C2:   5180 1839       4       java.net.URLClassLoader$1::run (5 bytes)


---------------  P R O C E S S  ---------------

Java Threads: ( => current thread )
  0x0000000019ccc800 JavaThread "Cache worker for file hash cache (C:\Users\mrunmayee\App1\.gradle\5.1.1\fileHashes)" [_thread_blocked, id=9856, stack(0x000000001d710000,0x000000001d810000)]
  0x0000000019ccc000 JavaThread "Cache worker for journal cache (C:\Users\mrunmayee\.gradle\caches\journal-1)" [_thread_blocked, id=724, stack(0x000000001b370000,0x000000001b470000)]
  0x0000000019cc9800 JavaThread "File lock request listener" [_thread_in_native, id=12948, stack(0x000000001b270000,0x000000001b370000)]
  0x0000000019b17800 JavaThread "Cache worker for file hash cache (C:\Users\mrunmayee\.gradle\caches\5.1.1\fileHashes)" [_thread_blocked, id=4196, stack(0x000000001b170000,0x000000001b270000)]
  0x0000000019970000 JavaThread "Thread-8" [_thread_blocked, id=2536, stack(0x000000001b070000,0x000000001b170000)]
  0x000000001954f000 JavaThread "Stdin handler" [_thread_blocked, id=8848, stack(0x000000001af70000,0x000000001b070000)]
  0x0000000019548000 JavaThread "Asynchronous log dispatcher for DefaultDaemonConnection: socket connection from /127.0.0.1:52969 to /127.0.0.1:52970" [_thread_blocked, id=13052, stack(0x000000001ae70000,0x000000001af70000)]
  0x0000000019553000 JavaThread "Daemon worker" [_thread_in_native, id=10748, stack(0x000000001ad70000,0x000000001ae70000)]
  0x00000000195b0000 JavaThread "Cancel handler" [_thread_blocked, id=1084, stack(0x000000001ac70000,0x000000001ad70000)]
  0x00000000194f1800 JavaThread "Handler for socket connection from /127.0.0.1:52969 to /127.0.0.1:52970" [_thread_in_native, id=7320, stack(0x000000001a970000,0x000000001aa70000)]
  0x00000000194f1000 JavaThread "Daemon" [_thread_blocked, id=4784, stack(0x000000001a870000,0x000000001a970000)]
  0x0000000019554800 JavaThread "Daemon periodic checks" [_thread_blocked, id=12200, stack(0x000000001a770000,0x000000001a870000)]
  0x00000000194da000 JavaThread "Incoming local TCP Connector on port 52969" [_thread_in_native, id=3052, stack(0x000000001a530000,0x000000001a630000)]
  0x0000000018248800 JavaThread "Service Thread" daemon [_thread_blocked, id=9636, stack(0x0000000018620000,0x0000000018720000)]
  0x00000000168c4800 JavaThread "C1 CompilerThread2" daemon [_thread_blocked, id=8420, stack(0x0000000018120000,0x0000000018220000)]
=>0x00000000168c0800 JavaThread "C2 CompilerThread1" daemon [_thread_in_native, id=5232, stack(0x0000000018020000,0x0000000018120000)]
  0x00000000168bd000 JavaThread "C2 CompilerThread0" daemon [_thread_in_native, id=10008, stack(0x0000000017f20000,0x0000000018020000)]
  0x00000000168ba800 JavaThread "Attach Listener" daemon [_thread_blocked, id=6928, stack(0x0000000017e20000,0x0000000017f20000)]
  0x00000000168b9000 JavaThread "Signal Dispatcher" daemon [_thread_blocked, id=7060, stack(0x0000000017d20000,0x0000000017e20000)]
  0x0000000002f4a000 JavaThread "Finalizer" daemon [_thread_blocked, id=11360, stack(0x0000000017b30000,0x0000000017c30000)]
  0x0000000002f41000 JavaThread "Reference Handler" daemon [_thread_blocked, id=5836, stack(0x0000000017a30000,0x0000000017b30000)]
  0x0000000000f3e000 JavaThread "main" [_thread_blocked, id=12568, stack(0x0000000002d50000,0x0000000002e50000)]

Other Threads:
  0x0000000016886800 VMThread [stack: 0x0000000017930000,0x0000000017a30000] [id=1556]
  0x000000001691e800 WatcherThread [stack: 0x0000000018720000,0x0000000018820000] [id=3588]

VM state:not at safepoint (normal execution)

VM Mutex/Monitor currently owned by a thread: None

Heap:
 PSYoungGen      total 72192K, used 51219K [0x00000000e0000000, 0x00000000e4e00000, 0x0000000100000000)
  eden space 65024K, 78% used [0x00000000e0000000,0x00000000e3204e40,0x00000000e3f80000)
  from space 7168K, 0% used [0x00000000e3f80000,0x00000000e3f80000,0x00000000e4680000)
  to   space 6656K, 0% used [0x00000000e4680000,0x00000000e4680000,0x00000000e4d00000)
 ParOldGen       total 31232K, used 7811K [0x00000000a0000000, 0x00000000a1e80000, 0x00000000e0000000)
  object space 31232K, 25% used [0x00000000a0000000,0x00000000a07a0dd8,0x00000000a1e80000)
 Metaspace       used 27303K, capacity 27744K, committed 28032K, reserved 1073152K
  class space    used 3732K, capacity 3929K, committed 3968K, reserved 1048576K

Card table byte_map: [0x0000000012310000,0x0000000012620000] byte_map_base: 0x0000000011e10000

Marking Bits: (ParMarkBitMap*) 0x0000000076ec5aa0
 Begin Bits: [0x0000000012c20000, 0x0000000014420000)
 End Bits:   [0x0000000014420000, 0x0000000015c20000)

Polling page: 0x0000000000bf0000

CodeCache: size=245760Kb used=7905Kb max_used=7905Kb free=237854Kb
 bounds [0x0000000002f50000, 0x0000000003710000, 0x0000000011f50000]
 total_blobs=2696 nmethods=2037 adapters=572
 compilation: enabled

Compilation events (10 events):
Event: 5.134 Thread 0x00000000168c4800 2044       3       sun.nio.cs.UTF_8$Decoder::decodeLoop (28 bytes)
Event: 5.135 Thread 0x00000000168c4800 nmethod 2044 0x0000000003705610 code [0x00000000037057a0, 0x0000000003705cd8]
Event: 5.143 Thread 0x00000000168c4800 2045   !   3       java.net.URL::getURLStreamHandler (313 bytes)
Event: 5.148 Thread 0x00000000168c4800 nmethod 2045 0x0000000003705e50 code [0x0000000003706340, 0x0000000003709638]
Event: 5.148 Thread 0x00000000168c4800 2046       1       java.net.JarURLConnection::getJarFileURL (5 bytes)
Event: 5.148 Thread 0x00000000168c4800 nmethod 2046 0x000000000370b410 code [0x000000000370b560, 0x000000000370b670]
Event: 5.153 Thread 0x00000000168c4800 2047       1       org.gradle.internal.operations.BuildOperationDescriptor::getParentId (5 bytes)
Event: 5.153 Thread 0x00000000168c4800 nmethod 2047 0x000000000370b6d0 code [0x000000000370b820, 0x000000000370b930]
Event: 5.154 Thread 0x00000000168c4800 2048       1       java.util.Collections$EmptyIterator::hasNext (2 bytes)
Event: 5.154 Thread 0x00000000168c4800 nmethod 2048 0x000000000370b990 code [0x000000000370bae0, 0x000000000370bbf0]

GC Heap History (10 events):
Event: 3.068 GC heap before
{Heap before GC invocations=6 (full 0):
 PSYoungGen      total 18944K, used 18912K [0x00000000e0000000, 0x00000000e2a00000, 0x0000000100000000)
  eden space 16384K, 100% used [0x00000000e0000000,0x00000000e1000000,0x00000000e1000000)
  from space 2560K, 98% used [0x00000000e1000000,0x00000000e1278020,0x00000000e1280000)
  to   space 5120K, 0% used [0x00000000e2500000,0x00000000e2500000,0x00000000e2a00000)
 ParOldGen       total 44032K, used 4700K [0x00000000a0000000, 0x00000000a2b00000, 0x00000000e0000000)
  object space 44032K, 10% used [0x00000000a0000000,0x00000000a04970d8,0x00000000a2b00000)
 Metaspace       used 13368K, capacity 13712K, committed 13824K, reserved 1060864K
  class space    used 1837K, capacity 1998K, committed 2048K, reserved 1048576K
Event: 3.077 GC heap after
Heap after GC invocations=6 (full 0):
 PSYoungGen      total 37888K, used 4140K [0x00000000e0000000, 0x00000000e2a00000, 0x0000000100000000)
  eden space 32768K, 0% used [0x00000000e0000000,0x00000000e0000000,0x00000000e2000000)
  from space 5120K, 80% used [0x00000000e2500000,0x00000000e290b398,0x00000000e2a00000)
  to   space 5120K, 0% used [0x00000000e2000000,0x00000000e2000000,0x00000000e2500000)
 ParOldGen       total 44032K, used 4700K [0x00000000a0000000, 0x00000000a2b00000, 0x00000000e0000000)
  object space 44032K, 10% used [0x00000000a0000000,0x00000000a04970d8,0x00000000a2b00000)
 Metaspace       used 13368K, capacity 13712K, committed 13824K, reserved 1060864K
  class space    used 1837K, capacity 1998K, committed 2048K, reserved 1048576K
}
Event: 3.505 GC heap before
{Heap before GC invocations=7 (full 0):
 PSYoungGen      total 37888K, used 36908K [0x00000000e0000000, 0x00000000e2a00000, 0x0000000100000000)
  eden space 32768K, 100% used [0x00000000e0000000,0x00000000e2000000,0x00000000e2000000)
  from space 5120K, 80% used [0x00000000e2500000,0x00000000e290b398,0x00000000e2a00000)
  to   space 5120K, 0% used [0x00000000e2000000,0x00000000e2000000,0x00000000e2500000)
 ParOldGen       total 44032K, used 4700K [0x00000000a0000000, 0x00000000a2b00000, 0x00000000e0000000)
  object space 44032K, 10% used [0x00000000a0000000,0x00000000a04970d8,0x00000000a2b00000)
 Metaspace       used 16161K, capacity 16480K, committed 16640K, reserved 1062912K
  class space    used 2314K, capacity 2456K, committed 2560K, reserved 1048576K
Event: 3.521 GC heap after
Heap after GC invocations=7 (full 0):
 PSYoungGen      total 37888K, used 5093K [0x00000000e0000000, 0x00000000e4d00000, 0x0000000100000000)
  eden space 32768K, 0% used [0x00000000e0000000,0x00000000e0000000,0x00000000e2000000)
  from space 5120K, 99% used [0x00000000e2000000,0x00000000e24f9758,0x00000000e2500000)
  to   space 6656K, 0% used [0x00000000e4680000,0x00000000e4680000,0x00000000e4d00000)
 ParOldGen       total 44032K, used 6484K [0x00000000a0000000, 0x00000000a2b00000, 0x00000000e0000000)
  object space 44032K, 14% used [0x00000000a0000000,0x00000000a06551f8,0x00000000a2b00000)
 Metaspace       used 16161K, capacity 16480K, committed 16640K, reserved 1062912K
  class space    used 2314K, capacity 2456K, committed 2560K, reserved 1048576K
}
Event: 4.084 GC heap before
{Heap before GC invocations=8 (full 0):
 PSYoungGen      total 37888K, used 37861K [0x00000000e0000000, 0x00000000e4d00000, 0x0000000100000000)
  eden space 32768K, 100% used [0x00000000e0000000,0x00000000e2000000,0x00000000e2000000)
  from space 5120K, 99% used [0x00000000e2000000,0x00000000e24f9758,0x00000000e2500000)
  to   space 6656K, 0% used [0x00000000e4680000,0x00000000e4680000,0x00000000e4d00000)
 ParOldGen       total 44032K, used 6484K [0x00000000a0000000, 0x00000000a2b00000, 0x00000000e0000000)
  object space 44032K, 14% used [0x00000000a0000000,0x00000000a06551f8,0x00000000a2b00000)
 Metaspace       used 19475K, capacity 19982K, committed 20224K, reserved 1067008K
  class space    used 2801K, capacity 2991K, committed 3072K, reserved 1048576K
Event: 4.100 GC heap after
Heap after GC invocations=8 (full 0):
 PSYoungGen      total 71680K, used 6067K [0x00000000e0000000, 0x00000000e4e00000, 0x0000000100000000)
  eden space 65024K, 0% used [0x00000000e0000000,0x00000000e0000000,0x00000000e3f80000)
  from space 6656K, 91% used [0x00000000e4680000,0x00000000e4c6cc40,0x00000000e4d00000)
  to   space 7168K, 0% used [0x00000000e3f80000,0x00000000e3f80000,0x00000000e4680000)
 ParOldGen       total 44032K, used 7388K [0x00000000a0000000, 0x00000000a2b00000, 0x00000000e0000000)
  object space 44032K, 16% used [0x00000000a0000000,0x00000000a0737218,0x00000000a2b00000)
 Metaspace       used 19475K, capacity 19982K, committed 20224K, reserved 1067008K
  class space    used 2801K, capacity 2991K, committed 3072K, reserved 1048576K
}
Event: 4.241 GC heap before
{Heap before GC invocations=9 (full 0):
 PSYoungGen      total 71680K, used 14677K [0x00000000e0000000, 0x00000000e4e00000, 0x0000000100000000)
  eden space 65024K, 13% used [0x00000000e0000000,0x00000000e0868a58,0x00000000e3f80000)
  from space 6656K, 91% used [0x00000000e4680000,0x00000000e4c6cc40,0x00000000e4d00000)
  to   space 7168K, 0% used [0x00000000e3f80000,0x00000000e3f80000,0x00000000e4680000)
 ParOldGen       total 44032K, used 7388K [0x00000000a0000000, 0x00000000a2b00000, 0x00000000e0000000)
  object space 44032K, 16% used [0x00000000a0000000,0x00000000a0737218,0x00000000a2b00000)
 Metaspace       used 20680K, capacity 21102K, committed 21296K, reserved 1067008K
  class space    used 2902K, capacity 3087K, committed 3200K, reserved 1048576K
Event: 4.247 GC heap after
Heap after GC invocations=9 (full 0):
 PSYoungGen      total 72192K, used 3917K [0x00000000e0000000, 0x00000000e4e00000, 0x0000000100000000)
  eden space 65024K, 0% used [0x00000000e0000000,0x00000000e0000000,0x00000000e3f80000)
  from space 7168K, 54% used [0x00000000e3f80000,0x00000000e4353690,0x00000000e4680000)
  to   space 6656K, 0% used [0x00000000e4680000,0x00000000e4680000,0x00000000e4d00000)
 ParOldGen       total 44032K, used 8276K [0x00000000a0000000, 0x00000000a2b00000, 0x00000000e0000000)
  object space 44032K, 18% used [0x00000000a0000000,0x00000000a0815268,0x00000000a2b00000)
 Metaspace       used 20680K, capacity 21102K, committed 21296K, reserved 1067008K
  class space    used 2902K, capacity 3087K, committed 3200K, reserved 1048576K
}
Event: 4.247 GC heap before
{Heap before GC invocations=10 (full 1):
 PSYoungGen      total 72192K, used 3917K [0x00000000e0000000, 0x00000000e4e00000, 0x0000000100000000)
  eden space 65024K, 0% used [0x00000000e0000000,0x00000000e0000000,0x00000000e3f80000)
  from space 7168K, 54% used [0x00000000e3f80000,0x00000000e4353690,0x00000000e4680000)
  to   space 6656K, 0% used [0x00000000e4680000,0x00000000e4680000,0x00000000e4d00000)
 ParOldGen       total 44032K, used 8276K [0x00000000a0000000, 0x00000000a2b00000, 0x00000000e0000000)
  object space 44032K, 18% used [0x00000000a0000000,0x00000000a0815268,0x00000000a2b00000)
 Metaspace       used 20680K, capacity 21102K, committed 21296K, reserved 1067008K
  class space    used 2902K, capacity 3087K, committed 3200K, reserved 1048576K
Event: 4.290 GC heap after
Heap after GC invocations=10 (full 1):
 PSYoungGen      total 72192K, used 0K [0x00000000e0000000, 0x00000000e4e00000, 0x0000000100000000)
  eden space 65024K, 0% used [0x00000000e0000000,0x00000000e0000000,0x00000000e3f80000)
  from space 7168K, 0% used [0x00000000e3f80000,0x00000000e3f80000,0x00000000e4680000)
  to   space 6656K, 0% used [0x00000000e4680000,0x00000000e4680000,0x00000000e4d00000)
 ParOldGen       total 31232K, used 7811K [0x00000000a0000000, 0x00000000a1e80000, 0x00000000e0000000)
  object space 31232K, 25% used [0x00000000a0000000,0x00000000a07a0dd8,0x00000000a1e80000)
 Metaspace       used 20680K, capacity 21102K, committed 21296K, reserved 1067008K
  class space    used 2902K, capacity 3087K, committed 3200K, reserved 1048576K
}

Deoptimization events (10 events):
Event: 4.564 Thread 0x0000000019553000 Uncommon trap: reason=class_check action=maybe_recompile pc=0x00000000034e24f4 method=sun.misc.URLClassPath.getResource(Ljava/lang/String;Z)Lsun/misc/Resource; @ 62
Event: 4.564 Thread 0x0000000019553000 Uncommon trap: reason=unstable_if action=reinterpret pc=0x0000000003566ea8 method=java.lang.String.regionMatches(ZILjava/lang/String;II)Z @ 41
Event: 4.566 Thread 0x0000000019553000 Uncommon trap: reason=unstable_if action=reinterpret pc=0x000000000352acc4 method=java.lang.ClassLoader.getClassLoadingLock(Ljava/lang/String;)Ljava/lang/Object; @ 6
Event: 4.595 Thread 0x0000000019553000 Uncommon trap: reason=class_check action=maybe_recompile pc=0x0000000003524510 method=sun.misc.URLClassPath.getLoader(I)Lsun/misc/URLClassPath$Loader; @ 239
Event: 4.610 Thread 0x0000000019553000 Uncommon trap: reason=class_check action=maybe_recompile pc=0x0000000003524510 method=sun.misc.URLClassPath.getLoader(I)Lsun/misc/URLClassPath$Loader; @ 239
Event: 4.895 Thread 0x0000000019553000 Uncommon trap: reason=unstable_if action=reinterpret pc=0x00000000033c52e0 method=java.util.HashMap.hash(Ljava/lang/Object;)I @ 1
Event: 4.979 Thread 0x0000000019553000 Uncommon trap: reason=unstable_if action=reinterpret pc=0x00000000031cfc78 method=java.util.HashMap.getNode(ILjava/lang/Object;)Ljava/util/HashMap$Node; @ 53
Event: 4.979 Thread 0x0000000019553000 Uncommon trap: reason=unstable_if action=reinterpret pc=0x00000000031dac30 method=java.util.HashMap.hash(Ljava/lang/Object;)I @ 1
Event: 4.979 Thread 0x0000000019553000 Uncommon trap: reason=unstable_if action=reinterpret pc=0x000000000339a354 method=java.util.HashMap.putVal(ILjava/lang/Object;Ljava/lang/Object;ZZ)Ljava/lang/Object; @ 85
Event: 5.051 Thread 0x0000000019553000 Uncommon trap: reason=unstable_if action=reinterpret pc=0x000000000321aa30 method=java.util.LinkedHashMap.afterNodeInsertion(Z)V @ 1

Classes redefined (0 events):
No events

Internal exceptions (10 events):
Event: 4.710 Thread 0x0000000019553000 Exception <a 'java/lang/ClassNotFoundException': org/gradle/api/internal/project/AbstractPluginAwareBeanInfo> (0x00000000e16b0cb0) thrown at [D:\src\AOSP-openjdk-cygwin\jdk8u\hotspot\src\share\vm\classfile\systemDictionary.cpp, line 210]
Event: 4.711 Thread 0x0000000019553000 Exception <a 'java/lang/ClassNotFoundException': org/gradle/api/internal/project/AbstractPluginAwareCustomizer> (0x00000000e16de510) thrown at [D:\src\AOSP-openjdk-cygwin\jdk8u\hotspot\src\share\vm\classfile\systemDictionary.cpp, line 210]
Event: 4.713 Thread 0x0000000019553000 Exception <a 'java/lang/ClassNotFoundException': org/gradle/initialization/DefaultSettingsCustomizer> (0x00000000e170e8d8) thrown at [D:\src\AOSP-openjdk-cygwin\jdk8u\hotspot\src\share\vm\classfile\systemDictionary.cpp, line 210]
Event: 4.719 Thread 0x0000000019553000 Exception <a 'java/lang/ClassNotFoundException': org/gradle/initialization/DefaultSettings_DecoratedCustomizer> (0x00000000e177dbf8) thrown at [D:\src\AOSP-openjdk-cygwin\jdk8u\hotspot\src\share\vm\classfile\systemDictionary.cpp, line 210]
Event: 4.776 Thread 0x0000000019970000 Exception <a 'java/lang/NoSuchMethodError': <clinit>> (0x00000000e0c47638) thrown at [D:\src\AOSP-openjdk-cygwin\jdk8u\hotspot\src\share\vm\prims\jni.cpp, line 1613]
Event: 4.778 Thread 0x0000000019970000 Exception <a 'java/lang/NoSuchMethodError': <clinit>> (0x00000000e0c5cbc0) thrown at [D:\src\AOSP-openjdk-cygwin\jdk8u\hotspot\src\share\vm\prims\jni.cpp, line 1613]
Event: 4.778 Thread 0x0000000019970000 Exception <a 'java/lang/NoSuchMethodError': <clinit>> (0x00000000e0c5d8d8) thrown at [D:\src\AOSP-openjdk-cygwin\jdk8u\hotspot\src\share\vm\prims\jni.cpp, line 1613]
Event: 4.778 Thread 0x0000000019970000 Exception <a 'java/lang/NoSuchMethodError': <clinit>> (0x00000000e0c5ee98) thrown at [D:\src\AOSP-openjdk-cygwin\jdk8u\hotspot\src\share\vm\prims\jni.cpp, line 1613]
Event: 4.895 Thread 0x0000000019553000 Implicit null exception at 0x00000000033c50d5 to 0x00000000033c52d1
Event: 4.979 Thread 0x0000000019553000 Implicit null exception at 0x00000000031dab98 to 0x00000000031dac26

Events (10 events):
Event: 5.170 loading class org/gradle/plugins/ide/eclipse/model/AbstractClasspathEntry
Event: 5.170 loading class org/gradle/plugins/ide/eclipse/model/AbstractClasspathEntry done
Event: 5.171 loading class com/google/common/io/ByteStreams
Event: 5.171 loading class com/google/common/io/ByteStreams done
Event: 5.172 loading class com/google/common/io/ByteStreams$1
Event: 5.172 loading class com/google/common/io/ByteStreams$1 done
Event: 5.173 loading class com/google/common/io/ByteStreams$LimitedInputStream
Event: 5.173 loading class com/google/common/io/ByteStreams$LimitedInputStream done
Event: 5.174 loading class com/google/common/io/ByteArrayDataOutput
Event: 5.174 loading class com/google/common/io/ByteArrayDataOutput done


Dynamic libraries:
0x00007ff75a810000 - 0x00007ff75a841000 	M:\A\New folder\jre\bin\java.exe
0x00007ff8c4960000 - 0x00007ff8c4b41000 	C:\WINDOWS\SYSTEM32\ntdll.dll
0x00007ff8c2d00000 - 0x00007ff8c2db2000 	C:\WINDOWS\System32\KERNEL32.DLL
0x00007ff8c0d30000 - 0x00007ff8c0fa3000 	C:\WINDOWS\System32\KERNELBASE.dll
0x00007ff8c4880000 - 0x00007ff8c4921000 	C:\WINDOWS\System32\ADVAPI32.dll
0x00007ff8c27c0000 - 0x00007ff8c285e000 	C:\WINDOWS\System32\msvcrt.dll
0x00007ff8c1df0000 - 0x00007ff8c1e4b000 	C:\WINDOWS\System32\sechost.dll
0x00007ff8c24f0000 - 0x00007ff8c2614000 	C:\WINDOWS\System32\RPCRT4.dll
0x00007ff8c46f0000 - 0x00007ff8c4880000 	C:\WINDOWS\System32\USER32.dll
0x00007ff8c1890000 - 0x00007ff8c18b0000 	C:\WINDOWS\System32\win32u.dll
0x00007ff8c2dc0000 - 0x00007ff8c2de8000 	C:\WINDOWS\System32\GDI32.dll
0x00007ff8c1b00000 - 0x00007ff8c1c92000 	C:\WINDOWS\System32\gdi32full.dll
0x00007ff8c1d50000 - 0x00007ff8c1def000 	C:\WINDOWS\System32\msvcp_win.dll
0x00007ff8c1740000 - 0x00007ff8c183a000 	C:\WINDOWS\System32\ucrtbase.dll
0x00007ff8b1370000 - 0x00007ff8b15d9000 	C:\WINDOWS\WinSxS\amd64_microsoft.windows.common-controls_6595b64144ccf1df_6.0.17134.285_none_fb4297e330656775\COMCTL32.dll
0x00007ff8c29d0000 - 0x00007ff8c2cf3000 	C:\WINDOWS\System32\combase.dll
0x00007ff8c16c0000 - 0x00007ff8c173a000 	C:\WINDOWS\System32\bcryptPrimitives.dll
0x00007ff8c2930000 - 0x00007ff8c295d000 	C:\WINDOWS\System32\IMM32.DLL
0x0000000075800000 - 0x00000000758d2000 	M:\A\New folder\jre\jre\bin\msvcr100.dll
0x0000000076700000 - 0x0000000076f41000 	M:\A\New folder\jre\jre\bin\server\jvm.dll
0x00007ff8c2e70000 - 0x00007ff8c2e78000 	C:\WINDOWS\System32\PSAPI.DLL
0x00007ff8beb10000 - 0x00007ff8beb33000 	C:\WINDOWS\SYSTEM32\WINMM.dll
0x00007ff8b2fb0000 - 0x00007ff8b2fba000 	C:\WINDOWS\SYSTEM32\VERSION.dll
0x00007ff8b8d30000 - 0x00007ff8b8d39000 	C:\WINDOWS\SYSTEM32\WSOCK32.dll
0x00007ff8c2f70000 - 0x00007ff8c2fdc000 	C:\WINDOWS\System32\WS2_32.dll
0x00007ff8bea00000 - 0x00007ff8bea2a000 	C:\WINDOWS\SYSTEM32\winmmbase.dll
0x00007ff8c1840000 - 0x00007ff8c1889000 	C:\WINDOWS\System32\cfgmgr32.dll
0x00007ff8b8d20000 - 0x00007ff8b8d2f000 	M:\A\New folder\jre\jre\bin\verify.dll
0x00007ff8a01c0000 - 0x00007ff8a01e9000 	M:\A\New folder\jre\jre\bin\java.dll
0x00007ff8ae7f0000 - 0x00007ff8ae806000 	M:\A\New folder\jre\jre\bin\zip.dll
0x00007ff8c2fe0000 - 0x00007ff8c4420000 	C:\WINDOWS\System32\SHELL32.dll
0x00007ff8c4640000 - 0x00007ff8c46e9000 	C:\WINDOWS\System32\shcore.dll
0x00007ff8c0fb0000 - 0x00007ff8c16bd000 	C:\WINDOWS\System32\windows.storage.dll
0x00007ff8c45e0000 - 0x00007ff8c4631000 	C:\WINDOWS\System32\shlwapi.dll
0x00007ff8c0cf0000 - 0x00007ff8c0d01000 	C:\WINDOWS\System32\kernel.appcore.dll
0x00007ff8c0c70000 - 0x00007ff8c0c8f000 	C:\WINDOWS\System32\profapi.dll
0x00007ff8c0c90000 - 0x00007ff8c0cdc000 	C:\WINDOWS\System32\powrprof.dll
0x00007ff8c0ce0000 - 0x00007ff8c0cea000 	C:\WINDOWS\System32\FLTLIB.DLL
0x00007ff8aa590000 - 0x00007ff8aa5aa000 	M:\A\New folder\jre\jre\bin\net.dll
0x00007ff8c04f0000 - 0x00007ff8c0556000 	C:\WINDOWS\system32\mswsock.dll
0x00007ff8a9cf0000 - 0x00007ff8a9d01000 	M:\A\New folder\jre\jre\bin\nio.dll
0x00007ff8b5f50000 - 0x00007ff8b5f6e000 	C:\Users\mrunmayee\.gradle\native\25\windows-amd64\native-platform.dll
0x00007ff8b8d10000 - 0x00007ff8b8d1d000 	M:\A\New folder\jre\jre\bin\management.dll
0x00007ff8c06a0000 - 0x00007ff8c06b7000 	C:\WINDOWS\SYSTEM32\CRYPTSP.dll
0x00007ff8c00d0000 - 0x00007ff8c0103000 	C:\WINDOWS\system32\rsaenh.dll
0x00007ff8c07d0000 - 0x00007ff8c07f5000 	C:\WINDOWS\SYSTEM32\bcrypt.dll
0x00007ff8c0ba0000 - 0x00007ff8c0bc8000 	C:\WINDOWS\SYSTEM32\USERENV.dll
0x00007ff8c0710000 - 0x00007ff8c071b000 	C:\WINDOWS\SYSTEM32\CRYPTBASE.dll
0x00007ff8c0270000 - 0x00007ff8c02a8000 	C:\WINDOWS\SYSTEM32\IPHLPAPI.DLL
0x00007ff8c2960000 - 0x00007ff8c2968000 	C:\WINDOWS\System32\NSI.dll
0x00007ff8b95c0000 - 0x00007ff8b95d6000 	C:\WINDOWS\SYSTEM32\dhcpcsvc6.DLL
0x00007ff8b86d0000 - 0x00007ff8b86ea000 	C:\WINDOWS\SYSTEM32\dhcpcsvc.DLL

VM Arguments:
jvm_args: -Xmx1536m -Dfile.encoding=windows-1252 -Duser.country=IN -Duser.language=en -Duser.variant 
java_command: org.gradle.launcher.daemon.bootstrap.GradleDaemon 5.1.1
java_class_path (initial): C:\Users\mrunmayee\.gradle\wrapper\dists\gradle-5.1.1-all\97z1ksx6lirer3kbvdnh7jtjg\gradle-5.1.1\lib\gradle-launcher-5.1.1.jar
Launcher Type: SUN_STANDARD

Environment Variables:
PATH=C:\Program Files (x86)\Common Files\Oracle\Java\javapath;C:\Python27\;C:\Python27\Scripts;C:\WINDOWS\system32;C:\WINDOWS;C:\WINDOWS\System32\Wbem;C:\WINDOWS\System32\WindowsPowerShell\v1.0\M:\python;C:\WINDOWS\System32\WindowsPowerShell\v1.0\;C:\WINDOWS\System32\OpenSSH\;M:\Python2.7;M:\Python2.7\Tools\Scripts;M:\Git\cmd;M:\Git\mingw64\bin;M:\Git\usr\bin;M:\nodejs\;C:\WINDOWS\system32\config\systemprofile\.dnx\bin;C:\Program Files\Microsoft DNX\Dnvm\;C:\Program Files\Microsoft SQL Server\130\Tools\Binn\;C:\Program Files\dotnet\;C:\Program Files\Java\jdk1.8.0_211\bin;C:\Program Files\Java\jre1.8.0_211\bin;C:\Program Files (x86)\Microsoft SQL Server\150\DTS\Binn\;C:\Program Files (x86)\dotnet\;c:\Program Files (x86)\Microsoft SQL Server\100\Tools\Binn\;c:\Program Files\Microsoft SQL Server\100\Tools\Binn\;c:\Program Files\Microsoft SQL Server\100\DTS\Binn\;M:\Scripts\;M:\;C:\Users\mrunmayee\AppData\Local\Microsoft\WindowsApps;M:\PyCharm Community Edition 2018.3.4\bin;;C:\Users\mrunmayee\AppData\Roaming\npm;M:\Microsoft VS Code\bin;
USERNAME=mrunmayee
OS=Windows_NT
PROCESSOR_IDENTIFIER=Intel64 Family 6 Model 58 Stepping 9, GenuineIntel



---------------  S Y S T E M  ---------------

OS: Windows 10.0 , 64 bit Build 17134 (10.0.17134.1)

CPU:total 4 (initial active 4) (2 cores per cpu, 2 threads per core) family 6 model 58 stepping 9, cmov, cx8, fxsr, mmx, sse, sse2, sse3, ssse3, sse4.1, sse4.2, popcnt, avx, aes, clmul, erms, ht, tsc, tscinvbit, tscinv

Memory: 4k page, physical 4083992k(796956k free), swap 16666904k(5788k free)

vm_info: OpenJDK 64-Bit Server VM (25.152-b01) for windows-amd64 JRE (1.8.0_152-release-1343-b01), built by "builder" with MS VC++ 10.0 (VS2010)

time: Mon Jun 17 13:07:36 2019
elapsed time: 5 seconds (0d 0h 0m 5s)

