#
# There is insufficient memory for the Java Runtime Environment to continue.
# Native memory allocation (malloc) failed to allocate 32744 bytes for ChunkPool::allocate
# Possible reasons:
#   The system is out of physical RAM or swap space
#   In 32 bit mode, the process size limit was hit
# Possible solutions:
#   Reduce memory load on the system
#   Increase physical memory or swap space
#   Check if swap backing store is full
#   Use 64 bit Java on a 64 bit OS
#   Decrease Java heap size (-Xmx/-Xms)
#   Decrease number of Java threads
#   Decrease Java thread stack sizes (-Xss)
#   Set larger code cache with -XX:ReservedCodeCacheSize=
# This output file may be truncated or incomplete.
#
#  Out of Memory Error (allocation.cpp:273), pid=12280, tid=0x00000000000008dc
#
# JRE version: OpenJDK Runtime Environment (8.0_152-b01) (build 1.8.0_152-release-1343-b01)
# Java VM: OpenJDK 64-Bit Server VM (25.152-b01 mixed mode windows-amd64 compressed oops)
# Failed to write core dump. Minidumps are not enabled by default on client versions of Windows
#

---------------  T H R E A D  ---------------

Current thread (0x0000000016e7c800):  JavaThread "C2 CompilerThread0" daemon [_thread_in_native, id=2268, stack(0x00000000183d0000,0x00000000184d0000)]

Stack: [0x00000000183d0000,0x00000000184d0000]
[error occurred during error reporting (printing stack bounds), id 0xc0000005]

Native frames: (J=compiled Java code, j=interpreted, Vv=VM code, C=native code)


Current CompileTask:
C2: 398070 7544   !   4       com.sun.org.apache.xerces.internal.impl.XMLDocumentFragmentScannerImpl$FragmentContentDriver::next (2346 bytes)


---------------  P R O C E S S  ---------------

Java Threads: ( => current thread )
  0x000000001c425800 JavaThread "Cache worker for execution history cache (C:\Users\mrunmayee\App1\.gradle\5.1.1\executionHistory)" [_thread_blocked, id=2140, stack(0x0000000022f20000,0x0000000023020000)]
  0x000000001c429800 JavaThread "Execution worker for ':' Thread 3" [_thread_blocked, id=9616, stack(0x0000000022e20000,0x0000000022f20000)]
  0x000000001c41d800 JavaThread "Execution worker for ':' Thread 2" [_thread_in_Java, id=11636, stack(0x0000000022d20000,0x0000000022e20000)]
  0x000000001c424000 JavaThread "Execution worker for ':'" [_thread_blocked, id=11608, stack(0x0000000022c20000,0x0000000022d20000)]
  0x000000001c41c800 JavaThread "Cache worker for file content cache (C:\Users\mrunmayee\App1\.gradle\5.1.1\fileContent)" [_thread_blocked, id=3768, stack(0x0000000022920000,0x0000000022a20000)]
  0x000000001c41f000 JavaThread "Cache worker for file content cache (C:\Users\mrunmayee\.gradle\caches\5.1.1\fileContent)" [_thread_blocked, id=960, stack(0x0000000022820000,0x0000000022920000)]
  0x000000001c423800 JavaThread "Memory manager" [_thread_blocked, id=3828, stack(0x0000000022720000,0x0000000022820000)]
  0x000000001c422000 JavaThread "Cache worker for Build Output Cleanup Cache (C:\Users\mrunmayee\App1\.gradle\buildOutputCleanup)" [_thread_blocked, id=11048, stack(0x000000001f680000,0x000000001f780000)]
  0x000000001c421000 JavaThread "Build operations Thread 4" [_thread_blocked, id=2828, stack(0x000000001f180000,0x000000001f280000)]
  0x000000001c420800 JavaThread "Build operations Thread 3" [_thread_blocked, id=2324, stack(0x000000001f080000,0x000000001f180000)]
  0x000000001c41f800 JavaThread "Build operations Thread 2" [_thread_blocked, id=8060, stack(0x000000001ef80000,0x000000001f080000)]
  0x0000000019df8800 JavaThread "Build operations" [_thread_blocked, id=8816, stack(0x000000001ee80000,0x000000001ef80000)]
  0x0000000019df6000 JavaThread "Cache worker for execution history cache (C:\Users\mrunmayee\.gradle\caches\5.1.1\executionHistory)" [_thread_blocked, id=1904, stack(0x000000001e980000,0x000000001ea80000)]
  0x0000000019df7000 JavaThread "Cache worker for cache directory md-rule (C:\Users\mrunmayee\.gradle\caches\5.1.1\md-rule)" [_thread_blocked, id=4804, stack(0x000000001e880000,0x000000001e980000)]
  0x0000000019df7800 JavaThread "Cache worker for cache directory md-supplier (C:\Users\mrunmayee\.gradle\caches\5.1.1\md-supplier)" [_thread_blocked, id=672, stack(0x000000001e780000,0x000000001e880000)]
  0x0000000019dfa800 JavaThread "Cache worker for file hash cache (C:\Users\mrunmayee\App1\.gradle\5.1.1\fileHashes)" [_thread_blocked, id=10092, stack(0x000000001da80000,0x000000001db80000)]
  0x0000000019cdf800 JavaThread "Cache worker for journal cache (C:\Users\mrunmayee\.gradle\caches\journal-1)" [_thread_blocked, id=5904, stack(0x000000001b7e0000,0x000000001b8e0000)]
  0x0000000019a21000 JavaThread "File lock request listener" [_thread_in_native, id=12468, stack(0x000000001b6e0000,0x000000001b7e0000)]
  0x0000000019d98000 JavaThread "Cache worker for file hash cache (C:\Users\mrunmayee\.gradle\caches\5.1.1\fileHashes)" [_thread_blocked, id=8596, stack(0x000000001b5e0000,0x000000001b6e0000)]
  0x0000000018a7a000 JavaThread "Thread-8" [_thread_blocked, id=5136, stack(0x000000001b4e0000,0x000000001b5e0000)]
  0x00000000188a3000 JavaThread "Asynchronous log dispatcher for DefaultDaemonConnection: socket connection from /127.0.0.1:54109 to /127.0.0.1:54110" [_thread_blocked, id=4408, stack(0x000000001b2e0000,0x000000001b3e0000)]
  0x0000000019cf2000 JavaThread "Daemon worker" [_thread_blocked, id=1180, stack(0x000000001b1e0000,0x000000001b2e0000)]
  0x0000000019cf0000 JavaThread "Cancel handler" [_thread_blocked, id=11988, stack(0x000000001b0e0000,0x000000001b1e0000)]
  0x0000000018913800 JavaThread "Handler for socket connection from /127.0.0.1:54109 to /127.0.0.1:54110" [_thread_in_native, id=12640, stack(0x000000001ade0000,0x000000001aee0000)]
  0x000000001887a000 JavaThread "Daemon" [_thread_blocked, id=10388, stack(0x000000001ace0000,0x000000001ade0000)]
  0x000000001903c800 JavaThread "Daemon periodic checks" [_thread_blocked, id=5212, stack(0x000000001abe0000,0x000000001ace0000)]
  0x00000000199d2000 JavaThread "Incoming local TCP Connector on port 54109" [_thread_in_native, id=12304, stack(0x000000001aae0000,0x000000001abe0000)]
  0x0000000016ede800 JavaThread "Service Thread" daemon [_thread_blocked, id=8800, stack(0x0000000018ad0000,0x0000000018bd0000)]
  0x0000000016e83000 JavaThread "C1 CompilerThread2" daemon [_thread_blocked, id=11148, stack(0x00000000185d0000,0x00000000186d0000)]
  0x0000000016e7f000 JavaThread "C2 CompilerThread1" daemon [_thread_in_native, id=6160, stack(0x00000000184d0000,0x00000000185d0000)]
=>0x0000000016e7c800 JavaThread "C2 CompilerThread0" daemon [_thread_in_native, id=2268, stack(0x00000000183d0000,0x00000000184d0000)]
  0x0000000016e87000 JavaThread "Attach Listener" daemon [_thread_blocked, id=844, stack(0x00000000182d0000,0x00000000183d0000)]
  0x0000000016e86000 JavaThread "Signal Dispatcher" daemon [_thread_blocked, id=10144, stack(0x00000000181d0000,0x00000000182d0000)]
  0x000000000350a000 JavaThread "Finalizer" daemon [_thread_blocked, id=3344, stack(0x00000000180d0000,0x00000000181d0000)]
  0x0000000003501000 JavaThread "Reference Handler" daemon [_thread_blocked, id=10304, stack(0x0000000017fd0000,0x00000000180d0000)]
  0x000000000320d800 JavaThread "main" [_thread_blocked, id=8300, stack(0x0000000003310000,0x0000000003410000)]

Other Threads:
  0x0000000016e46800 VMThread [stack: 0x0000000017ed0000,0x0000000017fd0000] [id=928]
  0x00000000186f8800 WatcherThread [stack: 0x0000000018bd0000,0x0000000018cd0000] [id=11220]

VM state:not at safepoint (normal execution)

VM Mutex/Monitor currently owned by a thread: None

Heap:
 PSYoungGen      total 45568K, used 5641K [0x00000000e0000000, 0x00000000e3180000, 0x0000000100000000)
  eden space 40448K, 7% used [0x00000000e0000000,0x00000000e02e3060,0x00000000e2780000)
  from space 5120K, 52% used [0x00000000e2780000,0x00000000e2a1f500,0x00000000e2c80000)
  to   space 5120K, 0% used [0x00000000e2c80000,0x00000000e2c80000,0x00000000e3180000)
 ParOldGen       total 48128K, used 35505K [0x00000000a0000000, 0x00000000a2f00000, 0x00000000e0000000)
  object space 48128K, 73% used [0x00000000a0000000,0x00000000a22ac458,0x00000000a2f00000)
 Metaspace       used 65032K, capacity 66934K, committed 67288K, reserved 1107968K
  class space    used 8728K, capacity 9166K, committed 9216K, reserved 1048576K

Card table byte_map: [0x00000000128d0000,0x0000000012be0000] byte_map_base: 0x00000000123d0000

Marking Bits: (ParMarkBitMap*) 0x00000000688d5aa0
 Begin Bits: [0x00000000131e0000, 0x00000000149e0000)
 End Bits:   [0x00000000149e0000, 0x00000000161e0000)

Polling page: 0x00000000018b0000

CodeCache: size=245760Kb used=20941Kb max_used=20941Kb free=224818Kb
 bounds [0x0000000003510000, 0x00000000049a0000, 0x0000000012510000]
 total_blobs=7461 nmethods=6632 adapters=742
 compilation: enabled

Compilation events (10 events):
Event: 397.760 Thread 0x0000000016e83000 7551       3       com.sun.org.apache.xerces.internal.impl.dtd.XMLSimpleType::<init> (5 bytes)
Event: 397.761 Thread 0x0000000016e83000 nmethod 7551 0x000000000498de90 code [0x000000000498dfe0, 0x000000000498e190]
Event: 397.761 Thread 0x0000000016e83000 7552       3       com.sun.org.apache.xerces.internal.parsers.XML11Configuration::addCommonComponent (27 bytes)
Event: 397.762 Thread 0x0000000016e83000 nmethod 7552 0x0000000004990f50 code [0x0000000004991120, 0x0000000004991908]
Event: 397.762 Thread 0x0000000016e83000 7554       3       com.sun.org.apache.xerces.internal.dom.DocumentImpl::insertingNode (17 bytes)
Event: 397.762 Thread 0x0000000016e83000 nmethod 7554 0x000000000498da10 code [0x000000000498db80, 0x000000000498de08]
Event: 397.762 Thread 0x0000000016e83000 7555       3       com.sun.org.apache.xerces.internal.dom.DocumentImpl::insertedNode (252 bytes)
Event: 397.766 Thread 0x0000000016e83000 nmethod 7555 0x0000000004991c90 code [0x0000000004991fe0, 0x0000000004993d78]
Event: 397.766 Thread 0x0000000016e83000 7553       3       com.sun.org.apache.xerces.internal.impl.dtd.XMLEntityDecl::<init> (5 bytes)
Event: 397.766 Thread 0x0000000016e83000 nmethod 7553 0x000000000498d650 code [0x000000000498d7a0, 0x000000000498d950]

GC Heap History (10 events):
Event: 361.525 GC heap before
{Heap before GC invocations=42 (full 3):
 PSYoungGen      total 34304K, used 33496K [0x00000000e0000000, 0x00000000e2780000, 0x0000000100000000)
  eden space 30208K, 100% used [0x00000000e0000000,0x00000000e1d80000,0x00000000e1d80000)
  from space 4096K, 80% used [0x00000000e2380000,0x00000000e26b6070,0x00000000e2780000)
  to   space 5120K, 0% used [0x00000000e1d80000,0x00000000e1d80000,0x00000000e2280000)
 ParOldGen       total 48128K, used 26617K [0x00000000a0000000, 0x00000000a2f00000, 0x00000000e0000000)
  object space 48128K, 55% used [0x00000000a0000000,0x00000000a19fe618,0x00000000a2f00000)
 Metaspace       used 61459K, capacity 63188K, committed 63320K, reserved 1103872K
  class space    used 8345K, capacity 8809K, committed 8832K, reserved 1048576K
Event: 361.553 GC heap after
Heap after GC invocations=42 (full 3):
 PSYoungGen      total 35328K, used 3644K [0x00000000e0000000, 0x00000000e2d00000, 0x0000000100000000)
  eden space 30208K, 0% used [0x00000000e0000000,0x00000000e0000000,0x00000000e1d80000)
  from space 5120K, 71% used [0x00000000e1d80000,0x00000000e210f3d8,0x00000000e2280000)
  to   space 5120K, 0% used [0x00000000e2800000,0x00000000e2800000,0x00000000e2d00000)
 ParOldGen       total 48128K, used 28492K [0x00000000a0000000, 0x00000000a2f00000, 0x00000000e0000000)
  object space 48128K, 59% used [0x00000000a0000000,0x00000000a1bd3278,0x00000000a2f00000)
 Metaspace       used 61459K, capacity 63188K, committed 63320K, reserved 1103872K
  class space    used 8345K, capacity 8809K, committed 8832K, reserved 1048576K
}
Event: 369.519 GC heap before
{Heap before GC invocations=43 (full 3):
 PSYoungGen      total 35328K, used 33852K [0x00000000e0000000, 0x00000000e2d00000, 0x0000000100000000)
  eden space 30208K, 100% used [0x00000000e0000000,0x00000000e1d80000,0x00000000e1d80000)
  from space 5120K, 71% used [0x00000000e1d80000,0x00000000e210f3d8,0x00000000e2280000)
  to   space 5120K, 0% used [0x00000000e2800000,0x00000000e2800000,0x00000000e2d00000)
 ParOldGen       total 48128K, used 28492K [0x00000000a0000000, 0x00000000a2f00000, 0x00000000e0000000)
  object space 48128K, 59% used [0x00000000a0000000,0x00000000a1bd3278,0x00000000a2f00000)
 Metaspace       used 63459K, capacity 65240K, committed 65368K, reserved 1105920K
  class space    used 8569K, capacity 9035K, committed 9088K, reserved 1048576K
Event: 369.537 GC heap after
Heap after GC invocations=43 (full 3):
 PSYoungGen      total 39936K, used 3306K [0x00000000e0000000, 0x00000000e2c80000, 0x0000000100000000)
  eden space 35328K, 0% used [0x00000000e0000000,0x00000000e0000000,0x00000000e2280000)
  from space 4608K, 71% used [0x00000000e2800000,0x00000000e2b3a9f0,0x00000000e2c80000)
  to   space 5120K, 0% used [0x00000000e2280000,0x00000000e2280000,0x00000000e2780000)
 ParOldGen       total 48128K, used 30792K [0x00000000a0000000, 0x00000000a2f00000, 0x00000000e0000000)
  object space 48128K, 63% used [0x00000000a0000000,0x00000000a1e12308,0x00000000a2f00000)
 Metaspace       used 63459K, capacity 65240K, committed 65368K, reserved 1105920K
  class space    used 8569K, capacity 9035K, committed 9088K, reserved 1048576K
}
Event: 374.206 GC heap before
{Heap before GC invocations=44 (full 3):
 PSYoungGen      total 39936K, used 38634K [0x00000000e0000000, 0x00000000e2c80000, 0x0000000100000000)
  eden space 35328K, 100% used [0x00000000e0000000,0x00000000e2280000,0x00000000e2280000)
  from space 4608K, 71% used [0x00000000e2800000,0x00000000e2b3a9f0,0x00000000e2c80000)
  to   space 5120K, 0% used [0x00000000e2280000,0x00000000e2280000,0x00000000e2780000)
 ParOldGen       total 48128K, used 30792K [0x00000000a0000000, 0x00000000a2f00000, 0x00000000e0000000)
  object space 48128K, 63% used [0x00000000a0000000,0x00000000a1e12308,0x00000000a2f00000)
 Metaspace       used 64023K, capacity 65968K, committed 66136K, reserved 1105920K
  class space    used 8614K, capacity 9085K, committed 9088K, reserved 1048576K
Event: 374.214 GC heap after
Heap after GC invocations=44 (full 3):
 PSYoungGen      total 40448K, used 2345K [0x00000000e0000000, 0x00000000e3180000, 0x0000000100000000)
  eden space 35328K, 0% used [0x00000000e0000000,0x00000000e0000000,0x00000000e2280000)
  from space 5120K, 45% used [0x00000000e2280000,0x00000000e24ca738,0x00000000e2780000)
  to   space 5120K, 0% used [0x00000000e2c80000,0x00000000e2c80000,0x00000000e3180000)
 ParOldGen       total 48128K, used 33128K [0x00000000a0000000, 0x00000000a2f00000, 0x00000000e0000000)
  object space 48128K, 68% used [0x00000000a0000000,0x00000000a205a3b8,0x00000000a2f00000)
 Metaspace       used 64023K, capacity 65968K, committed 66136K, reserved 1105920K
  class space    used 8614K, capacity 9085K, committed 9088K, reserved 1048576K
}
Event: 375.734 GC heap before
{Heap before GC invocations=45 (full 3):
 PSYoungGen      total 40448K, used 37673K [0x00000000e0000000, 0x00000000e3180000, 0x0000000100000000)
  eden space 35328K, 100% used [0x00000000e0000000,0x00000000e2280000,0x00000000e2280000)
  from space 5120K, 45% used [0x00000000e2280000,0x00000000e24ca738,0x00000000e2780000)
  to   space 5120K, 0% used [0x00000000e2c80000,0x00000000e2c80000,0x00000000e3180000)
 ParOldGen       total 48128K, used 33128K [0x00000000a0000000, 0x00000000a2f00000, 0x00000000e0000000)
  object space 48128K, 68% used [0x00000000a0000000,0x00000000a205a3b8,0x00000000a2f00000)
 Metaspace       used 64076K, capacity 65968K, committed 66136K, reserved 1105920K
  class space    used 8615K, capacity 9085K, committed 9088K, reserved 1048576K
Event: 375.743 GC heap after
Heap after GC invocations=45 (full 3):
 PSYoungGen      total 45568K, used 416K [0x00000000e0000000, 0x00000000e3180000, 0x0000000100000000)
  eden space 40448K, 0% used [0x00000000e0000000,0x00000000e0000000,0x00000000e2780000)
  from space 5120K, 8% used [0x00000000e2c80000,0x00000000e2ce8000,0x00000000e3180000)
  to   space 5120K, 0% used [0x00000000e2780000,0x00000000e2780000,0x00000000e2c80000)
 ParOldGen       total 48128K, used 35193K [0x00000000a0000000, 0x00000000a2f00000, 0x00000000e0000000)
  object space 48128K, 73% used [0x00000000a0000000,0x00000000a225e428,0x00000000a2f00000)
 Metaspace       used 64076K, capacity 65968K, committed 66136K, reserved 1105920K
  class space    used 8615K, capacity 9085K, committed 9088K, reserved 1048576K
}
Event: 397.688 GC heap before
{Heap before GC invocations=46 (full 3):
 PSYoungGen      total 45568K, used 40864K [0x00000000e0000000, 0x00000000e3180000, 0x0000000100000000)
  eden space 40448K, 100% used [0x00000000e0000000,0x00000000e2780000,0x00000000e2780000)
  from space 5120K, 8% used [0x00000000e2c80000,0x00000000e2ce8000,0x00000000e3180000)
  to   space 5120K, 0% used [0x00000000e2780000,0x00000000e2780000,0x00000000e2c80000)
 ParOldGen       total 48128K, used 35193K [0x00000000a0000000, 0x00000000a2f00000, 0x00000000e0000000)
  object space 48128K, 73% used [0x00000000a0000000,0x00000000a225e428,0x00000000a2f00000)
 Metaspace       used 65003K, capacity 66864K, committed 67032K, reserved 1107968K
  class space    used 8727K, capacity 9165K, committed 9216K, reserved 1048576K
Event: 397.699 GC heap after
Heap after GC invocations=46 (full 3):
 PSYoungGen      total 45568K, used 2685K [0x00000000e0000000, 0x00000000e3180000, 0x0000000100000000)
  eden space 40448K, 0% used [0x00000000e0000000,0x00000000e0000000,0x00000000e2780000)
  from space 5120K, 52% used [0x00000000e2780000,0x00000000e2a1f500,0x00000000e2c80000)
  to   space 5120K, 0% used [0x00000000e2c80000,0x00000000e2c80000,0x00000000e3180000)
 ParOldGen       total 48128K, used 35505K [0x00000000a0000000, 0x00000000a2f00000, 0x00000000e0000000)
  object space 48128K, 73% used [0x00000000a0000000,0x00000000a22ac458,0x00000000a2f00000)
 Metaspace       used 65003K, capacity 66864K, committed 67032K, reserved 1107968K
  class space    used 8727K, capacity 9165K, committed 9216K, reserved 1048576K
}

Deoptimization events (10 events):
Event: 393.036 Thread 0x000000001c425800 Uncommon trap: reason=predicate action=maybe_recompile pc=0x0000000003f5e208 method=java.util.Collections.indexedBinarySearch(Ljava/util/List;Ljava/lang/Object;)I @ 16
Event: 393.525 Thread 0x000000001c422000 Uncommon trap: reason=bimorphic action=maybe_recompile pc=0x0000000003a27560 method=java.io.DataOutputStream.writeShort(I)V @ 12
Event: 394.055 Thread 0x000000001c41d800 Uncommon trap: reason=array_check action=maybe_recompile pc=0x0000000003766cb0 method=java.util.AbstractCollection.toArray([Ljava/lang/Object;)[Ljava/lang/Object; @ 119
Event: 394.056 Thread 0x000000001c41d800 Uncommon trap: reason=array_check action=maybe_recompile pc=0x0000000003766cb0 method=java.util.AbstractCollection.toArray([Ljava/lang/Object;)[Ljava/lang/Object; @ 119
Event: 394.118 Thread 0x000000001c41d800 Uncommon trap: reason=array_check action=maybe_recompile pc=0x0000000003766cb0 method=java.util.AbstractCollection.toArray([Ljava/lang/Object;)[Ljava/lang/Object; @ 119
Event: 394.118 Thread 0x000000001c41d800 Uncommon trap: reason=array_check action=maybe_recompile pc=0x0000000003766cb0 method=java.util.AbstractCollection.toArray([Ljava/lang/Object;)[Ljava/lang/Object; @ 119
Event: 396.016 Thread 0x000000001c41d800 Uncommon trap: reason=unstable_if action=reinterpret pc=0x00000000048ec9b0 method=sun.nio.fs.WindowsPathParser.isLetter(C)Z @ 3
Event: 397.646 Thread 0x000000001c41d800 Uncommon trap: reason=unstable_if action=reinterpret pc=0x000000000384cd84 method=sun.nio.cs.UTF_8$Decoder.decode([BII[C)I @ 30
Event: 397.646 Thread 0x000000001c41d800 Uncommon trap: reason=unstable_if action=reinterpret pc=0x0000000003f95414 method=java.lang.StringCoding.safeTrim([CILjava/nio/charset/Charset;Z)[C @ 3
Event: 397.682 Thread 0x000000001c41d800 Uncommon trap: reason=unstable_if action=reinterpret pc=0x0000000003f97f94 method=java.lang.StringCoding.safeTrim([CILjava/nio/charset/Charset;Z)[C @ 3

Classes redefined (0 events):
No events

Internal exceptions (10 events):
Event: 357.601 Thread 0x0000000018a7a000 Exception <a 'java/lang/NoSuchMethodError': <clinit>> (0x00000000e15a1988) thrown at [D:\src\AOSP-openjdk-cygwin\jdk8u\hotspot\src\share\vm\prims\jni.cpp, line 1613]
Event: 357.603 Thread 0x0000000018a7a000 Exception <a 'java/lang/NoSuchMethodError': <clinit>> (0x00000000e15adab0) thrown at [D:\src\AOSP-openjdk-cygwin\jdk8u\hotspot\src\share\vm\prims\jni.cpp, line 1613]
Event: 357.606 Thread 0x0000000018a7a000 Exception <a 'java/lang/NoSuchMethodError': <clinit>> (0x00000000e15ba240) thrown at [D:\src\AOSP-openjdk-cygwin\jdk8u\hotspot\src\share\vm\prims\jni.cpp, line 1613]
Event: 357.735 Thread 0x0000000018a7a000 Exception <a 'java/lang/NoSuchMethodError': <clinit>> (0x00000000e161c648) thrown at [D:\src\AOSP-openjdk-cygwin\jdk8u\hotspot\src\share\vm\prims\jni.cpp, line 1613]
Event: 357.737 Thread 0x0000000018a7a000 Exception <a 'java/lang/NoSuchMethodError': <clinit>> (0x00000000e162dbd0) thrown at [D:\src\AOSP-openjdk-cygwin\jdk8u\hotspot\src\share\vm\prims\jni.cpp, line 1613]
Event: 357.738 Thread 0x0000000018a7a000 Exception <a 'java/lang/NoSuchMethodError': <clinit>> (0x00000000e162f760) thrown at [D:\src\AOSP-openjdk-cygwin\jdk8u\hotspot\src\share\vm\prims\jni.cpp, line 1613]
Event: 360.286 Thread 0x000000001c429800 Implicit null exception at 0x0000000003c4357c to 0x0000000003c45835
Event: 364.782 Thread 0x000000001c429800 Implicit null exception at 0x00000000038241d8 to 0x000000000382430d
Event: 372.892 Thread 0x0000000018a7a000 Exception <a 'java/lang/NoSuchMethodError': <clinit>> (0x00000000e1dc9598) thrown at [D:\src\AOSP-openjdk-cygwin\jdk8u\hotspot\src\share\vm\prims\jni.cpp, line 1613]
Event: 393.027 Thread 0x000000001c424000 Exception <a 'sun/nio/fs/WindowsException'> (0x00000000e1270420) thrown at [D:\src\AOSP-openjdk-cygwin\jdk8u\hotspot\src\share\vm\prims\jni.cpp, line 709]

Events (10 events):
Event: 397.646 Thread 0x000000001c41d800 DEOPT PACKING pc=0x000000000384cd84 sp=0x0000000022e1bdf0
Event: 397.646 Thread 0x000000001c41d800 DEOPT UNPACKING pc=0x000000000355557b sp=0x0000000022e1bd48 mode 2
Event: 397.646 Thread 0x000000001c41d800 Uncommon trap: trap_request=0xffffff65 fr.pc=0x0000000003f95414
Event: 397.646 Thread 0x000000001c41d800 DEOPT PACKING pc=0x0000000003f95414 sp=0x0000000022e1be40
Event: 397.646 Thread 0x000000001c41d800 DEOPT UNPACKING pc=0x000000000355557b sp=0x0000000022e1bc28 mode 2
Event: 397.682 Thread 0x000000001c41d800 Uncommon trap: trap_request=0xffffff65 fr.pc=0x0000000003f97f94
Event: 397.682 Thread 0x000000001c41d800 DEOPT PACKING pc=0x0000000003f97f94 sp=0x0000000022e1bdf0
Event: 397.682 Thread 0x000000001c41d800 DEOPT UNPACKING pc=0x000000000355557b sp=0x0000000022e1bc30 mode 2
Event: 397.688 Executing VM operation: ParallelGCFailedAllocation
Event: 397.699 Executing VM operation: ParallelGCFailedAllocation done


Dynamic libraries:
0x00007ff7939b0000 - 0x00007ff7939e1000 	M:\A\New folder\jre\bin\java.exe
0x00007ffa43d80000 - 0x00007ffa43f61000 	C:\WINDOWS\SYSTEM32\ntdll.dll
0x00007ffa43840000 - 0x00007ffa438f2000 	C:\WINDOWS\System32\KERNEL32.DLL
0x00007ffa40f90000 - 0x00007ffa41203000 	C:\WINDOWS\System32\KERNELBASE.dll
0x00007ffa43070000 - 0x00007ffa43111000 	C:\WINDOWS\System32\ADVAPI32.dll
0x00007ffa42d50000 - 0x00007ffa42dee000 	C:\WINDOWS\System32\msvcrt.dll
0x00007ffa41700000 - 0x00007ffa4175b000 	C:\WINDOWS\System32\sechost.dll
0x00007ffa43600000 - 0x00007ffa43724000 	C:\WINDOWS\System32\RPCRT4.dll
0x00007ffa433c0000 - 0x00007ffa43550000 	C:\WINDOWS\System32\USER32.dll
0x00007ffa40cd0000 - 0x00007ffa40cf0000 	C:\WINDOWS\System32\win32u.dll
0x00007ffa42d20000 - 0x00007ffa42d48000 	C:\WINDOWS\System32\GDI32.dll
0x00007ffa40150000 - 0x00007ffa402e2000 	C:\WINDOWS\System32\gdi32full.dll
0x00007ffa40c30000 - 0x00007ffa40ccf000 	C:\WINDOWS\System32\msvcp_win.dll
0x00007ffa40ae0000 - 0x00007ffa40bda000 	C:\WINDOWS\System32\ucrtbase.dll
0x00007ffa316d0000 - 0x00007ffa31939000 	C:\WINDOWS\WinSxS\amd64_microsoft.windows.common-controls_6595b64144ccf1df_6.0.17134.285_none_fb4297e330656775\COMCTL32.dll
0x00007ffa43a20000 - 0x00007ffa43d43000 	C:\WINDOWS\System32\combase.dll
0x00007ffa40350000 - 0x00007ffa403ca000 	C:\WINDOWS\System32\bcryptPrimitives.dll
0x00007ffa43900000 - 0x00007ffa4392d000 	C:\WINDOWS\System32\IMM32.DLL
0x00000000675e0000 - 0x00000000676b2000 	M:\A\New folder\jre\jre\bin\msvcr100.dll
0x0000000068110000 - 0x0000000068951000 	M:\A\New folder\jre\jre\bin\server\jvm.dll
0x00007ffa43990000 - 0x00007ffa43998000 	C:\WINDOWS\System32\PSAPI.DLL
0x00007ffa2e2f0000 - 0x00007ffa2e2f9000 	C:\WINDOWS\SYSTEM32\WSOCK32.dll
0x00007ffa3df30000 - 0x00007ffa3df53000 	C:\WINDOWS\SYSTEM32\WINMM.dll
0x00007ffa36280000 - 0x00007ffa3628a000 	C:\WINDOWS\SYSTEM32\VERSION.dll
0x00007ffa43120000 - 0x00007ffa4318c000 	C:\WINDOWS\System32\WS2_32.dll
0x00007ffa3dae0000 - 0x00007ffa3db0a000 	C:\WINDOWS\SYSTEM32\winmmbase.dll
0x00007ffa40be0000 - 0x00007ffa40c29000 	C:\WINDOWS\System32\cfgmgr32.dll
0x00007ffa2e280000 - 0x00007ffa2e28f000 	M:\A\New folder\jre\jre\bin\verify.dll
0x00007ffa2de40000 - 0x00007ffa2de69000 	M:\A\New folder\jre\jre\bin\java.dll
0x00007ffa2df60000 - 0x00007ffa2df76000 	M:\A\New folder\jre\jre\bin\zip.dll
0x00007ffa41760000 - 0x00007ffa42ba0000 	C:\WINDOWS\System32\SHELL32.dll
0x00007ffa43550000 - 0x00007ffa435f9000 	C:\WINDOWS\System32\shcore.dll
0x00007ffa403d0000 - 0x00007ffa40add000 	C:\WINDOWS\System32\windows.storage.dll
0x00007ffa43930000 - 0x00007ffa43981000 	C:\WINDOWS\System32\shlwapi.dll
0x00007ffa400f0000 - 0x00007ffa40101000 	C:\WINDOWS\System32\kernel.appcore.dll
0x00007ffa40130000 - 0x00007ffa4014f000 	C:\WINDOWS\System32\profapi.dll
0x00007ffa40090000 - 0x00007ffa400dc000 	C:\WINDOWS\System32\powrprof.dll
0x00007ffa400e0000 - 0x00007ffa400ea000 	C:\WINDOWS\System32\FLTLIB.DLL
0x00007ffa2d3c0000 - 0x00007ffa2d3da000 	M:\A\New folder\jre\jre\bin\net.dll
0x00007ffa3f910000 - 0x00007ffa3f976000 	C:\WINDOWS\system32\mswsock.dll
0x00007ffa2c680000 - 0x00007ffa2c691000 	M:\A\New folder\jre\jre\bin\nio.dll
0x00007ffa2d130000 - 0x00007ffa2d14e000 	C:\Users\mrunmayee\.gradle\native\25\windows-amd64\native-platform.dll
0x00007ffa2e270000 - 0x00007ffa2e27d000 	M:\A\New folder\jre\jre\bin\management.dll
0x00007ffa3fac0000 - 0x00007ffa3fad7000 	C:\WINDOWS\SYSTEM32\CRYPTSP.dll
0x00007ffa3f4f0000 - 0x00007ffa3f523000 	C:\WINDOWS\system32\rsaenh.dll
0x00007ffa3fbf0000 - 0x00007ffa3fc15000 	C:\WINDOWS\SYSTEM32\bcrypt.dll
0x00007ffa3ffc0000 - 0x00007ffa3ffe8000 	C:\WINDOWS\SYSTEM32\USERENV.dll
0x00007ffa3fae0000 - 0x00007ffa3faeb000 	C:\WINDOWS\SYSTEM32\CRYPTBASE.dll
0x00007ffa3f690000 - 0x00007ffa3f6c8000 	C:\WINDOWS\SYSTEM32\IPHLPAPI.DLL
0x00007ffa43a10000 - 0x00007ffa43a18000 	C:\WINDOWS\System32\NSI.dll
0x00007ffa37480000 - 0x00007ffa37496000 	C:\WINDOWS\SYSTEM32\dhcpcsvc6.DLL
0x00007ffa374c0000 - 0x00007ffa374da000 	C:\WINDOWS\SYSTEM32\dhcpcsvc.DLL
0x00007ffa2f420000 - 0x00007ffa2f444000 	M:\A\New folder\jre\jre\bin\sunec.dll
0x00007ffa3f6d0000 - 0x00007ffa3f78e000 	C:\WINDOWS\SYSTEM32\DNSAPI.dll
0x00007ffa36c10000 - 0x00007ffa36c1a000 	C:\Windows\System32\rasadhlp.dll
0x00007ffa36c50000 - 0x00007ffa36cc2000 	C:\WINDOWS\System32\fwpuclnt.dll
0x00007ffa2de30000 - 0x00007ffa2de3b000 	M:\A\New folder\jre\jre\bin\sunmscapi.dll
0x00007ffa40da0000 - 0x00007ffa40f82000 	C:\WINDOWS\System32\CRYPT32.dll
0x00007ffa40110000 - 0x00007ffa40122000 	C:\WINDOWS\System32\MSASN1.dll

VM Arguments:
jvm_args: -Xmx1536m -Dfile.encoding=windows-1252 -Duser.country=IN -Duser.language=en -Duser.variant 
java_command: org.gradle.launcher.daemon.bootstrap.GradleDaemon 5.1.1
java_class_path (initial): C:\Users\mrunmayee\.gradle\wrapper\dists\gradle-5.1.1-all\97z1ksx6lirer3kbvdnh7jtjg\gradle-5.1.1\lib\gradle-launcher-5.1.1.jar
Launcher Type: SUN_STANDARD

Environment Variables:
PATH=C:\Program Files (x86)\Common Files\Oracle\Java\javapath;C:\Python27\;C:\Python27\Scripts;C:\WINDOWS\system32;C:\WINDOWS;C:\WINDOWS\System32\Wbem;C:\WINDOWS\System32\WindowsPowerShell\v1.0\M:\python;C:\WINDOWS\System32\WindowsPowerShell\v1.0\;C:\WINDOWS\System32\OpenSSH\;M:\Python2.7;M:\Python2.7\Tools\Scripts;M:\Git\cmd;M:\Git\mingw64\bin;M:\Git\usr\bin;M:\nodejs\;C:\WINDOWS\system32\config\systemprofile\.dnx\bin;C:\Program Files\Microsoft DNX\Dnvm\;C:\Program Files\Microsoft SQL Server\130\Tools\Binn\;C:\Program Files\dotnet\;C:\Program Files\Java\jdk1.8.0_211\bin;C:\Program Files\Java\jre1.8.0_211\bin;C:\Program Files (x86)\Microsoft SQL Server\150\DTS\Binn\;C:\Program Files (x86)\dotnet\;c:\Program Files (x86)\Microsoft SQL Server\100\Tools\Binn\;c:\Program Files\Microsoft SQL Server\100\Tools\Binn\;c:\Program Files\Microsoft SQL Server\100\DTS\Binn\;M:\Scripts\;M:\;C:\Users\mrunmayee\AppData\Local\Microsoft\WindowsApps;M:\PyCharm Community Edition 2018.3.4\bin;;C:\Users\mrunmayee\AppData\Roaming\npm;M:\Microsoft VS Code\bin;
USERNAME=mrunmayee
OS=Windows_NT
PROCESSOR_IDENTIFIER=Intel64 Family 6 Model 58 Stepping 9, GenuineIntel



---------------  S Y S T E M  ---------------

OS: Windows 10.0 , 64 bit Build 17134 (10.0.17134.1)

CPU:total 4 (initial active 4) (2 cores per cpu, 2 threads per core) family 6 model 58 stepping 9, cmov, cx8, fxsr, mmx, sse, sse2, sse3, ssse3, sse4.1, sse4.2, popcnt, avx, aes, clmul, erms, ht, tsc, tscinvbit, tscinv

Memory: 4k page, physical 4083992k(774068k free), swap 16666904k(3784k free)

vm_info: OpenJDK 64-Bit Server VM (25.152-b01) for windows-amd64 JRE (1.8.0_152-release-1343-b01), built by "builder" with MS VC++ 10.0 (VS2010)

time: Mon Jun 10 12:39:50 2019
elapsed time: 397 seconds (0d 0h 6m 37s)

