#
# There is insufficient memory for the Java Runtime Environment to continue.
# Native memory allocation (malloc) failed to allocate 515056 bytes for Chunk::new
# Possible reasons:
#   The system is out of physical RAM or swap space
#   In 32 bit mode, the process size limit was hit
# Possible solutions:
#   Reduce memory load on the system
#   Increase physical memory or swap space
#   Check if swap backing store is full
#   Use 64 bit Java on a 64 bit OS
#   Decrease Java heap size (-Xmx/-Xms)
#   Decrease number of Java threads
#   Decrease Java thread stack sizes (-Xss)
#   Set larger code cache with -XX:ReservedCodeCacheSize=
# This output file may be truncated or incomplete.
#
#  Out of Memory Error (allocation.cpp:390), pid=5096, tid=0x00000000000030a4
#
# JRE version: OpenJDK Runtime Environment (8.0_152-b01) (build 1.8.0_152-release-1343-b01)
# Java VM: OpenJDK 64-Bit Server VM (25.152-b01 mixed mode windows-amd64 compressed oops)
# Failed to write core dump. Minidumps are not enabled by default on client versions of Windows
#

---------------  T H R E A D  ---------------

Current thread (0x000000001649f000):  JavaThread "C2 CompilerThread0" daemon [_thread_in_native, id=12452, stack(0x0000000017af0000,0x0000000017bf0000)]

Stack: [0x0000000017af0000,0x0000000017bf0000]
[error occurred during error reporting (printing stack bounds), id 0xc0000005]

Native frames: (J=compiled Java code, j=interpreted, Vv=VM code, C=native code)


Current CompileTask:
C2:   3609 1320   !   4       java.lang.ClassLoader::loadClass (122 bytes)


---------------  P R O C E S S  ---------------

Java Threads: ( => current thread )
  0x000000001914e800 JavaThread "Thread-8" [_thread_blocked, id=8096, stack(0x000000001ac40000,0x000000001ad40000)]
  0x0000000019726800 JavaThread "Stdin handler" [_thread_blocked, id=6440, stack(0x000000001ab40000,0x000000001ac40000)]
  0x000000001973e800 JavaThread "Asynchronous log dispatcher for DefaultDaemonConnection: socket connection from /127.0.0.1:54852 to /127.0.0.1:54853" [_thread_blocked, id=6668, stack(0x000000001aa40000,0x000000001ab40000)]
  0x0000000019738800 JavaThread "Daemon worker" [_thread_in_native, id=8484, stack(0x000000001a940000,0x000000001aa40000)]
  0x0000000019738000 JavaThread "Cancel handler" [_thread_blocked, id=3528, stack(0x000000001a840000,0x000000001a940000)]
  0x000000001970a800 JavaThread "Handler for socket connection from /127.0.0.1:54852 to /127.0.0.1:54853" [_thread_in_native, id=5212, stack(0x000000001a540000,0x000000001a640000)]
  0x0000000019707800 JavaThread "Daemon" [_thread_blocked, id=12028, stack(0x000000001a440000,0x000000001a540000)]
  0x00000000192c1000 JavaThread "Daemon periodic checks" [_thread_blocked, id=9816, stack(0x000000001a340000,0x000000001a440000)]
  0x00000000193da000 JavaThread "Incoming local TCP Connector on port 54852" [_thread_in_native, id=8248, stack(0x000000001a100000,0x000000001a200000)]
  0x0000000017e18800 JavaThread "Service Thread" daemon [_thread_blocked, id=11540, stack(0x00000000181f0000,0x00000000182f0000)]
  0x00000000164ca000 JavaThread "C1 CompilerThread2" daemon [_thread_blocked, id=3160, stack(0x0000000017cf0000,0x0000000017df0000)]
  0x00000000164a3000 JavaThread "C2 CompilerThread1" daemon [_thread_blocked, id=8628, stack(0x0000000017bf0000,0x0000000017cf0000)]
=>0x000000001649f000 JavaThread "C2 CompilerThread0" daemon [_thread_in_native, id=12452, stack(0x0000000017af0000,0x0000000017bf0000)]
  0x000000001649c800 JavaThread "Attach Listener" daemon [_thread_blocked, id=956, stack(0x00000000179f0000,0x0000000017af0000)]
  0x000000001649b800 JavaThread "Signal Dispatcher" daemon [_thread_blocked, id=928, stack(0x00000000178f0000,0x00000000179f0000)]
  0x0000000002b2c000 JavaThread "Finalizer" daemon [_thread_blocked, id=13212, stack(0x0000000017700000,0x0000000017800000)]
  0x0000000002b23000 JavaThread "Reference Handler" daemon [_thread_blocked, id=8048, stack(0x0000000017600000,0x0000000017700000)]
  0x000000000295e000 JavaThread "main" [_thread_blocked, id=7516, stack(0x0000000002850000,0x0000000002950000)]

Other Threads:
  0x0000000016466800 VMThread [stack: 0x0000000017500000,0x0000000017600000] [id=9068]
  0x0000000017e19800 WatcherThread [stack: 0x00000000182f0000,0x00000000183f0000] [id=10036]

VM state:not at safepoint (normal execution)

VM Mutex/Monitor currently owned by a thread: None

Heap:
 PSYoungGen      total 18944K, used 16049K [0x00000000e0000000, 0x00000000e1a00000, 0x0000000100000000)
  eden space 16384K, 82% used [0x00000000e0000000,0x00000000e0d30628,0x00000000e1000000)
  from space 2560K, 99% used [0x00000000e1000000,0x00000000e127c010,0x00000000e1280000)
  to   space 5120K, 0% used [0x00000000e1500000,0x00000000e1500000,0x00000000e1a00000)
 ParOldGen       total 44032K, used 4505K [0x00000000a0000000, 0x00000000a2b00000, 0x00000000e0000000)
  object space 44032K, 10% used [0x00000000a0000000,0x00000000a04667a8,0x00000000a2b00000)
 Metaspace       used 12921K, capacity 13218K, committed 13440K, reserved 1060864K
  class space    used 1774K, capacity 1897K, committed 1920K, reserved 1048576K

Card table byte_map: [0x0000000011ef0000,0x0000000012200000] byte_map_base: 0x00000000119f0000

Marking Bits: (ParMarkBitMap*) 0x00000000688d5aa0
 Begin Bits: [0x0000000012800000, 0x0000000014000000)
 End Bits:   [0x0000000014000000, 0x0000000015800000)

Polling page: 0x0000000001070000

CodeCache: size=245760Kb used=4738Kb max_used=4747Kb free=241021Kb
 bounds [0x0000000002b30000, 0x0000000002fe0000, 0x0000000011b30000]
 total_blobs=1703 nmethods=1330 adapters=287
 compilation: enabled

Compilation events (10 events):
Event: 3.574 Thread 0x00000000164ca000 1325       3       java.util.LinkedList::listIterator (15 bytes)
Event: 3.575 Thread 0x00000000164ca000 nmethod 1325 0x0000000002fc3050 code [0x0000000002fc3200, 0x0000000002fc3688]
Event: 3.575 Thread 0x00000000164ca000 1326       3       java.util.AbstractSequentialList::iterator (5 bytes)
Event: 3.575 Thread 0x00000000164ca000 nmethod 1326 0x0000000002fc5910 code [0x0000000002fc5a80, 0x0000000002fc5d68]
Event: 3.577 Thread 0x00000000164ca000 1327       3       java.lang.StringBuilder::<init> (18 bytes)
Event: 3.577 Thread 0x00000000164ca000 nmethod 1327 0x0000000002fc50d0 code [0x0000000002fc5260, 0x0000000002fc5728]
Event: 3.577 Thread 0x00000000164ca000 1329       1       sun.reflect.generics.visitor.Reifier::getFactory (5 bytes)
Event: 3.577 Thread 0x00000000164ca000 nmethod 1329 0x0000000002fc2d90 code [0x0000000002fc2ee0, 0x0000000002fc2ff0]
Event: 3.583 Thread 0x00000000164a3000 1330       4       java.util.HashMap::get (23 bytes)
Event: 3.588 Thread 0x00000000164a3000 nmethod 1330 0x0000000002fc4a90 code [0x0000000002fc4be0, 0x0000000002fc4e58]

GC Heap History (10 events):
Event: 1.064 GC heap before
{Heap before GC invocations=1 (full 0):
 PSYoungGen      total 18944K, used 16384K [0x00000000e0000000, 0x00000000e1500000, 0x0000000100000000)
  eden space 16384K, 100% used [0x00000000e0000000,0x00000000e1000000,0x00000000e1000000)
  from space 2560K, 0% used [0x00000000e1280000,0x00000000e1280000,0x00000000e1500000)
  to   space 2560K, 0% used [0x00000000e1000000,0x00000000e1000000,0x00000000e1280000)
 ParOldGen       total 44032K, used 0K [0x00000000a0000000, 0x00000000a2b00000, 0x00000000e0000000)
  object space 44032K, 0% used [0x00000000a0000000,0x00000000a0000000,0x00000000a2b00000)
 Metaspace       used 6216K, capacity 6306K, committed 6528K, reserved 1056768K
  class space    used 762K, capacity 811K, committed 896K, reserved 1048576K
Event: 1.070 GC heap after
Heap after GC invocations=1 (full 0):
 PSYoungGen      total 18944K, used 2538K [0x00000000e0000000, 0x00000000e1500000, 0x0000000100000000)
  eden space 16384K, 0% used [0x00000000e0000000,0x00000000e0000000,0x00000000e1000000)
  from space 2560K, 99% used [0x00000000e1000000,0x00000000e127a9a0,0x00000000e1280000)
  to   space 2560K, 0% used [0x00000000e1280000,0x00000000e1280000,0x00000000e1500000)
 ParOldGen       total 44032K, used 258K [0x00000000a0000000, 0x00000000a2b00000, 0x00000000e0000000)
  object space 44032K, 0% used [0x00000000a0000000,0x00000000a0040860,0x00000000a2b00000)
 Metaspace       used 6216K, capacity 6306K, committed 6528K, reserved 1056768K
  class space    used 762K, capacity 811K, committed 896K, reserved 1048576K
}
Event: 1.534 GC heap before
{Heap before GC invocations=2 (full 0):
 PSYoungGen      total 18944K, used 18922K [0x00000000e0000000, 0x00000000e1500000, 0x0000000100000000)
  eden space 16384K, 100% used [0x00000000e0000000,0x00000000e1000000,0x00000000e1000000)
  from space 2560K, 99% used [0x00000000e1000000,0x00000000e127a9a0,0x00000000e1280000)
  to   space 2560K, 0% used [0x00000000e1280000,0x00000000e1280000,0x00000000e1500000)
 ParOldGen       total 44032K, used 258K [0x00000000a0000000, 0x00000000a2b00000, 0x00000000e0000000)
  object space 44032K, 0% used [0x00000000a0000000,0x00000000a0040860,0x00000000a2b00000)
 Metaspace       used 6925K, capacity 7106K, committed 7424K, reserved 1056768K
  class space    used 843K, capacity 907K, committed 1024K, reserved 1048576K
Event: 1.538 GC heap after
Heap after GC invocations=2 (full 0):
 PSYoungGen      total 18944K, used 2544K [0x00000000e0000000, 0x00000000e1500000, 0x0000000100000000)
  eden space 16384K, 0% used [0x00000000e0000000,0x00000000e0000000,0x00000000e1000000)
  from space 2560K, 99% used [0x00000000e1280000,0x00000000e14fc010,0x00000000e1500000)
  to   space 2560K, 0% used [0x00000000e1000000,0x00000000e1000000,0x00000000e1280000)
 ParOldGen       total 44032K, used 548K [0x00000000a0000000, 0x00000000a2b00000, 0x00000000e0000000)
  object space 44032K, 1% used [0x00000000a0000000,0x00000000a0089180,0x00000000a2b00000)
 Metaspace       used 6925K, capacity 7106K, committed 7424K, reserved 1056768K
  class space    used 843K, capacity 907K, committed 1024K, reserved 1048576K
}
Event: 1.931 GC heap before
{Heap before GC invocations=3 (full 0):
 PSYoungGen      total 18944K, used 18928K [0x00000000e0000000, 0x00000000e1500000, 0x0000000100000000)
  eden space 16384K, 100% used [0x00000000e0000000,0x00000000e1000000,0x00000000e1000000)
  from space 2560K, 99% used [0x00000000e1280000,0x00000000e14fc010,0x00000000e1500000)
  to   space 2560K, 0% used [0x00000000e1000000,0x00000000e1000000,0x00000000e1280000)
 ParOldGen       total 44032K, used 548K [0x00000000a0000000, 0x00000000a2b00000, 0x00000000e0000000)
  object space 44032K, 1% used [0x00000000a0000000,0x00000000a0089180,0x00000000a2b00000)
 Metaspace       used 7111K, capacity 7386K, committed 7680K, reserved 1056768K
  class space    used 869K, capacity 979K, committed 1024K, reserved 1048576K
Event: 1.935 GC heap after
Heap after GC invocations=3 (full 0):
 PSYoungGen      total 18944K, used 2537K [0x00000000e0000000, 0x00000000e1500000, 0x0000000100000000)
  eden space 16384K, 0% used [0x00000000e0000000,0x00000000e0000000,0x00000000e1000000)
  from space 2560K, 99% used [0x00000000e1000000,0x00000000e127a470,0x00000000e1280000)
  to   space 2560K, 0% used [0x00000000e1280000,0x00000000e1280000,0x00000000e1500000)
 ParOldGen       total 44032K, used 934K [0x00000000a0000000, 0x00000000a2b00000, 0x00000000e0000000)
  object space 44032K, 2% used [0x00000000a0000000,0x00000000a00e99d8,0x00000000a2b00000)
 Metaspace       used 7111K, capacity 7386K, committed 7680K, reserved 1056768K
  class space    used 869K, capacity 979K, committed 1024K, reserved 1048576K
}
Event: 2.374 GC heap before
{Heap before GC invocations=4 (full 0):
 PSYoungGen      total 18944K, used 18921K [0x00000000e0000000, 0x00000000e1500000, 0x0000000100000000)
  eden space 16384K, 100% used [0x00000000e0000000,0x00000000e1000000,0x00000000e1000000)
  from space 2560K, 99% used [0x00000000e1000000,0x00000000e127a470,0x00000000e1280000)
  to   space 2560K, 0% used [0x00000000e1280000,0x00000000e1280000,0x00000000e1500000)
 ParOldGen       total 44032K, used 934K [0x00000000a0000000, 0x00000000a2b00000, 0x00000000e0000000)
  object space 44032K, 2% used [0x00000000a0000000,0x00000000a00e99d8,0x00000000a2b00000)
 Metaspace       used 8748K, capacity 8982K, committed 9216K, reserved 1056768K
  class space    used 1134K, capacity 1201K, committed 1280K, reserved 1048576K
Event: 2.379 GC heap after
Heap after GC invocations=4 (full 0):
 PSYoungGen      total 18944K, used 2528K [0x00000000e0000000, 0x00000000e1500000, 0x0000000100000000)
  eden space 16384K, 0% used [0x00000000e0000000,0x00000000e0000000,0x00000000e1000000)
  from space 2560K, 98% used [0x00000000e1280000,0x00000000e14f8020,0x00000000e1500000)
  to   space 2560K, 0% used [0x00000000e1000000,0x00000000e1000000,0x00000000e1280000)
 ParOldGen       total 44032K, used 2271K [0x00000000a0000000, 0x00000000a2b00000, 0x00000000e0000000)
  object space 44032K, 5% used [0x00000000a0000000,0x00000000a0237d28,0x00000000a2b00000)
 Metaspace       used 8748K, capacity 8982K, committed 9216K, reserved 1056768K
  class space    used 1134K, capacity 1201K, committed 1280K, reserved 1048576K
}
Event: 3.488 GC heap before
{Heap before GC invocations=5 (full 0):
 PSYoungGen      total 18944K, used 18912K [0x00000000e0000000, 0x00000000e1500000, 0x0000000100000000)
  eden space 16384K, 100% used [0x00000000e0000000,0x00000000e1000000,0x00000000e1000000)
  from space 2560K, 98% used [0x00000000e1280000,0x00000000e14f8020,0x00000000e1500000)
  to   space 2560K, 0% used [0x00000000e1000000,0x00000000e1000000,0x00000000e1280000)
 ParOldGen       total 44032K, used 2271K [0x00000000a0000000, 0x00000000a2b00000, 0x00000000e0000000)
  object space 44032K, 5% used [0x00000000a0000000,0x00000000a0237d28,0x00000000a2b00000)
 Metaspace       used 12046K, capacity 12352K, committed 12544K, reserved 1060864K
  class space    used 1611K, capacity 1736K, committed 1792K, reserved 1048576K
Event: 3.496 GC heap after
Heap after GC invocations=5 (full 0):
 PSYoungGen      total 18944K, used 2544K [0x00000000e0000000, 0x00000000e1a00000, 0x0000000100000000)
  eden space 16384K, 0% used [0x00000000e0000000,0x00000000e0000000,0x00000000e1000000)
  from space 2560K, 99% used [0x00000000e1000000,0x00000000e127c010,0x00000000e1280000)
  to   space 5120K, 0% used [0x00000000e1500000,0x00000000e1500000,0x00000000e1a00000)
 ParOldGen       total 44032K, used 4505K [0x00000000a0000000, 0x00000000a2b00000, 0x00000000e0000000)
  object space 44032K, 10% used [0x00000000a0000000,0x00000000a04667a8,0x00000000a2b00000)
 Metaspace       used 12046K, capacity 12352K, committed 12544K, reserved 1060864K
  class space    used 1611K, capacity 1736K, committed 1792K, reserved 1048576K
}

Deoptimization events (10 events):
Event: 1.887 Thread 0x000000000295e000 Uncommon trap: reason=null_assert action=make_not_entrant pc=0x0000000002da0cbc method=java.util.zip.ZipEntry.<init>(Ljava/util/zip/ZipEntry;)V @ 70
Event: 2.010 Thread 0x000000000295e000 Uncommon trap: reason=class_check action=maybe_recompile pc=0x0000000002dfd4d8 method=java.util.regex.Matcher.match(II)Z @ 86
Event: 2.415 Thread 0x000000000295e000 Uncommon trap: reason=unstable_if action=reinterpret pc=0x0000000002db7734 method=java.util.HashMap.getNode(ILjava/lang/Object;)Ljava/util/HashMap$Node; @ 129
Event: 2.415 Thread 0x000000000295e000 Uncommon trap: reason=bimorphic action=maybe_recompile pc=0x0000000002dc0ee8 method=java.util.HashMap.putVal(ILjava/lang/Object;Ljava/lang/Object;ZZ)Ljava/lang/Object; @ 203
Event: 2.743 Thread 0x000000000295e000 Uncommon trap: reason=unstable_if action=reinterpret pc=0x0000000002dec6cc method=java.io.WinNTFileSystem.normalize(Ljava/lang/String;)Ljava/lang/String; @ 128
Event: 2.743 Thread 0x000000000295e000 Uncommon trap: reason=unstable_if action=reinterpret pc=0x0000000002e6f620 method=java.io.WinNTFileSystem.normalize(Ljava/lang/String;II)Ljava/lang/String; @ 90
Event: 3.351 Thread 0x000000001970a800 Uncommon trap: reason=unstable_if action=reinterpret pc=0x0000000002ef722c method=java.util.concurrent.ConcurrentHashMap.putVal(Ljava/lang/Object;Ljava/lang/Object;Z)Ljava/lang/Object; @ 206
Event: 3.430 Thread 0x0000000019738800 Uncommon trap: reason=bimorphic action=maybe_recompile pc=0x0000000002dc0058 method=java.util.HashMap.putVal(ILjava/lang/Object;Ljava/lang/Object;ZZ)Ljava/lang/Object; @ 253
Event: 3.430 Thread 0x0000000019738800 Uncommon trap: reason=bimorphic action=maybe_recompile pc=0x0000000002dc0058 method=java.util.HashMap.putVal(ILjava/lang/Object;Ljava/lang/Object;ZZ)Ljava/lang/Object; @ 253
Event: 3.430 Thread 0x0000000019738800 Uncommon trap: reason=bimorphic action=maybe_recompile pc=0x0000000002dc0058 method=java.util.HashMap.putVal(ILjava/lang/Object;Ljava/lang/Object;ZZ)Ljava/lang/Object; @ 253

Classes redefined (0 events):
No events

Internal exceptions (10 events):
Event: 3.354 Thread 0x000000001970a800 Exception <a 'java/lang/NoSuchMethodError': <clinit>> (0x00000000e09e5bd8) thrown at [D:\src\AOSP-openjdk-cygwin\jdk8u\hotspot\src\share\vm\prims\jni.cpp, line 1613]
Event: 3.356 Thread 0x000000001970a800 Exception <a 'java/lang/NoSuchMethodError': <clinit>> (0x00000000e09fa8e8) thrown at [D:\src\AOSP-openjdk-cygwin\jdk8u\hotspot\src\share\vm\prims\jni.cpp, line 1613]
Event: 3.360 Thread 0x000000001970a800 Exception <a 'java/lang/NoSuchMethodError': <clinit>> (0x00000000e0a0dae8) thrown at [D:\src\AOSP-openjdk-cygwin\jdk8u\hotspot\src\share\vm\prims\jni.cpp, line 1613]
Event: 3.365 Thread 0x000000001970a800 Exception <a 'java/lang/NoSuchMethodError': <clinit>> (0x00000000e0a34920) thrown at [D:\src\AOSP-openjdk-cygwin\jdk8u\hotspot\src\share\vm\prims\jni.cpp, line 1613]
Event: 3.369 Thread 0x000000001970a800 Exception <a 'java/lang/NoSuchMethodError': <clinit>> (0x00000000e0a4c548) thrown at [D:\src\AOSP-openjdk-cygwin\jdk8u\hotspot\src\share\vm\prims\jni.cpp, line 1613]
Event: 3.371 Thread 0x000000001970a800 Exception <a 'java/lang/NoSuchMethodError': <clinit>> (0x00000000e0a55010) thrown at [D:\src\AOSP-openjdk-cygwin\jdk8u\hotspot\src\share\vm\prims\jni.cpp, line 1613]
Event: 3.374 Thread 0x000000001970a800 Exception <a 'java/lang/NoSuchMethodError': <clinit>> (0x00000000e0a6b208) thrown at [D:\src\AOSP-openjdk-cygwin\jdk8u\hotspot\src\share\vm\prims\jni.cpp, line 1613]
Event: 3.384 Thread 0x000000001970a800 Exception <a 'java/lang/NoSuchMethodError': <clinit>> (0x00000000e0aca0c8) thrown at [D:\src\AOSP-openjdk-cygwin\jdk8u\hotspot\src\share\vm\prims\jni.cpp, line 1613]
Event: 3.390 Thread 0x000000001970a800 Exception <a 'java/lang/NoSuchMethodError': <clinit>> (0x00000000e0af6610) thrown at [D:\src\AOSP-openjdk-cygwin\jdk8u\hotspot\src\share\vm\prims\jni.cpp, line 1613]
Event: 3.396 Thread 0x000000001970a800 Exception <a 'java/lang/NoSuchMethodError': <clinit>> (0x00000000e0b12a68) thrown at [D:\src\AOSP-openjdk-cygwin\jdk8u\hotspot\src\share\vm\prims\jni.cpp, line 1613]

Events (10 events):
Event: 3.595 loading class com/google/common/cache/CacheLoader$InvalidCacheLoadException
Event: 3.595 loading class com/google/common/cache/CacheLoader$InvalidCacheLoadException done
Event: 3.595 loading class com/google/common/cache/ReferenceEntry
Event: 3.595 loading class com/google/common/cache/ReferenceEntry done
Event: 3.595 loading class com/google/common/util/concurrent/UncheckedExecutionException
Event: 3.595 loading class com/google/common/util/concurrent/UncheckedExecutionException done
Event: 3.596 loading class com/google/common/util/concurrent/ExecutionError
Event: 3.596 loading class com/google/common/util/concurrent/ExecutionError done
Event: 3.596 loading class com/google/common/cache/LocalCache$1
Event: 3.596 loading class com/google/common/cache/LocalCache$1 done


Dynamic libraries:
0x00007ff7d9f00000 - 0x00007ff7d9f31000 	M:\A\New folder\jre\bin\java.exe
0x00007ffa43d80000 - 0x00007ffa43f61000 	C:\WINDOWS\SYSTEM32\ntdll.dll
0x00007ffa43840000 - 0x00007ffa438f2000 	C:\WINDOWS\System32\KERNEL32.DLL
0x00007ffa40f90000 - 0x00007ffa41203000 	C:\WINDOWS\System32\KERNELBASE.dll
0x00007ffa43070000 - 0x00007ffa43111000 	C:\WINDOWS\System32\ADVAPI32.dll
0x00007ffa42d50000 - 0x00007ffa42dee000 	C:\WINDOWS\System32\msvcrt.dll
0x00007ffa41700000 - 0x00007ffa4175b000 	C:\WINDOWS\System32\sechost.dll
0x00007ffa43600000 - 0x00007ffa43724000 	C:\WINDOWS\System32\RPCRT4.dll
0x00007ffa433c0000 - 0x00007ffa43550000 	C:\WINDOWS\System32\USER32.dll
0x00007ffa40cd0000 - 0x00007ffa40cf0000 	C:\WINDOWS\System32\win32u.dll
0x00007ffa42d20000 - 0x00007ffa42d48000 	C:\WINDOWS\System32\GDI32.dll
0x00007ffa40150000 - 0x00007ffa402e2000 	C:\WINDOWS\System32\gdi32full.dll
0x00007ffa40c30000 - 0x00007ffa40ccf000 	C:\WINDOWS\System32\msvcp_win.dll
0x00007ffa40ae0000 - 0x00007ffa40bda000 	C:\WINDOWS\System32\ucrtbase.dll
0x00007ffa316d0000 - 0x00007ffa31939000 	C:\WINDOWS\WinSxS\amd64_microsoft.windows.common-controls_6595b64144ccf1df_6.0.17134.285_none_fb4297e330656775\COMCTL32.dll
0x00007ffa43a20000 - 0x00007ffa43d43000 	C:\WINDOWS\System32\combase.dll
0x00007ffa40350000 - 0x00007ffa403ca000 	C:\WINDOWS\System32\bcryptPrimitives.dll
0x00007ffa43900000 - 0x00007ffa4392d000 	C:\WINDOWS\System32\IMM32.DLL
0x00000000675e0000 - 0x00000000676b2000 	M:\A\New folder\jre\jre\bin\msvcr100.dll
0x0000000068110000 - 0x0000000068951000 	M:\A\New folder\jre\jre\bin\server\jvm.dll
0x00007ffa43990000 - 0x00007ffa43998000 	C:\WINDOWS\System32\PSAPI.DLL
0x00007ffa2e2f0000 - 0x00007ffa2e2f9000 	C:\WINDOWS\SYSTEM32\WSOCK32.dll
0x00007ffa3df30000 - 0x00007ffa3df53000 	C:\WINDOWS\SYSTEM32\WINMM.dll
0x00007ffa43120000 - 0x00007ffa4318c000 	C:\WINDOWS\System32\WS2_32.dll
0x00007ffa36280000 - 0x00007ffa3628a000 	C:\WINDOWS\SYSTEM32\VERSION.dll
0x00007ffa3dae0000 - 0x00007ffa3db0a000 	C:\WINDOWS\SYSTEM32\WINMMBASE.dll
0x00007ffa40be0000 - 0x00007ffa40c29000 	C:\WINDOWS\System32\cfgmgr32.dll
0x00007ffa3be30000 - 0x00007ffa3be3f000 	M:\A\New folder\jre\jre\bin\verify.dll
0x00007ffa2f420000 - 0x00007ffa2f449000 	M:\A\New folder\jre\jre\bin\java.dll
0x00007ffa2e270000 - 0x00007ffa2e286000 	M:\A\New folder\jre\jre\bin\zip.dll
0x00007ffa41760000 - 0x00007ffa42ba0000 	C:\WINDOWS\System32\SHELL32.dll
0x00007ffa43550000 - 0x00007ffa435f9000 	C:\WINDOWS\System32\shcore.dll
0x00007ffa403d0000 - 0x00007ffa40add000 	C:\WINDOWS\System32\windows.storage.dll
0x00007ffa43930000 - 0x00007ffa43981000 	C:\WINDOWS\System32\shlwapi.dll
0x00007ffa400f0000 - 0x00007ffa40101000 	C:\WINDOWS\System32\kernel.appcore.dll
0x00007ffa40130000 - 0x00007ffa4014f000 	C:\WINDOWS\System32\profapi.dll
0x00007ffa40090000 - 0x00007ffa400dc000 	C:\WINDOWS\System32\powrprof.dll
0x00007ffa400e0000 - 0x00007ffa400ea000 	C:\WINDOWS\System32\FLTLIB.DLL
0x00007ffa2de50000 - 0x00007ffa2de6a000 	M:\A\New folder\jre\jre\bin\net.dll
0x00007ffa3f910000 - 0x00007ffa3f976000 	C:\WINDOWS\system32\mswsock.dll
0x00007ffa2de30000 - 0x00007ffa2de41000 	M:\A\New folder\jre\jre\bin\nio.dll
0x00007ffa3bdf0000 - 0x00007ffa3be0e000 	C:\Users\mrunmayee\.gradle\native\25\windows-amd64\native-platform.dll
0x00007ffa37ff0000 - 0x00007ffa37ffd000 	M:\A\New folder\jre\jre\bin\management.dll
0x00007ffa3fac0000 - 0x00007ffa3fad7000 	C:\WINDOWS\SYSTEM32\CRYPTSP.dll
0x00007ffa3f4f0000 - 0x00007ffa3f523000 	C:\WINDOWS\system32\rsaenh.dll
0x00007ffa3fbf0000 - 0x00007ffa3fc15000 	C:\WINDOWS\SYSTEM32\bcrypt.dll
0x00007ffa3ffc0000 - 0x00007ffa3ffe8000 	C:\WINDOWS\SYSTEM32\USERENV.dll
0x00007ffa3fae0000 - 0x00007ffa3faeb000 	C:\WINDOWS\SYSTEM32\CRYPTBASE.dll
0x00007ffa3f690000 - 0x00007ffa3f6c8000 	C:\WINDOWS\SYSTEM32\IPHLPAPI.DLL
0x00007ffa43a10000 - 0x00007ffa43a18000 	C:\WINDOWS\System32\NSI.dll
0x00007ffa37480000 - 0x00007ffa37496000 	C:\WINDOWS\SYSTEM32\dhcpcsvc6.DLL
0x00007ffa374c0000 - 0x00007ffa374da000 	C:\WINDOWS\SYSTEM32\dhcpcsvc.DLL

VM Arguments:
jvm_args: -Xmx1536m -Dfile.encoding=windows-1252 -Duser.country=IN -Duser.language=en -Duser.variant 
java_command: org.gradle.launcher.daemon.bootstrap.GradleDaemon 5.1.1
java_class_path (initial): C:\Users\mrunmayee\.gradle\wrapper\dists\gradle-5.1.1-all\97z1ksx6lirer3kbvdnh7jtjg\gradle-5.1.1\lib\gradle-launcher-5.1.1.jar
Launcher Type: SUN_STANDARD

Environment Variables:
PATH=C:\Program Files (x86)\Common Files\Oracle\Java\javapath;C:\Python27\;C:\Python27\Scripts;C:\WINDOWS\system32;C:\WINDOWS;C:\WINDOWS\System32\Wbem;C:\WINDOWS\System32\WindowsPowerShell\v1.0\M:\python;C:\WINDOWS\System32\WindowsPowerShell\v1.0\;C:\WINDOWS\System32\OpenSSH\;M:\Python2.7;M:\Python2.7\Tools\Scripts;M:\Git\cmd;M:\Git\mingw64\bin;M:\Git\usr\bin;M:\nodejs\;C:\WINDOWS\system32\config\systemprofile\.dnx\bin;C:\Program Files\Microsoft DNX\Dnvm\;C:\Program Files\Microsoft SQL Server\130\Tools\Binn\;C:\Program Files\dotnet\;C:\Program Files\Java\jdk1.8.0_211\bin;C:\Program Files\Java\jre1.8.0_211\bin;C:\Program Files (x86)\Microsoft SQL Server\150\DTS\Binn\;C:\Program Files (x86)\dotnet\;c:\Program Files (x86)\Microsoft SQL Server\100\Tools\Binn\;c:\Program Files\Microsoft SQL Server\100\Tools\Binn\;c:\Program Files\Microsoft SQL Server\100\DTS\Binn\;M:\Scripts\;M:\;C:\Users\mrunmayee\AppData\Local\Microsoft\WindowsApps;M:\PyCharm Community Edition 2018.3.4\bin;;C:\Users\mrunmayee\AppData\Roaming\npm;M:\Microsoft VS Code\bin;
USERNAME=mrunmayee
OS=Windows_NT
PROCESSOR_IDENTIFIER=Intel64 Family 6 Model 58 Stepping 9, GenuineIntel



---------------  S Y S T E M  ---------------

OS: Windows 10.0 , 64 bit Build 17134 (10.0.17134.1)

CPU:total 4 (initial active 4) (2 cores per cpu, 2 threads per core) family 6 model 58 stepping 9, cmov, cx8, fxsr, mmx, sse, sse2, sse3, ssse3, sse4.1, sse4.2, popcnt, avx, aes, clmul, erms, ht, tsc, tscinvbit, tscinv

Memory: 4k page, physical 4083992k(751136k free), swap 16666904k(4384k free)

vm_info: OpenJDK 64-Bit Server VM (25.152-b01) for windows-amd64 JRE (1.8.0_152-release-1343-b01), built by "builder" with MS VC++ 10.0 (VS2010)

time: Mon Jun 10 13:54:54 2019
elapsed time: 3 seconds (0d 0h 0m 3s)

