#
# There is insufficient memory for the Java Runtime Environment to continue.
# Native memory allocation (malloc) failed to allocate 32744 bytes for ChunkPool::allocate
# Possible reasons:
#   The system is out of physical RAM or swap space
#   In 32 bit mode, the process size limit was hit
# Possible solutions:
#   Reduce memory load on the system
#   Increase physical memory or swap space
#   Check if swap backing store is full
#   Use 64 bit Java on a 64 bit OS
#   Decrease Java heap size (-Xmx/-Xms)
#   Decrease number of Java threads
#   Decrease Java thread stack sizes (-Xss)
#   Set larger code cache with -XX:ReservedCodeCacheSize=
# This output file may be truncated or incomplete.
#
#  Out of Memory Error (allocation.cpp:273), pid=5720, tid=0x0000000000002c5c
#
# JRE version: OpenJDK Runtime Environment (8.0_152-b01) (build 1.8.0_152-release-1343-b01)
# Java VM: OpenJDK 64-Bit Server VM (25.152-b01 mixed mode windows-amd64 compressed oops)
# Failed to write core dump. Minidumps are not enabled by default on client versions of Windows
#

---------------  T H R E A D  ---------------

Current thread (0x0000000016c72000):  JavaThread "C2 CompilerThread1" daemon [_thread_in_native, id=11356, stack(0x00000000183c0000,0x00000000184c0000)]

Stack: [0x00000000183c0000,0x00000000184c0000]
[error occurred during error reporting (printing stack bounds), id 0xc0000005]

Native frames: (J=compiled Java code, j=interpreted, Vv=VM code, C=native code)


Current CompileTask:
C2:   3433 1399       4       java.net.URLClassLoader$1::run (5 bytes)


---------------  P R O C E S S  ---------------

Java Threads: ( => current thread )
  0x0000000019daf800 JavaThread "Cache worker for journal cache (C:\Users\mrunmayee\.gradle\caches\journal-1)" [_thread_blocked, id=12380, stack(0x000000001b710000,0x000000001b810000)]
  0x0000000019dbe800 JavaThread "File lock request listener" [_thread_in_native, id=5228, stack(0x000000001b610000,0x000000001b710000)]
  0x0000000019db7800 JavaThread "Cache worker for file hash cache (C:\Users\mrunmayee\.gradle\caches\5.1.1\fileHashes)" [_thread_blocked, id=10788, stack(0x000000001b510000,0x000000001b610000)]
  0x0000000019cfb800 JavaThread "Thread-8" [_thread_blocked, id=13148, stack(0x000000001b410000,0x000000001b510000)]
  0x0000000019d0b800 JavaThread "Stdin handler" [_thread_blocked, id=7324, stack(0x000000001b310000,0x000000001b410000)]
  0x0000000019d0a800 JavaThread "Asynchronous log dispatcher for DefaultDaemonConnection: socket connection from /127.0.0.1:54846 to /127.0.0.1:54847" [_thread_blocked, id=8272, stack(0x000000001b210000,0x000000001b310000)]
  0x0000000019cf8000 JavaThread "Daemon worker" [_thread_in_native, id=6840, stack(0x000000001b110000,0x000000001b210000)]
  0x0000000019cf5800 JavaThread "Cancel handler" [_thread_blocked, id=10120, stack(0x000000001b010000,0x000000001b110000)]
  0x0000000019c39800 JavaThread "Handler for socket connection from /127.0.0.1:54846 to /127.0.0.1:54847" [_thread_in_native, id=11880, stack(0x000000001ad10000,0x000000001ae10000)]
  0x0000000019c36000 JavaThread "Daemon periodic checks" [_thread_blocked, id=9016, stack(0x000000001ac10000,0x000000001ad10000)]
  0x0000000019c35800 JavaThread "Daemon" [_thread_blocked, id=12332, stack(0x000000001ab10000,0x000000001ac10000)]
  0x0000000019b54800 JavaThread "Incoming local TCP Connector on port 54846" [_thread_in_native, id=12652, stack(0x000000001a8d0000,0x000000001a9d0000)]
  0x00000000185e8800 JavaThread "Service Thread" daemon [_thread_blocked, id=12640, stack(0x00000000189c0000,0x0000000018ac0000)]
  0x0000000016c75800 JavaThread "C1 CompilerThread2" daemon [_thread_blocked, id=1180, stack(0x00000000184c0000,0x00000000185c0000)]
=>0x0000000016c72000 JavaThread "C2 CompilerThread1" daemon [_thread_in_native, id=11356, stack(0x00000000183c0000,0x00000000184c0000)]
  0x0000000016c6f000 JavaThread "C2 CompilerThread0" daemon [_thread_blocked, id=1076, stack(0x00000000182c0000,0x00000000183c0000)]
  0x0000000016c6c800 JavaThread "Attach Listener" daemon [_thread_blocked, id=7340, stack(0x00000000181c0000,0x00000000182c0000)]
  0x0000000016c6b000 JavaThread "Signal Dispatcher" daemon [_thread_blocked, id=6124, stack(0x00000000180c0000,0x00000000181c0000)]
  0x00000000032fe000 JavaThread "Finalizer" daemon [_thread_blocked, id=10348, stack(0x0000000017ed0000,0x0000000017fd0000)]
  0x00000000032f3000 JavaThread "Reference Handler" daemon [_thread_blocked, id=6948, stack(0x0000000017dd0000,0x0000000017ed0000)]
  0x00000000030ee000 JavaThread "main" [_thread_blocked, id=11624, stack(0x0000000003100000,0x0000000003200000)]

Other Threads:
  0x0000000016c36800 VMThread [stack: 0x0000000017cd0000,0x0000000017dd0000] [id=12780]
  0x00000000185ed000 WatcherThread [stack: 0x0000000018ac0000,0x0000000018bc0000] [id=3624]

VM state:not at safepoint (normal execution)

VM Mutex/Monitor currently owned by a thread: None

Heap:
 PSYoungGen      total 21504K, used 14235K [0x00000000e0000000, 0x00000000e1a00000, 0x0000000100000000)
  eden space 16384K, 61% used [0x00000000e0000000,0x00000000e09c3c70,0x00000000e1000000)
  from space 5120K, 82% used [0x00000000e1500000,0x00000000e1922f98,0x00000000e1a00000)
  to   space 2560K, 0% used [0x00000000e1000000,0x00000000e1000000,0x00000000e1280000)
 ParOldGen       total 44032K, used 4479K [0x00000000a0000000, 0x00000000a2b00000, 0x00000000e0000000)
  object space 44032K, 10% used [0x00000000a0000000,0x00000000a045fe58,0x00000000a2b00000)
 Metaspace       used 14296K, capacity 14610K, committed 14720K, reserved 1062912K
  class space    used 1996K, capacity 2127K, committed 2176K, reserved 1048576K

Card table byte_map: [0x00000000126c0000,0x00000000129d0000] byte_map_base: 0x00000000121c0000

Marking Bits: (ParMarkBitMap*) 0x00000000688d5aa0
 Begin Bits: [0x0000000012fd0000, 0x00000000147d0000)
 End Bits:   [0x00000000147d0000, 0x0000000015fd0000)

Polling page: 0x0000000003010000

CodeCache: size=245760Kb used=4998Kb max_used=4998Kb free=240761Kb
 bounds [0x0000000003300000, 0x00000000037f0000, 0x0000000012300000]
 total_blobs=1780 nmethods=1402 adapters=292
 compilation: enabled

Compilation events (10 events):
Event: 3.346 Thread 0x0000000016c75800 1394       3       org.gradle.internal.reflect.JavaMethod::<init> (20 bytes)
Event: 3.346 Thread 0x0000000016c75800 nmethod 1394 0x00000000037de610 code [0x00000000037de7a0, 0x00000000037dec18]
Event: 3.346 Thread 0x0000000016c75800 1395       3       org.gradle.internal.service.ReflectionBasedServiceMethod::<init> (16 bytes)
Event: 3.347 Thread 0x0000000016c75800 nmethod 1395 0x00000000037e0f10 code [0x00000000037e10c0, 0x00000000037e16c8]
Event: 3.347 Thread 0x0000000016c75800 1398       3       org.gradle.internal.service.DefaultServiceRegistry$FactoryMethodService::<init> (29 bytes)
Event: 3.347 Thread 0x0000000016c6f000 nmethod 1396 0x00000000037e31d0 code [0x00000000037e3300, 0x00000000037e3398]
Event: 3.347 Thread 0x0000000016c75800 nmethod 1398 0x00000000037dd550 code [0x00000000037dd720, 0x00000000037ddf68]
Event: 3.347 Thread 0x0000000016c75800 1397       3       org.gradle.internal.reflect.JavaReflectionUtil::method (10 bytes)
Event: 3.348 Thread 0x0000000016c75800 nmethod 1397 0x00000000037e2850 code [0x00000000037e2a00, 0x00000000037e2f18]
Event: 3.351 Thread 0x0000000016c72000 1399       4       java.net.URLClassLoader$1::run (5 bytes)

GC Heap History (10 events):
Event: 1.289 GC heap before
{Heap before GC invocations=2 (full 0):
 PSYoungGen      total 18944K, used 18926K [0x00000000e0000000, 0x00000000e1500000, 0x0000000100000000)
  eden space 16384K, 100% used [0x00000000e0000000,0x00000000e1000000,0x00000000e1000000)
  from space 2560K, 99% used [0x00000000e1000000,0x00000000e127b8a0,0x00000000e1280000)
  to   space 2560K, 0% used [0x00000000e1280000,0x00000000e1280000,0x00000000e1500000)
 ParOldGen       total 44032K, used 258K [0x00000000a0000000, 0x00000000a2b00000, 0x00000000e0000000)
  object space 44032K, 0% used [0x00000000a0000000,0x00000000a0040860,0x00000000a2b00000)
 Metaspace       used 6924K, capacity 7102K, committed 7424K, reserved 1056768K
  class space    used 843K, capacity 907K, committed 1024K, reserved 1048576K
Event: 1.293 GC heap after
Heap after GC invocations=2 (full 0):
 PSYoungGen      total 18944K, used 2560K [0x00000000e0000000, 0x00000000e1500000, 0x0000000100000000)
  eden space 16384K, 0% used [0x00000000e0000000,0x00000000e0000000,0x00000000e1000000)
  from space 2560K, 100% used [0x00000000e1280000,0x00000000e1500000,0x00000000e1500000)
  to   space 2560K, 0% used [0x00000000e1000000,0x00000000e1000000,0x00000000e1280000)
 ParOldGen       total 44032K, used 542K [0x00000000a0000000, 0x00000000a2b00000, 0x00000000e0000000)
  object space 44032K, 1% used [0x00000000a0000000,0x00000000a0087860,0x00000000a2b00000)
 Metaspace       used 6924K, capacity 7102K, committed 7424K, reserved 1056768K
  class space    used 843K, capacity 907K, committed 1024K, reserved 1048576K
}
Event: 1.628 GC heap before
{Heap before GC invocations=3 (full 0):
 PSYoungGen      total 18944K, used 18944K [0x00000000e0000000, 0x00000000e1500000, 0x0000000100000000)
  eden space 16384K, 100% used [0x00000000e0000000,0x00000000e1000000,0x00000000e1000000)
  from space 2560K, 100% used [0x00000000e1280000,0x00000000e1500000,0x00000000e1500000)
  to   space 2560K, 0% used [0x00000000e1000000,0x00000000e1000000,0x00000000e1280000)
 ParOldGen       total 44032K, used 542K [0x00000000a0000000, 0x00000000a2b00000, 0x00000000e0000000)
  object space 44032K, 1% used [0x00000000a0000000,0x00000000a0087860,0x00000000a2b00000)
 Metaspace       used 7122K, capacity 7382K, committed 7680K, reserved 1056768K
  class space    used 870K, capacity 979K, committed 1024K, reserved 1048576K
Event: 1.632 GC heap after
Heap after GC invocations=3 (full 0):
 PSYoungGen      total 18944K, used 2553K [0x00000000e0000000, 0x00000000e1500000, 0x0000000100000000)
  eden space 16384K, 0% used [0x00000000e0000000,0x00000000e0000000,0x00000000e1000000)
  from space 2560K, 99% used [0x00000000e1000000,0x00000000e127e460,0x00000000e1280000)
  to   space 2560K, 0% used [0x00000000e1280000,0x00000000e1280000,0x00000000e1500000)
 ParOldGen       total 44032K, used 901K [0x00000000a0000000, 0x00000000a2b00000, 0x00000000e0000000)
  object space 44032K, 2% used [0x00000000a0000000,0x00000000a00e15b0,0x00000000a2b00000)
 Metaspace       used 7122K, capacity 7382K, committed 7680K, reserved 1056768K
  class space    used 870K, capacity 979K, committed 1024K, reserved 1048576K
}
Event: 1.891 GC heap before
{Heap before GC invocations=4 (full 0):
 PSYoungGen      total 18944K, used 18937K [0x00000000e0000000, 0x00000000e1500000, 0x0000000100000000)
  eden space 16384K, 100% used [0x00000000e0000000,0x00000000e1000000,0x00000000e1000000)
  from space 2560K, 99% used [0x00000000e1000000,0x00000000e127e460,0x00000000e1280000)
  to   space 2560K, 0% used [0x00000000e1280000,0x00000000e1280000,0x00000000e1500000)
 ParOldGen       total 44032K, used 901K [0x00000000a0000000, 0x00000000a2b00000, 0x00000000e0000000)
  object space 44032K, 2% used [0x00000000a0000000,0x00000000a00e15b0,0x00000000a2b00000)
 Metaspace       used 8821K, capacity 9014K, committed 9216K, reserved 1056768K
  class space    used 1145K, capacity 1219K, committed 1280K, reserved 1048576K
Event: 1.895 GC heap after
Heap after GC invocations=4 (full 0):
 PSYoungGen      total 18944K, used 2544K [0x00000000e0000000, 0x00000000e1500000, 0x0000000100000000)
  eden space 16384K, 0% used [0x00000000e0000000,0x00000000e0000000,0x00000000e1000000)
  from space 2560K, 99% used [0x00000000e1280000,0x00000000e14fc010,0x00000000e1500000)
  to   space 2560K, 0% used [0x00000000e1000000,0x00000000e1000000,0x00000000e1280000)
 ParOldGen       total 44032K, used 2273K [0x00000000a0000000, 0x00000000a2b00000, 0x00000000e0000000)
  object space 44032K, 5% used [0x00000000a0000000,0x00000000a02384b0,0x00000000a2b00000)
 Metaspace       used 8821K, capacity 9014K, committed 9216K, reserved 1056768K
  class space    used 1145K, capacity 1219K, committed 1280K, reserved 1048576K
}
Event: 3.100 GC heap before
{Heap before GC invocations=5 (full 0):
 PSYoungGen      total 18944K, used 18928K [0x00000000e0000000, 0x00000000e1500000, 0x0000000100000000)
  eden space 16384K, 100% used [0x00000000e0000000,0x00000000e1000000,0x00000000e1000000)
  from space 2560K, 99% used [0x00000000e1280000,0x00000000e14fc010,0x00000000e1500000)
  to   space 2560K, 0% used [0x00000000e1000000,0x00000000e1000000,0x00000000e1280000)
 ParOldGen       total 44032K, used 2273K [0x00000000a0000000, 0x00000000a2b00000, 0x00000000e0000000)
  object space 44032K, 5% used [0x00000000a0000000,0x00000000a02384b0,0x00000000a2b00000)
 Metaspace       used 12080K, capacity 12360K, committed 12544K, reserved 1060864K
  class space    used 1619K, capacity 1738K, committed 1792K, reserved 1048576K
Event: 3.107 GC heap after
Heap after GC invocations=5 (full 0):
 PSYoungGen      total 18944K, used 2560K [0x00000000e0000000, 0x00000000e1a00000, 0x0000000100000000)
  eden space 16384K, 0% used [0x00000000e0000000,0x00000000e0000000,0x00000000e1000000)
  from space 2560K, 100% used [0x00000000e1000000,0x00000000e1280000,0x00000000e1280000)
  to   space 5120K, 0% used [0x00000000e1500000,0x00000000e1500000,0x00000000e1a00000)
 ParOldGen       total 44032K, used 4479K [0x00000000a0000000, 0x00000000a2b00000, 0x00000000e0000000)
  object space 44032K, 10% used [0x00000000a0000000,0x00000000a045fe58,0x00000000a2b00000)
 Metaspace       used 12080K, capacity 12360K, committed 12544K, reserved 1060864K
  class space    used 1619K, capacity 1738K, committed 1792K, reserved 1048576K
}
Event: 3.258 GC heap before
{Heap before GC invocations=6 (full 0):
 PSYoungGen      total 18944K, used 18938K [0x00000000e0000000, 0x00000000e1a00000, 0x0000000100000000)
  eden space 16384K, 99% used [0x00000000e0000000,0x00000000e0ffe858,0x00000000e1000000)
  from space 2560K, 100% used [0x00000000e1000000,0x00000000e1280000,0x00000000e1280000)
  to   space 5120K, 0% used [0x00000000e1500000,0x00000000e1500000,0x00000000e1a00000)
 ParOldGen       total 44032K, used 4479K [0x00000000a0000000, 0x00000000a2b00000, 0x00000000e0000000)
  object space 44032K, 10% used [0x00000000a0000000,0x00000000a045fe58,0x00000000a2b00000)
 Metaspace       used 13267K, capacity 13616K, committed 13824K, reserved 1060864K
  class space    used 1829K, capacity 1966K, committed 2048K, reserved 1048576K
Event: 3.264 GC heap after
Heap after GC invocations=6 (full 0):
 PSYoungGen      total 21504K, used 4235K [0x00000000e0000000, 0x00000000e1a00000, 0x0000000100000000)
  eden space 16384K, 0% used [0x00000000e0000000,0x00000000e0000000,0x00000000e1000000)
  from space 5120K, 82% used [0x00000000e1500000,0x00000000e1922f98,0x00000000e1a00000)
  to   space 2560K, 0% used [0x00000000e1000000,0x00000000e1000000,0x00000000e1280000)
 ParOldGen       total 44032K, used 4479K [0x00000000a0000000, 0x00000000a2b00000, 0x00000000e0000000)
  object space 44032K, 10% used [0x00000000a0000000,0x00000000a045fe58,0x00000000a2b00000)
 Metaspace       used 13267K, capacity 13616K, committed 13824K, reserved 1060864K
  class space    used 1829K, capacity 1966K, committed 2048K, reserved 1048576K
}

Deoptimization events (10 events):
Event: 2.211 Thread 0x00000000030ee000 Uncommon trap: reason=unstable_if action=reinterpret pc=0x000000000364d178 method=java.io.WinNTFileSystem.normalize(Ljava/lang/String;II)Ljava/lang/String; @ 90
Event: 2.936 Thread 0x0000000019c39800 Uncommon trap: reason=unstable_if action=reinterpret pc=0x00000000036d4a30 method=java.util.concurrent.ConcurrentHashMap.putVal(Ljava/lang/Object;Ljava/lang/Object;Z)Ljava/lang/Object; @ 206
Event: 3.033 Thread 0x0000000019cf8000 Uncommon trap: reason=bimorphic action=maybe_recompile pc=0x0000000003589020 method=java.util.HashMap.putVal(ILjava/lang/Object;Ljava/lang/Object;ZZ)Ljava/lang/Object; @ 253
Event: 3.034 Thread 0x0000000019cf8000 Uncommon trap: reason=bimorphic action=maybe_recompile pc=0x0000000003589020 method=java.util.HashMap.putVal(ILjava/lang/Object;Ljava/lang/Object;ZZ)Ljava/lang/Object; @ 253
Event: 3.034 Thread 0x0000000019cf8000 Uncommon trap: reason=bimorphic action=maybe_recompile pc=0x0000000003589020 method=java.util.HashMap.putVal(ILjava/lang/Object;Ljava/lang/Object;ZZ)Ljava/lang/Object; @ 253
Event: 3.034 Thread 0x0000000019cf8000 Uncommon trap: reason=bimorphic action=maybe_recompile pc=0x00000000035910d8 method=java.util.HashMap.putVal(ILjava/lang/Object;Ljava/lang/Object;ZZ)Ljava/lang/Object; @ 253
Event: 3.239 Thread 0x0000000019cf8000 Uncommon trap: reason=class_check action=maybe_recompile pc=0x00000000035ca698 method=java.util.regex.Matcher.match(II)Z @ 86
Event: 3.255 Thread 0x0000000019cf8000 Uncommon trap: reason=class_check action=maybe_recompile pc=0x00000000035ca698 method=java.util.regex.Matcher.match(II)Z @ 86
Event: 3.256 Thread 0x0000000019cf8000 Uncommon trap: reason=class_check action=maybe_recompile pc=0x00000000035ca698 method=java.util.regex.Matcher.match(II)Z @ 86
Event: 3.256 Thread 0x0000000019cf8000 Uncommon trap: reason=class_check action=maybe_recompile pc=0x000000000358549c method=java.util.regex.Matcher.match(II)Z @ 86

Classes redefined (0 events):
No events

Internal exceptions (10 events):
Event: 2.943 Thread 0x0000000019c39800 Exception <a 'java/lang/NoSuchMethodError': <clinit>> (0x00000000e09b3fc8) thrown at [D:\src\AOSP-openjdk-cygwin\jdk8u\hotspot\src\share\vm\prims\jni.cpp, line 1613]
Event: 2.948 Thread 0x0000000019c39800 Exception <a 'java/lang/NoSuchMethodError': <clinit>> (0x00000000e09c71c8) thrown at [D:\src\AOSP-openjdk-cygwin\jdk8u\hotspot\src\share\vm\prims\jni.cpp, line 1613]
Event: 2.952 Thread 0x0000000019c39800 Exception <a 'java/lang/NoSuchMethodError': <clinit>> (0x00000000e09edfd0) thrown at [D:\src\AOSP-openjdk-cygwin\jdk8u\hotspot\src\share\vm\prims\jni.cpp, line 1613]
Event: 2.956 Thread 0x0000000019c39800 Exception <a 'java/lang/NoSuchMethodError': <clinit>> (0x00000000e0a05bf8) thrown at [D:\src\AOSP-openjdk-cygwin\jdk8u\hotspot\src\share\vm\prims\jni.cpp, line 1613]
Event: 2.957 Thread 0x0000000019c39800 Exception <a 'java/lang/NoSuchMethodError': <clinit>> (0x00000000e0a0e6c0) thrown at [D:\src\AOSP-openjdk-cygwin\jdk8u\hotspot\src\share\vm\prims\jni.cpp, line 1613]
Event: 2.960 Thread 0x0000000019c39800 Exception <a 'java/lang/NoSuchMethodError': <clinit>> (0x00000000e0a24880) thrown at [D:\src\AOSP-openjdk-cygwin\jdk8u\hotspot\src\share\vm\prims\jni.cpp, line 1613]
Event: 2.970 Thread 0x0000000019c39800 Exception <a 'java/lang/NoSuchMethodError': <clinit>> (0x00000000e0a821c8) thrown at [D:\src\AOSP-openjdk-cygwin\jdk8u\hotspot\src\share\vm\prims\jni.cpp, line 1613]
Event: 2.979 Thread 0x0000000019c39800 Exception <a 'java/lang/NoSuchMethodError': <clinit>> (0x00000000e0aae5f8) thrown at [D:\src\AOSP-openjdk-cygwin\jdk8u\hotspot\src\share\vm\prims\jni.cpp, line 1613]
Event: 2.989 Thread 0x0000000019c39800 Exception <a 'java/lang/NoSuchMethodError': <clinit>> (0x00000000e0adbbe8) thrown at [D:\src\AOSP-openjdk-cygwin\jdk8u\hotspot\src\share\vm\prims\jni.cpp, line 1613]
Event: 2.993 Thread 0x0000000019c39800 Exception <a 'java/lang/NoSuchMethodError': <clinit>> (0x00000000e0ae6fa0) thrown at [D:\src\AOSP-openjdk-cygwin\jdk8u\hotspot\src\share\vm\prims\jni.cpp, line 1613]

Events (10 events):
Event: 3.375 loading class kotlin/reflect/jvm/internal/KClassImpl$data$1
Event: 3.375 loading class kotlin/reflect/jvm/internal/KClassImpl$data$1 done
Event: 3.375 loading class kotlin/jvm/internal/Lambda
Event: 3.375 loading class kotlin/jvm/internal/Lambda done
Event: 3.375 loading class kotlin/reflect/jvm/internal/ReflectProperties
Event: 3.375 loading class kotlin/reflect/jvm/internal/ReflectProperties done
Event: 3.376 loading class kotlin/reflect/jvm/internal/ReflectProperties$LazyVal
Event: 3.376 loading class kotlin/reflect/jvm/internal/ReflectProperties$LazyVal done
Event: 3.376 loading class kotlin/reflect/jvm/internal/ReflectProperties$Val
Event: 3.376 loading class kotlin/reflect/jvm/internal/ReflectProperties$Val done


Dynamic libraries:
0x00007ff7d9f00000 - 0x00007ff7d9f31000 	M:\A\New folder\jre\bin\java.exe
0x00007ffa43d80000 - 0x00007ffa43f61000 	C:\WINDOWS\SYSTEM32\ntdll.dll
0x00007ffa43840000 - 0x00007ffa438f2000 	C:\WINDOWS\System32\KERNEL32.DLL
0x00007ffa40f90000 - 0x00007ffa41203000 	C:\WINDOWS\System32\KERNELBASE.dll
0x00007ffa43070000 - 0x00007ffa43111000 	C:\WINDOWS\System32\ADVAPI32.dll
0x00007ffa42d50000 - 0x00007ffa42dee000 	C:\WINDOWS\System32\msvcrt.dll
0x00007ffa41700000 - 0x00007ffa4175b000 	C:\WINDOWS\System32\sechost.dll
0x00007ffa43600000 - 0x00007ffa43724000 	C:\WINDOWS\System32\RPCRT4.dll
0x00007ffa433c0000 - 0x00007ffa43550000 	C:\WINDOWS\System32\USER32.dll
0x00007ffa40cd0000 - 0x00007ffa40cf0000 	C:\WINDOWS\System32\win32u.dll
0x00007ffa42d20000 - 0x00007ffa42d48000 	C:\WINDOWS\System32\GDI32.dll
0x00007ffa40150000 - 0x00007ffa402e2000 	C:\WINDOWS\System32\gdi32full.dll
0x00007ffa40c30000 - 0x00007ffa40ccf000 	C:\WINDOWS\System32\msvcp_win.dll
0x00007ffa40ae0000 - 0x00007ffa40bda000 	C:\WINDOWS\System32\ucrtbase.dll
0x00007ffa316d0000 - 0x00007ffa31939000 	C:\WINDOWS\WinSxS\amd64_microsoft.windows.common-controls_6595b64144ccf1df_6.0.17134.285_none_fb4297e330656775\COMCTL32.dll
0x00007ffa43a20000 - 0x00007ffa43d43000 	C:\WINDOWS\System32\combase.dll
0x00007ffa40350000 - 0x00007ffa403ca000 	C:\WINDOWS\System32\bcryptPrimitives.dll
0x00007ffa43900000 - 0x00007ffa4392d000 	C:\WINDOWS\System32\IMM32.DLL
0x00000000675e0000 - 0x00000000676b2000 	M:\A\New folder\jre\jre\bin\msvcr100.dll
0x0000000068110000 - 0x0000000068951000 	M:\A\New folder\jre\jre\bin\server\jvm.dll
0x00007ffa43990000 - 0x00007ffa43998000 	C:\WINDOWS\System32\PSAPI.DLL
0x00007ffa3df30000 - 0x00007ffa3df53000 	C:\WINDOWS\SYSTEM32\WINMM.dll
0x00007ffa36280000 - 0x00007ffa3628a000 	C:\WINDOWS\SYSTEM32\VERSION.dll
0x00007ffa2e2f0000 - 0x00007ffa2e2f9000 	C:\WINDOWS\SYSTEM32\WSOCK32.dll
0x00007ffa43120000 - 0x00007ffa4318c000 	C:\WINDOWS\System32\WS2_32.dll
0x00007ffa3dae0000 - 0x00007ffa3db0a000 	C:\WINDOWS\SYSTEM32\WINMMBASE.dll
0x00007ffa40be0000 - 0x00007ffa40c29000 	C:\WINDOWS\System32\cfgmgr32.dll
0x00007ffa3be30000 - 0x00007ffa3be3f000 	M:\A\New folder\jre\jre\bin\verify.dll
0x00007ffa2f420000 - 0x00007ffa2f449000 	M:\A\New folder\jre\jre\bin\java.dll
0x00007ffa2e270000 - 0x00007ffa2e286000 	M:\A\New folder\jre\jre\bin\zip.dll
0x00007ffa41760000 - 0x00007ffa42ba0000 	C:\WINDOWS\System32\SHELL32.dll
0x00007ffa43550000 - 0x00007ffa435f9000 	C:\WINDOWS\System32\shcore.dll
0x00007ffa403d0000 - 0x00007ffa40add000 	C:\WINDOWS\System32\windows.storage.dll
0x00007ffa43930000 - 0x00007ffa43981000 	C:\WINDOWS\System32\shlwapi.dll
0x00007ffa400f0000 - 0x00007ffa40101000 	C:\WINDOWS\System32\kernel.appcore.dll
0x00007ffa40130000 - 0x00007ffa4014f000 	C:\WINDOWS\System32\profapi.dll
0x00007ffa40090000 - 0x00007ffa400dc000 	C:\WINDOWS\System32\powrprof.dll
0x00007ffa400e0000 - 0x00007ffa400ea000 	C:\WINDOWS\System32\FLTLIB.DLL
0x00007ffa2de50000 - 0x00007ffa2de6a000 	M:\A\New folder\jre\jre\bin\net.dll
0x00007ffa3f910000 - 0x00007ffa3f976000 	C:\WINDOWS\system32\mswsock.dll
0x00007ffa2de30000 - 0x00007ffa2de41000 	M:\A\New folder\jre\jre\bin\nio.dll
0x00007ffa3bdf0000 - 0x00007ffa3be0e000 	C:\Users\mrunmayee\.gradle\native\25\windows-amd64\native-platform.dll
0x00007ffa37ff0000 - 0x00007ffa37ffd000 	M:\A\New folder\jre\jre\bin\management.dll
0x00007ffa3fac0000 - 0x00007ffa3fad7000 	C:\WINDOWS\SYSTEM32\CRYPTSP.dll
0x00007ffa3f4f0000 - 0x00007ffa3f523000 	C:\WINDOWS\system32\rsaenh.dll
0x00007ffa3fbf0000 - 0x00007ffa3fc15000 	C:\WINDOWS\SYSTEM32\bcrypt.dll
0x00007ffa3ffc0000 - 0x00007ffa3ffe8000 	C:\WINDOWS\SYSTEM32\USERENV.dll
0x00007ffa3fae0000 - 0x00007ffa3faeb000 	C:\WINDOWS\SYSTEM32\CRYPTBASE.dll
0x00007ffa3f690000 - 0x00007ffa3f6c8000 	C:\WINDOWS\SYSTEM32\IPHLPAPI.DLL
0x00007ffa43a10000 - 0x00007ffa43a18000 	C:\WINDOWS\System32\NSI.dll
0x00007ffa37480000 - 0x00007ffa37496000 	C:\WINDOWS\SYSTEM32\dhcpcsvc6.DLL
0x00007ffa374c0000 - 0x00007ffa374da000 	C:\WINDOWS\SYSTEM32\dhcpcsvc.DLL

VM Arguments:
jvm_args: -Xmx1536m -Dfile.encoding=windows-1252 -Duser.country=IN -Duser.language=en -Duser.variant 
java_command: org.gradle.launcher.daemon.bootstrap.GradleDaemon 5.1.1
java_class_path (initial): C:\Users\mrunmayee\.gradle\wrapper\dists\gradle-5.1.1-all\97z1ksx6lirer3kbvdnh7jtjg\gradle-5.1.1\lib\gradle-launcher-5.1.1.jar
Launcher Type: SUN_STANDARD

Environment Variables:
PATH=C:\Program Files (x86)\Common Files\Oracle\Java\javapath;C:\Python27\;C:\Python27\Scripts;C:\WINDOWS\system32;C:\WINDOWS;C:\WINDOWS\System32\Wbem;C:\WINDOWS\System32\WindowsPowerShell\v1.0\M:\python;C:\WINDOWS\System32\WindowsPowerShell\v1.0\;C:\WINDOWS\System32\OpenSSH\;M:\Python2.7;M:\Python2.7\Tools\Scripts;M:\Git\cmd;M:\Git\mingw64\bin;M:\Git\usr\bin;M:\nodejs\;C:\WINDOWS\system32\config\systemprofile\.dnx\bin;C:\Program Files\Microsoft DNX\Dnvm\;C:\Program Files\Microsoft SQL Server\130\Tools\Binn\;C:\Program Files\dotnet\;C:\Program Files\Java\jdk1.8.0_211\bin;C:\Program Files\Java\jre1.8.0_211\bin;C:\Program Files (x86)\Microsoft SQL Server\150\DTS\Binn\;C:\Program Files (x86)\dotnet\;c:\Program Files (x86)\Microsoft SQL Server\100\Tools\Binn\;c:\Program Files\Microsoft SQL Server\100\Tools\Binn\;c:\Program Files\Microsoft SQL Server\100\DTS\Binn\;M:\Scripts\;M:\;C:\Users\mrunmayee\AppData\Local\Microsoft\WindowsApps;M:\PyCharm Community Edition 2018.3.4\bin;;C:\Users\mrunmayee\AppData\Roaming\npm;M:\Microsoft VS Code\bin;
USERNAME=mrunmayee
OS=Windows_NT
PROCESSOR_IDENTIFIER=Intel64 Family 6 Model 58 Stepping 9, GenuineIntel



---------------  S Y S T E M  ---------------

OS: Windows 10.0 , 64 bit Build 17134 (10.0.17134.1)

CPU:total 4 (initial active 4) (2 cores per cpu, 2 threads per core) family 6 model 58 stepping 9, cmov, cx8, fxsr, mmx, sse, sse2, sse3, ssse3, sse4.1, sse4.2, popcnt, avx, aes, clmul, erms, ht, tsc, tscinvbit, tscinv

Memory: 4k page, physical 4083992k(749844k free), swap 16666904k(2916k free)

vm_info: OpenJDK 64-Bit Server VM (25.152-b01) for windows-amd64 JRE (1.8.0_152-release-1343-b01), built by "builder" with MS VC++ 10.0 (VS2010)

time: Mon Jun 10 13:54:46 2019
elapsed time: 3 seconds (0d 0h 0m 3s)

