#
# There is insufficient memory for the Java Runtime Environment to continue.
# Native memory allocation (malloc) failed to allocate 1926640 bytes for Chunk::new
# Possible reasons:
#   The system is out of physical RAM or swap space
#   In 32 bit mode, the process size limit was hit
# Possible solutions:
#   Reduce memory load on the system
#   Increase physical memory or swap space
#   Check if swap backing store is full
#   Use 64 bit Java on a 64 bit OS
#   Decrease Java heap size (-Xmx/-Xms)
#   Decrease number of Java threads
#   Decrease Java thread stack sizes (-Xss)
#   Set larger code cache with -XX:ReservedCodeCacheSize=
# This output file may be truncated or incomplete.
#
#  Out of Memory Error (allocation.cpp:390), pid=1752, tid=0x0000000000001c30
#
# JRE version: OpenJDK Runtime Environment (8.0_152-b01) (build 1.8.0_152-release-1343-b01)
# Java VM: OpenJDK 64-Bit Server VM (25.152-b01 mixed mode windows-amd64 compressed oops)
# Failed to write core dump. Minidumps are not enabled by default on client versions of Windows
#

---------------  T H R E A D  ---------------

Current thread (0x0000000016a10000):  JavaThread "C2 CompilerThread1" daemon [_thread_in_native, id=7216, stack(0x0000000018180000,0x0000000018280000)]

Stack: [0x0000000018180000,0x0000000018280000]
[error occurred during error reporting (printing stack bounds), id 0xc0000005]

Native frames: (J=compiled Java code, j=interpreted, Vv=VM code, C=native code)


Current CompileTask:
C2:   4107 1403   !   4       java.net.URLClassLoader$1::run (63 bytes)


---------------  P R O C E S S  ---------------

Java Threads: ( => current thread )
  0x0000000019ba5000 JavaThread "Cache worker for file hash cache (C:\Users\mrunmayee\App1\.gradle\5.1.1\fileHashes)" [_thread_blocked, id=1240, stack(0x000000001d9d0000,0x000000001dad0000)]
  0x0000000019ba7000 JavaThread "Cache worker for journal cache (C:\Users\mrunmayee\.gradle\caches\journal-1)" [_thread_blocked, id=1884, stack(0x000000001b4d0000,0x000000001b5d0000)]
  0x0000000019b96800 JavaThread "File lock request listener" [_thread_in_native, id=11772, stack(0x000000001b3d0000,0x000000001b4d0000)]
  0x0000000019b6d000 JavaThread "Cache worker for file hash cache (C:\Users\mrunmayee\.gradle\caches\5.1.1\fileHashes)" [_thread_blocked, id=7296, stack(0x000000001b2d0000,0x000000001b3d0000)]
  0x000000001998b000 JavaThread "Thread-8" [_thread_blocked, id=2284, stack(0x000000001b1d0000,0x000000001b2d0000)]
  0x000000001998a000 JavaThread "Stdin handler" [_thread_blocked, id=5848, stack(0x000000001b0d0000,0x000000001b1d0000)]
  0x0000000019989800 JavaThread "Asynchronous log dispatcher for DefaultDaemonConnection: socket connection from /127.0.0.1:52984 to /127.0.0.1:52985" [_thread_blocked, id=5876, stack(0x000000001afd0000,0x000000001b0d0000)]
  0x000000001997f800 JavaThread "Daemon worker" [_thread_in_native, id=5652, stack(0x000000001aed0000,0x000000001afd0000)]
  0x000000001998c000 JavaThread "Cancel handler" [_thread_blocked, id=4600, stack(0x000000001add0000,0x000000001aed0000)]
  0x000000001997b000 JavaThread "Handler for socket connection from /127.0.0.1:52984 to /127.0.0.1:52985" [_thread_in_native, id=13296, stack(0x000000001aad0000,0x000000001abd0000)]
  0x0000000019977800 JavaThread "Daemon" [_thread_blocked, id=3628, stack(0x000000001a9d0000,0x000000001aad0000)]
  0x0000000019a47800 JavaThread "Daemon periodic checks" [_thread_blocked, id=7024, stack(0x000000001a8d0000,0x000000001a9d0000)]
  0x0000000019a46800 JavaThread "Incoming local TCP Connector on port 52984" [_thread_in_native, id=8044, stack(0x000000001a690000,0x000000001a790000)]
  0x00000000183a8800 JavaThread "Service Thread" daemon [_thread_blocked, id=13152, stack(0x0000000018780000,0x0000000018880000)]
  0x0000000016a14000 JavaThread "C1 CompilerThread2" daemon [_thread_blocked, id=12816, stack(0x0000000018280000,0x0000000018380000)]
=>0x0000000016a10000 JavaThread "C2 CompilerThread1" daemon [_thread_in_native, id=7216, stack(0x0000000018180000,0x0000000018280000)]
  0x0000000016a0b000 JavaThread "C2 CompilerThread0" daemon [_thread_in_native, id=12004, stack(0x0000000018080000,0x0000000018180000)]
  0x0000000016a17800 JavaThread "Attach Listener" daemon [_thread_blocked, id=11712, stack(0x0000000017f80000,0x0000000018080000)]
  0x0000000016a16000 JavaThread "Signal Dispatcher" daemon [_thread_blocked, id=10832, stack(0x0000000017e80000,0x0000000017f80000)]
  0x000000000309a000 JavaThread "Finalizer" daemon [_thread_blocked, id=5808, stack(0x0000000017c90000,0x0000000017d90000)]
  0x0000000003091000 JavaThread "Reference Handler" daemon [_thread_blocked, id=4168, stack(0x0000000017b90000,0x0000000017c90000)]
  0x0000000002ddd800 JavaThread "main" [_thread_blocked, id=2320, stack(0x0000000002ea0000,0x0000000002fa0000)]

Other Threads:
  0x00000000169d6800 VMThread [stack: 0x0000000017a90000,0x0000000017b90000] [id=9900]
  0x00000000183a9000 WatcherThread [stack: 0x0000000018880000,0x0000000018980000] [id=2004]

VM state:not at safepoint (normal execution)

VM Mutex/Monitor currently owned by a thread: None

Heap:
 PSYoungGen      total 37888K, used 31963K [0x00000000e0000000, 0x00000000e2a00000, 0x0000000100000000)
  eden space 32768K, 85% used [0x00000000e0000000,0x00000000e1b7e278,0x00000000e2000000)
  from space 5120K, 74% used [0x00000000e2500000,0x00000000e28b8a48,0x00000000e2a00000)
  to   space 5120K, 0% used [0x00000000e2000000,0x00000000e2000000,0x00000000e2500000)
 ParOldGen       total 44032K, used 6542K [0x00000000a0000000, 0x00000000a2b00000, 0x00000000e0000000)
  object space 44032K, 14% used [0x00000000a0000000,0x00000000a0663ad0,0x00000000a2b00000)
 Metaspace       used 18773K, capacity 19186K, committed 19328K, reserved 1064960K
  class space    used 2717K, capacity 2895K, committed 2944K, reserved 1048576K

Card table byte_map: [0x0000000012460000,0x0000000012770000] byte_map_base: 0x0000000011f60000

Marking Bits: (ParMarkBitMap*) 0x0000000076ec5aa0
 Begin Bits: [0x0000000012d70000, 0x0000000014570000)
 End Bits:   [0x0000000014570000, 0x0000000015d70000)

Polling page: 0x0000000000f50000

CodeCache: size=245760Kb used=5485Kb max_used=5485Kb free=240274Kb
 bounds [0x00000000030a0000, 0x0000000003600000, 0x00000000120a0000]
 total_blobs=2024 nmethods=1617 adapters=320
 compilation: enabled

Compilation events (10 events):
Event: 4.094 Thread 0x0000000016a14000 1621       3       org.objectweb.asm.Frame::getAbstractTypeFromDescriptor (415 bytes)
Event: 4.095 Thread 0x0000000016a14000 nmethod 1621 0x00000000035fa790 code [0x00000000035faa00, 0x00000000035fb9e8]
Event: 4.095 Thread 0x0000000016a14000 1620       3       org.objectweb.asm.Frame::getLocal (46 bytes)
Event: 4.096 Thread 0x0000000016a14000 nmethod 1620 0x00000000035fc010 code [0x00000000035fc180, 0x00000000035fc3d0]
Event: 4.096 Thread 0x0000000016a14000 1622       3       org.objectweb.asm.Frame::push (63 bytes)
Event: 4.096 Thread 0x0000000016a14000 nmethod 1622 0x00000000035fc490 code [0x00000000035fc660, 0x00000000035fcce8]
Event: 4.096 Thread 0x0000000016a14000 1624       3       org.objectweb.asm.Frame::pop (42 bytes)
Event: 4.096 Thread 0x0000000016a14000 nmethod 1624 0x00000000035fcf90 code [0x00000000035fd100, 0x00000000035fd2f0]
Event: 4.096 Thread 0x0000000016a14000 1626       3       java.lang.reflect.Constructor::getParameterTypes (11 bytes)
Event: 4.097 Thread 0x0000000016a14000 nmethod 1626 0x00000000035fd3d0 code [0x00000000035fd540, 0x00000000035fd848]

GC Heap History (10 events):
Event: 1.954 GC heap before
{Heap before GC invocations=4 (full 0):
 PSYoungGen      total 18944K, used 18937K [0x00000000e0000000, 0x00000000e1500000, 0x0000000100000000)
  eden space 16384K, 100% used [0x00000000e0000000,0x00000000e1000000,0x00000000e1000000)
  from space 2560K, 99% used [0x00000000e1000000,0x00000000e127e480,0x00000000e1280000)
  to   space 2560K, 0% used [0x00000000e1280000,0x00000000e1280000,0x00000000e1500000)
 ParOldGen       total 44032K, used 949K [0x00000000a0000000, 0x00000000a2b00000, 0x00000000e0000000)
  object space 44032K, 2% used [0x00000000a0000000,0x00000000a00ed5b8,0x00000000a2b00000)
 Metaspace       used 8820K, capacity 9014K, committed 9216K, reserved 1056768K
  class space    used 1144K, capacity 1217K, committed 1280K, reserved 1048576K
Event: 1.959 GC heap after
Heap after GC invocations=4 (full 0):
 PSYoungGen      total 18944K, used 2528K [0x00000000e0000000, 0x00000000e1500000, 0x0000000100000000)
  eden space 16384K, 0% used [0x00000000e0000000,0x00000000e0000000,0x00000000e1000000)
  from space 2560K, 98% used [0x00000000e1280000,0x00000000e14f8020,0x00000000e1500000)
  to   space 2560K, 0% used [0x00000000e1000000,0x00000000e1000000,0x00000000e1280000)
 ParOldGen       total 44032K, used 2329K [0x00000000a0000000, 0x00000000a2b00000, 0x00000000e0000000)
  object space 44032K, 5% used [0x00000000a0000000,0x00000000a0246700,0x00000000a2b00000)
 Metaspace       used 8820K, capacity 9014K, committed 9216K, reserved 1056768K
  class space    used 1144K, capacity 1217K, committed 1280K, reserved 1048576K
}
Event: 2.972 GC heap before
{Heap before GC invocations=5 (full 0):
 PSYoungGen      total 18944K, used 18912K [0x00000000e0000000, 0x00000000e1500000, 0x0000000100000000)
  eden space 16384K, 100% used [0x00000000e0000000,0x00000000e1000000,0x00000000e1000000)
  from space 2560K, 98% used [0x00000000e1280000,0x00000000e14f8020,0x00000000e1500000)
  to   space 2560K, 0% used [0x00000000e1000000,0x00000000e1000000,0x00000000e1280000)
 ParOldGen       total 44032K, used 2329K [0x00000000a0000000, 0x00000000a2b00000, 0x00000000e0000000)
  object space 44032K, 5% used [0x00000000a0000000,0x00000000a0246700,0x00000000a2b00000)
 Metaspace       used 12138K, capacity 12460K, committed 12544K, reserved 1060864K
  class space    used 1637K, capacity 1770K, committed 1792K, reserved 1048576K
Event: 2.978 GC heap after
Heap after GC invocations=5 (full 0):
 PSYoungGen      total 18944K, used 2560K [0x00000000e0000000, 0x00000000e1a00000, 0x0000000100000000)
  eden space 16384K, 0% used [0x00000000e0000000,0x00000000e0000000,0x00000000e1000000)
  from space 2560K, 100% used [0x00000000e1000000,0x00000000e1280000,0x00000000e1280000)
  to   space 5120K, 0% used [0x00000000e1500000,0x00000000e1500000,0x00000000e1a00000)
 ParOldGen       total 44032K, used 4697K [0x00000000a0000000, 0x00000000a2b00000, 0x00000000e0000000)
  object space 44032K, 10% used [0x00000000a0000000,0x00000000a0496658,0x00000000a2b00000)
 Metaspace       used 12138K, capacity 12460K, committed 12544K, reserved 1060864K
  class space    used 1637K, capacity 1770K, committed 1792K, reserved 1048576K
}
Event: 3.135 GC heap before
{Heap before GC invocations=6 (full 0):
 PSYoungGen      total 18944K, used 18944K [0x00000000e0000000, 0x00000000e1a00000, 0x0000000100000000)
  eden space 16384K, 100% used [0x00000000e0000000,0x00000000e1000000,0x00000000e1000000)
  from space 2560K, 100% used [0x00000000e1000000,0x00000000e1280000,0x00000000e1280000)
  to   space 5120K, 0% used [0x00000000e1500000,0x00000000e1500000,0x00000000e1a00000)
 ParOldGen       total 44032K, used 4697K [0x00000000a0000000, 0x00000000a2b00000, 0x00000000e0000000)
  object space 44032K, 10% used [0x00000000a0000000,0x00000000a0496658,0x00000000a2b00000)
 Metaspace       used 13385K, capacity 13780K, committed 14080K, reserved 1060864K
  class space    used 1839K, capacity 1998K, committed 2048K, reserved 1048576K
Event: 3.141 GC heap after
Heap after GC invocations=6 (full 0):
 PSYoungGen      total 21504K, used 4172K [0x00000000e0000000, 0x00000000e2a00000, 0x0000000100000000)
  eden space 16384K, 0% used [0x00000000e0000000,0x00000000e0000000,0x00000000e1000000)
  from space 5120K, 81% used [0x00000000e1500000,0x00000000e1913398,0x00000000e1a00000)
  to   space 5120K, 0% used [0x00000000e1000000,0x00000000e1000000,0x00000000e1500000)
 ParOldGen       total 44032K, used 4705K [0x00000000a0000000, 0x00000000a2b00000, 0x00000000e0000000)
  object space 44032K, 10% used [0x00000000a0000000,0x00000000a0498658,0x00000000a2b00000)
 Metaspace       used 13385K, capacity 13780K, committed 14080K, reserved 1060864K
  class space    used 1839K, capacity 1998K, committed 2048K, reserved 1048576K
}
Event: 3.280 GC heap before
{Heap before GC invocations=7 (full 0):
 PSYoungGen      total 21504K, used 20556K [0x00000000e0000000, 0x00000000e2a00000, 0x0000000100000000)
  eden space 16384K, 100% used [0x00000000e0000000,0x00000000e1000000,0x00000000e1000000)
  from space 5120K, 81% used [0x00000000e1500000,0x00000000e1913398,0x00000000e1a00000)
  to   space 5120K, 0% used [0x00000000e1000000,0x00000000e1000000,0x00000000e1500000)
 ParOldGen       total 44032K, used 4705K [0x00000000a0000000, 0x00000000a2b00000, 0x00000000e0000000)
  object space 44032K, 10% used [0x00000000a0000000,0x00000000a0498658,0x00000000a2b00000)
 Metaspace       used 14503K, capacity 14806K, committed 15104K, reserved 1062912K
  class space    used 2049K, capacity 2191K, committed 2304K, reserved 1048576K
Event: 3.287 GC heap after
Heap after GC invocations=7 (full 0):
 PSYoungGen      total 21504K, used 3664K [0x00000000e0000000, 0x00000000e2a00000, 0x0000000100000000)
  eden space 16384K, 0% used [0x00000000e0000000,0x00000000e0000000,0x00000000e1000000)
  from space 5120K, 71% used [0x00000000e1000000,0x00000000e1394360,0x00000000e1500000)
  to   space 5120K, 0% used [0x00000000e2500000,0x00000000e2500000,0x00000000e2a00000)
 ParOldGen       total 44032K, used 5678K [0x00000000a0000000, 0x00000000a2b00000, 0x00000000e0000000)
  object space 44032K, 12% used [0x00000000a0000000,0x00000000a058bab0,0x00000000a2b00000)
 Metaspace       used 14503K, capacity 14806K, committed 15104K, reserved 1062912K
  class space    used 2049K, capacity 2191K, committed 2304K, reserved 1048576K
}
Event: 3.608 GC heap before
{Heap before GC invocations=8 (full 0):
 PSYoungGen      total 21504K, used 20048K [0x00000000e0000000, 0x00000000e2a00000, 0x0000000100000000)
  eden space 16384K, 100% used [0x00000000e0000000,0x00000000e1000000,0x00000000e1000000)
  from space 5120K, 71% used [0x00000000e1000000,0x00000000e1394360,0x00000000e1500000)
  to   space 5120K, 0% used [0x00000000e2500000,0x00000000e2500000,0x00000000e2a00000)
 ParOldGen       total 44032K, used 5678K [0x00000000a0000000, 0x00000000a2b00000, 0x00000000e0000000)
  object space 44032K, 12% used [0x00000000a0000000,0x00000000a058bab0,0x00000000a2b00000)
 Metaspace       used 16260K, capacity 16644K, committed 16896K, reserved 1062912K
  class space    used 2324K, capacity 2488K, committed 2560K, reserved 1048576K
Event: 3.619 GC heap after
Heap after GC invocations=8 (full 0):
 PSYoungGen      total 37888K, used 3810K [0x00000000e0000000, 0x00000000e2a00000, 0x0000000100000000)
  eden space 32768K, 0% used [0x00000000e0000000,0x00000000e0000000,0x00000000e2000000)
  from space 5120K, 74% used [0x00000000e2500000,0x00000000e28b8a48,0x00000000e2a00000)
  to   space 5120K, 0% used [0x00000000e2000000,0x00000000e2000000,0x00000000e2500000)
 ParOldGen       total 44032K, used 6542K [0x00000000a0000000, 0x00000000a2b00000, 0x00000000e0000000)
  object space 44032K, 14% used [0x00000000a0000000,0x00000000a0663ad0,0x00000000a2b00000)
 Metaspace       used 16260K, capacity 16644K, committed 16896K, reserved 1062912K
  class space    used 2324K, capacity 2488K, committed 2560K, reserved 1048576K
}

Deoptimization events (10 events):
Event: 3.113 Thread 0x000000001997f800 Uncommon trap: reason=class_check action=maybe_recompile pc=0x000000000331ff1c method=java.util.regex.Matcher.match(II)Z @ 86
Event: 3.374 Thread 0x000000001997f800 Uncommon trap: reason=unstable_if action=reinterpret pc=0x0000000003485574 method=java.lang.String.lastIndexOf([CII[CIII)I @ 66
Event: 3.802 Thread 0x000000001997f800 Uncommon trap: reason=unstable_if action=reinterpret pc=0x0000000003205088 method=java.net.URI.match(CJJ)Z @ 19
Event: 3.802 Thread 0x000000001997f800 Uncommon trap: reason=unstable_if action=reinterpret pc=0x00000000032eb080 method=java.net.URI.match(CJJ)Z @ 19
Event: 3.802 Thread 0x000000001997f800 Uncommon trap: reason=unstable_if action=reinterpret pc=0x0000000003205888 method=java.net.URI.match(CJJ)Z @ 19
Event: 3.867 Thread 0x000000001997f800 Uncommon trap: reason=unstable_if action=reinterpret pc=0x0000000003362458 method=java.io.File.getName()Ljava/lang/String; @ 16
Event: 3.969 Thread 0x000000001997f800 Uncommon trap: reason=bimorphic action=maybe_recompile pc=0x0000000003532a18 method=java.lang.ClassLoader.loadClass(Ljava/lang/String;Z)Ljava/lang/Class; @ 38
Event: 3.976 Thread 0x000000001997f800 Uncommon trap: reason=bimorphic action=maybe_recompile pc=0x0000000003532a18 method=java.lang.ClassLoader.loadClass(Ljava/lang/String;Z)Ljava/lang/Class; @ 38
Event: 3.976 Thread 0x000000001997f800 Uncommon trap: reason=bimorphic action=maybe_recompile pc=0x0000000003532a18 method=java.lang.ClassLoader.loadClass(Ljava/lang/String;Z)Ljava/lang/Class; @ 38
Event: 3.977 Thread 0x000000001997f800 Uncommon trap: reason=bimorphic action=maybe_recompile pc=0x0000000003532a18 method=java.lang.ClassLoader.loadClass(Ljava/lang/String;Z)Ljava/lang/Class; @ 38

Classes redefined (0 events):
No events

Internal exceptions (10 events):
Event: 3.880 Thread 0x000000001998b000 Exception <a 'java/lang/NoSuchMethodError': <clinit>> (0x00000000e101c0f8) thrown at [D:\src\AOSP-openjdk-cygwin\jdk8u\hotspot\src\share\vm\prims\jni.cpp, line 1613]
Event: 3.882 Thread 0x000000001998b000 Exception <a 'java/lang/NoSuchMethodError': <clinit>> (0x00000000e102b168) thrown at [D:\src\AOSP-openjdk-cygwin\jdk8u\hotspot\src\share\vm\prims\jni.cpp, line 1613]
Event: 3.981 Thread 0x000000001997f800 Exception <a 'java/lang/NoSuchMethodError': <clinit>> (0x00000000e15735b8) thrown at [D:\src\AOSP-openjdk-cygwin\jdk8u\hotspot\src\share\vm\prims\jni.cpp, line 1613]
Event: 4.005 Thread 0x000000001997f800 Exception <a 'java/lang/NoSuchMethodError': <clinit>> (0x00000000e15c6660) thrown at [D:\src\AOSP-openjdk-cygwin\jdk8u\hotspot\src\share\vm\prims\jni.cpp, line 1613]
Event: 4.007 Thread 0x000000001997f800 Exception <a 'java/lang/NoSuchMethodError': <clinit>> (0x00000000e15d4040) thrown at [D:\src\AOSP-openjdk-cygwin\jdk8u\hotspot\src\share\vm\prims\jni.cpp, line 1613]
Event: 4.028 Thread 0x000000001997f800 Exception <a 'java/lang/NoSuchMethodError': <clinit>> (0x00000000e16f9038) thrown at [D:\src\AOSP-openjdk-cygwin\jdk8u\hotspot\src\share\vm\prims\jni.cpp, line 1613]
Event: 4.029 Thread 0x000000001997f800 Exception <a 'java/lang/NoSuchMethodError': <clinit>> (0x00000000e16fcf80) thrown at [D:\src\AOSP-openjdk-cygwin\jdk8u\hotspot\src\share\vm\prims\jni.cpp, line 1613]
Event: 4.029 Thread 0x000000001997f800 Exception <a 'java/lang/NoSuchMethodError': <clinit>> (0x00000000e16fea88) thrown at [D:\src\AOSP-openjdk-cygwin\jdk8u\hotspot\src\share\vm\prims\jni.cpp, line 1613]
Event: 4.029 Thread 0x000000001997f800 Exception <a 'java/lang/NoSuchMethodError': <clinit>> (0x00000000e1700258) thrown at [D:\src\AOSP-openjdk-cygwin\jdk8u\hotspot\src\share\vm\prims\jni.cpp, line 1613]
Event: 4.029 Thread 0x000000001997f800 Exception <a 'java/lang/NoSuchMethodError': <clinit>> (0x00000000e17018d8) thrown at [D:\src\AOSP-openjdk-cygwin\jdk8u\hotspot\src\share\vm\prims\jni.cpp, line 1613]

Events (10 events):
Event: 4.100 loading class org/gradle/vcs/VcsMappings
Event: 4.100 loading class org/gradle/vcs/VcsMappings done
Event: 4.101 loading class org/gradle/internal/metaobject/AbstractDynamicObject$CustomMessageMissingMethodException
Event: 4.101 loading class org/gradle/internal/metaobject/AbstractDynamicObject$CustomMessageMissingMethodException done
Event: 4.102 loading class org/gradle/api/internal/coerce/MethodArgumentsTransformer
Event: 4.102 loading class org/gradle/api/internal/coerce/MethodArgumentsTransformer done
Event: 4.103 loading class org/gradle/api/internal/coerce/PropertySetTransformer
Event: 4.103 loading class org/gradle/api/internal/coerce/PropertySetTransformer done
Event: 4.103 loading class org/gradle/internal/metaobject/BeanDynamicObject$MetaClassAdapter
Event: 4.103 loading class org/gradle/internal/metaobject/BeanDynamicObject$MetaClassAdapter done


Dynamic libraries:
0x00007ff75a810000 - 0x00007ff75a841000 	M:\A\New folder\jre\bin\java.exe
0x00007ff8c4960000 - 0x00007ff8c4b41000 	C:\WINDOWS\SYSTEM32\ntdll.dll
0x00007ff8c2d00000 - 0x00007ff8c2db2000 	C:\WINDOWS\System32\KERNEL32.DLL
0x00007ff8c0d30000 - 0x00007ff8c0fa3000 	C:\WINDOWS\System32\KERNELBASE.dll
0x00007ff8c4880000 - 0x00007ff8c4921000 	C:\WINDOWS\System32\ADVAPI32.dll
0x00007ff8c27c0000 - 0x00007ff8c285e000 	C:\WINDOWS\System32\msvcrt.dll
0x00007ff8c1df0000 - 0x00007ff8c1e4b000 	C:\WINDOWS\System32\sechost.dll
0x00007ff8c24f0000 - 0x00007ff8c2614000 	C:\WINDOWS\System32\RPCRT4.dll
0x00007ff8c46f0000 - 0x00007ff8c4880000 	C:\WINDOWS\System32\USER32.dll
0x00007ff8c1890000 - 0x00007ff8c18b0000 	C:\WINDOWS\System32\win32u.dll
0x00007ff8c2dc0000 - 0x00007ff8c2de8000 	C:\WINDOWS\System32\GDI32.dll
0x00007ff8c1b00000 - 0x00007ff8c1c92000 	C:\WINDOWS\System32\gdi32full.dll
0x00007ff8c1d50000 - 0x00007ff8c1def000 	C:\WINDOWS\System32\msvcp_win.dll
0x00007ff8c1740000 - 0x00007ff8c183a000 	C:\WINDOWS\System32\ucrtbase.dll
0x00007ff8b1370000 - 0x00007ff8b15d9000 	C:\WINDOWS\WinSxS\amd64_microsoft.windows.common-controls_6595b64144ccf1df_6.0.17134.285_none_fb4297e330656775\COMCTL32.dll
0x00007ff8c29d0000 - 0x00007ff8c2cf3000 	C:\WINDOWS\System32\combase.dll
0x00007ff8c16c0000 - 0x00007ff8c173a000 	C:\WINDOWS\System32\bcryptPrimitives.dll
0x00007ff8c2930000 - 0x00007ff8c295d000 	C:\WINDOWS\System32\IMM32.DLL
0x0000000075800000 - 0x00000000758d2000 	M:\A\New folder\jre\jre\bin\msvcr100.dll
0x0000000076700000 - 0x0000000076f41000 	M:\A\New folder\jre\jre\bin\server\jvm.dll
0x00007ff8c2e70000 - 0x00007ff8c2e78000 	C:\WINDOWS\System32\PSAPI.DLL
0x00007ff8beb10000 - 0x00007ff8beb33000 	C:\WINDOWS\SYSTEM32\WINMM.dll
0x00007ff8b2fb0000 - 0x00007ff8b2fba000 	C:\WINDOWS\SYSTEM32\VERSION.dll
0x00007ff8b8d30000 - 0x00007ff8b8d39000 	C:\WINDOWS\SYSTEM32\WSOCK32.dll
0x00007ff8c2f70000 - 0x00007ff8c2fdc000 	C:\WINDOWS\System32\WS2_32.dll
0x00007ff8bea00000 - 0x00007ff8bea2a000 	C:\WINDOWS\SYSTEM32\WINMMBASE.dll
0x00007ff8c1840000 - 0x00007ff8c1889000 	C:\WINDOWS\System32\cfgmgr32.dll
0x00007ff8b8d20000 - 0x00007ff8b8d2f000 	M:\A\New folder\jre\jre\bin\verify.dll
0x00007ff8a01c0000 - 0x00007ff8a01e9000 	M:\A\New folder\jre\jre\bin\java.dll
0x00007ff8ae7f0000 - 0x00007ff8ae806000 	M:\A\New folder\jre\jre\bin\zip.dll
0x00007ff8c2fe0000 - 0x00007ff8c4420000 	C:\WINDOWS\System32\SHELL32.dll
0x00007ff8c4640000 - 0x00007ff8c46e9000 	C:\WINDOWS\System32\shcore.dll
0x00007ff8c0fb0000 - 0x00007ff8c16bd000 	C:\WINDOWS\System32\windows.storage.dll
0x00007ff8c45e0000 - 0x00007ff8c4631000 	C:\WINDOWS\System32\shlwapi.dll
0x00007ff8c0cf0000 - 0x00007ff8c0d01000 	C:\WINDOWS\System32\kernel.appcore.dll
0x00007ff8c0c70000 - 0x00007ff8c0c8f000 	C:\WINDOWS\System32\profapi.dll
0x00007ff8c0c90000 - 0x00007ff8c0cdc000 	C:\WINDOWS\System32\powrprof.dll
0x00007ff8c0ce0000 - 0x00007ff8c0cea000 	C:\WINDOWS\System32\FLTLIB.DLL
0x00007ff8aa590000 - 0x00007ff8aa5aa000 	M:\A\New folder\jre\jre\bin\net.dll
0x00007ff8c04f0000 - 0x00007ff8c0556000 	C:\WINDOWS\system32\mswsock.dll
0x00007ff8a9cf0000 - 0x00007ff8a9d01000 	M:\A\New folder\jre\jre\bin\nio.dll
0x00007ff8b5f50000 - 0x00007ff8b5f6e000 	C:\Users\mrunmayee\.gradle\native\25\windows-amd64\native-platform.dll
0x00007ff8b8d10000 - 0x00007ff8b8d1d000 	M:\A\New folder\jre\jre\bin\management.dll
0x00007ff8c06a0000 - 0x00007ff8c06b7000 	C:\WINDOWS\SYSTEM32\CRYPTSP.dll
0x00007ff8c00d0000 - 0x00007ff8c0103000 	C:\WINDOWS\system32\rsaenh.dll
0x00007ff8c07d0000 - 0x00007ff8c07f5000 	C:\WINDOWS\SYSTEM32\bcrypt.dll
0x00007ff8c0ba0000 - 0x00007ff8c0bc8000 	C:\WINDOWS\SYSTEM32\USERENV.dll
0x00007ff8c0710000 - 0x00007ff8c071b000 	C:\WINDOWS\SYSTEM32\CRYPTBASE.dll
0x00007ff8c0270000 - 0x00007ff8c02a8000 	C:\WINDOWS\SYSTEM32\IPHLPAPI.DLL
0x00007ff8c2960000 - 0x00007ff8c2968000 	C:\WINDOWS\System32\NSI.dll
0x00007ff8b95c0000 - 0x00007ff8b95d6000 	C:\WINDOWS\SYSTEM32\dhcpcsvc6.DLL
0x00007ff8b86d0000 - 0x00007ff8b86ea000 	C:\WINDOWS\SYSTEM32\dhcpcsvc.DLL

VM Arguments:
jvm_args: -Xmx1536m -Dfile.encoding=windows-1252 -Duser.country=IN -Duser.language=en -Duser.variant 
java_command: org.gradle.launcher.daemon.bootstrap.GradleDaemon 5.1.1
java_class_path (initial): C:\Users\mrunmayee\.gradle\wrapper\dists\gradle-5.1.1-all\97z1ksx6lirer3kbvdnh7jtjg\gradle-5.1.1\lib\gradle-launcher-5.1.1.jar
Launcher Type: SUN_STANDARD

Environment Variables:
PATH=C:\Program Files (x86)\Common Files\Oracle\Java\javapath;C:\Python27\;C:\Python27\Scripts;C:\WINDOWS\system32;C:\WINDOWS;C:\WINDOWS\System32\Wbem;C:\WINDOWS\System32\WindowsPowerShell\v1.0\M:\python;C:\WINDOWS\System32\WindowsPowerShell\v1.0\;C:\WINDOWS\System32\OpenSSH\;M:\Python2.7;M:\Python2.7\Tools\Scripts;M:\Git\cmd;M:\Git\mingw64\bin;M:\Git\usr\bin;M:\nodejs\;C:\WINDOWS\system32\config\systemprofile\.dnx\bin;C:\Program Files\Microsoft DNX\Dnvm\;C:\Program Files\Microsoft SQL Server\130\Tools\Binn\;C:\Program Files\dotnet\;C:\Program Files\Java\jdk1.8.0_211\bin;C:\Program Files\Java\jre1.8.0_211\bin;C:\Program Files (x86)\Microsoft SQL Server\150\DTS\Binn\;C:\Program Files (x86)\dotnet\;c:\Program Files (x86)\Microsoft SQL Server\100\Tools\Binn\;c:\Program Files\Microsoft SQL Server\100\Tools\Binn\;c:\Program Files\Microsoft SQL Server\100\DTS\Binn\;M:\Scripts\;M:\;C:\Users\mrunmayee\AppData\Local\Microsoft\WindowsApps;M:\PyCharm Community Edition 2018.3.4\bin;;C:\Users\mrunmayee\AppData\Roaming\npm;M:\Microsoft VS Code\bin;
USERNAME=mrunmayee
OS=Windows_NT
PROCESSOR_IDENTIFIER=Intel64 Family 6 Model 58 Stepping 9, GenuineIntel



---------------  S Y S T E M  ---------------

OS: Windows 10.0 , 64 bit Build 17134 (10.0.17134.1)

CPU:total 4 (initial active 4) (2 cores per cpu, 2 threads per core) family 6 model 58 stepping 9, cmov, cx8, fxsr, mmx, sse, sse2, sse3, ssse3, sse4.1, sse4.2, popcnt, avx, aes, clmul, erms, ht, tsc, tscinvbit, tscinv

Memory: 4k page, physical 4083992k(973000k free), swap 16666904k(6636k free)

vm_info: OpenJDK 64-Bit Server VM (25.152-b01) for windows-amd64 JRE (1.8.0_152-release-1343-b01), built by "builder" with MS VC++ 10.0 (VS2010)

time: Mon Jun 17 13:11:56 2019
elapsed time: 4 seconds (0d 0h 0m 4s)

