JvmtiExport can_access_local_variables 0
JvmtiExport can_hotswap_or_post_breakpoint 0
JvmtiExport can_post_on_exceptions 0
# 338 ciObject found
ciMethod java/lang/String length ()I 3129 1 341379 0 -1
ciMethod java/lang/String charAt (I)C 4097 1 1511556 0 -1
ciMethod java/lang/String getChars (II[CI)V 2505 1 5461 0 -1
ciMethod java/lang/String equals (Ljava/lang/Object;)Z 2241 10841 7728 0 -1
ciMethod java/lang/System arraycopy (Ljava/lang/Object;ILjava/lang/Object;II)V 5121 1 640 0 -1
ciMethod java/util/Map get (Ljava/lang/Object;)Ljava/lang/Object; 0 0 1 0 -1
ciMethod java/lang/Integer toString (II)Ljava/lang/String; 0 0 1 0 -1
ciMethod java/lang/Integer toHexString (I)Ljava/lang/String; 0 0 113 0 -1
ciMethod java/lang/Integer parseInt (Ljava/lang/String;I)I 217 425 6152 0 -1
ciMethod java/lang/Integer valueOf (I)Ljava/lang/Integer; 449 1 10200 0 -1
ciMethod java/io/Reader read ([CII)I 0 0 1 0 -1
ciMethodData java/lang/String charAt (I)C 2 1512132 orig 264 56 173 107 104 0 0 0 0 176 61 78 22 0 0 0 0 120 1 0 0 32 0 0 0 0 0 0 0 0 0 0 0 0 0 0 0 0 0 0 0 0 0 0 0 0 0 0 0 0 0 0 0 0 0 0 0 0 0 0 0 0 0 0 0 0 0 0 0 0 0 0 0 0 0 0 0 0 0 0 0 77 68 79 32 101 120 116 114 97 32 100 97 116 97 32 108 111 99 107 0 0 0 0 0 0 0 0 0 0 0 0 0 0 0 0 0 0 0 0 0 0 0 0 0 0 0 0 0 0 0 0 0 0 0 0 0 0 0 0 0 0 0 0 0 0 0 0 0 0 0 0 0 0 0 0 0 0 0 0 0 0 0 0 1 0 0 0 0 0 0 0 0 0 0 0 0 0 0 0 0 0 0 0 0 25 0 0 0 0 0 0 0 0 0 0 0 0 0 0 0 1 0 0 0 0 0 0 0 0 0 0 0 0 0 0 0 0 2 0 0 33 134 184 0 1 0 0 0 0 0 0 0 0 0 0 0 2 0 0 0 0 0 8 0 2 0 0 0 80 0 0 0 255 255 255 255 7 0 1 0 0 0 0 0 data 10 0x10007 0x0 0x40 0x1710e1 0xa0007 0x1710dd 0x30 0x0 0x120002 0x0 oops 0
ciMethodData java/lang/String length ()I 2 343759 orig 264 56 173 107 104 0 0 0 0 96 60 78 22 0 0 0 0 32 1 0 0 0 0 0 0 0 0 0 0 0 0 0 0 0 0 0 0 0 0 0 0 0 0 0 0 0 0 0 0 0 0 0 0 0 0 0 0 0 0 0 0 0 0 0 0 0 0 0 0 0 0 0 0 0 0 0 0 0 0 0 0 77 68 79 32 101 120 116 114 97 32 100 97 116 97 32 108 111 99 107 0 0 0 0 0 0 0 0 0 0 0 0 0 0 0 0 0 0 0 0 0 0 0 0 0 0 0 0 0 0 0 0 0 0 0 0 0 0 0 0 0 0 0 0 0 0 0 0 0 0 0 0 0 0 0 0 0 0 0 0 0 0 0 0 0 0 0 0 0 0 0 0 0 0 0 0 0 0 0 0 0 0 0 0 0 1 0 0 0 0 0 0 0 0 0 0 0 0 0 0 0 1 0 0 0 0 0 0 0 0 0 0 0 0 0 0 0 135 1 0 0 65 234 41 0 1 0 0 0 0 0 0 0 0 0 0 0 2 0 0 0 0 0 3 0 1 0 0 0 0 0 0 0 255 255 255 255 0 0 0 0 0 0 0 0 data 0 oops 0
ciMethodData java/lang/String getChars (II[CI)V 2 5461 orig 264 56 173 107 104 0 0 0 0 8 66 78 22 0 0 0 0 8 2 0 0 128 0 0 0 0 0 0 0 0 0 0 0 0 0 0 0 0 0 0 0 0 0 0 0 0 0 0 0 0 0 0 0 0 0 0 0 0 0 0 0 0 0 0 0 0 0 0 0 0 0 0 0 0 0 0 0 0 0 0 0 77 68 79 32 101 120 116 114 97 32 100 97 116 97 32 108 111 99 107 0 0 0 0 0 0 0 0 0 0 0 0 0 0 0 0 0 0 0 0 0 0 0 0 0 0 0 0 0 0 0 0 0 0 0 0 0 0 0 0 0 0 0 0 0 0 0 0 0 0 0 0 0 0 0 0 0 0 0 0 0 0 0 0 0 0 0 0 0 0 0 0 0 0 0 0 0 0 0 0 0 0 0 0 0 25 0 0 0 0 0 0 0 0 0 0 0 0 0 0 0 1 0 0 0 0 0 0 0 0 0 0 0 0 0 0 0 57 1 0 0 225 160 0 0 1 0 0 0 0 0 0 0 0 0 0 0 2 0 0 0 0 0 9 0 2 0 0 0 160 0 0 0 255 255 255 255 7 0 1 0 0 0 0 0 data 20 0x10007 0x141c 0x30 0x0 0x90002 0x0 0x130007 0x141c 0x30 0x0 0x1b0002 0x0 0x210007 0x141c 0x30 0x0 0x2b0002 0x0 0x3a0002 0x141c oops 0
ciMethod com/sun/org/apache/xerces/internal/xni/XMLDocumentHandler xmlDecl (Ljava/lang/String;Ljava/lang/String;Ljava/lang/String;Lcom/sun/org/apache/xerces/internal/xni/Augmentations;)V 0 0 1 0 -1
ciMethod com/sun/org/apache/xerces/internal/xni/XMLDocumentHandler startElement (Lcom/sun/org/apache/xerces/internal/xni/QName;Lcom/sun/org/apache/xerces/internal/xni/XMLAttributes;Lcom/sun/org/apache/xerces/internal/xni/Augmentations;)V 0 0 1 0 -1
ciMethod com/sun/org/apache/xerces/internal/xni/XMLDocumentHandler emptyElement (Lcom/sun/org/apache/xerces/internal/xni/QName;Lcom/sun/org/apache/xerces/internal/xni/XMLAttributes;Lcom/sun/org/apache/xerces/internal/xni/Augmentations;)V 0 0 1 0 -1
ciMethod com/sun/org/apache/xerces/internal/xni/XMLDocumentHandler textDecl (Ljava/lang/String;Ljava/lang/String;Lcom/sun/org/apache/xerces/internal/xni/Augmentations;)V 0 0 1 0 -1
ciMethod com/sun/org/apache/xerces/internal/xni/XMLDocumentHandler endElement (Lcom/sun/org/apache/xerces/internal/xni/QName;Lcom/sun/org/apache/xerces/internal/xni/Augmentations;)V 0 0 1 0 -1
ciMethod com/sun/org/apache/xerces/internal/util/SymbolTable addSymbol ([CII)Ljava/lang/String; 3833 24577 3993 0 3040
ciMethod com/sun/org/apache/xerces/internal/util/SymbolTable addSymbol0 ([CIIII)Ljava/lang/String; 545 1 1162 0 -1
ciMethod com/sun/org/apache/xerces/internal/util/SymbolTable hash (Ljava/lang/String;)I 2113 1 2902 0 -1
ciMethod com/sun/org/apache/xerces/internal/util/SymbolTable hash ([CII)I 3929 31121 2070 0 -1
ciMethod com/sun/org/apache/xerces/internal/util/SymbolTable rehash ()V 17 1 2 0 -1
ciMethod com/sun/org/apache/xerces/internal/util/SymbolTable rebalance ()V 0 0 1 0 -1
ciMethod com/sun/org/apache/xerces/internal/util/SymbolTable rehashCommon (I)V 17 2817 2 0 -1
ciMethod com/sun/org/apache/xerces/internal/util/SymbolTable$Entry <init> ([CIILcom/sun/org/apache/xerces/internal/util/SymbolTable$Entry;)V 2049 1 1162 0 -1
ciMethod com/sun/org/apache/xerces/internal/impl/XMLEntityManager setStandalone (Z)V 817 1 60 0 -1
ciMethod com/sun/org/apache/xerces/internal/impl/XMLEntityManager startEntity (ZLjava/lang/String;Z)V 0 0 1 0 -1
ciMethod com/sun/org/apache/xerces/internal/impl/XMLEntityManager endEntity ()V 145 1 61 0 -1
ciMethod com/sun/org/apache/xerces/internal/utils/XMLSecurityManager isNoLimit (I)Z 2257 1 2713 0 -1
ciMethod com/sun/xml/internal/stream/XMLEntityStorage isExternalEntity (Ljava/lang/String;)Z 0 0 1 0 -1
ciMethod com/sun/xml/internal/stream/XMLEntityStorage isUnparsedEntity (Ljava/lang/String;)Z 81 1 10 0 -1
ciMethod com/sun/xml/internal/stream/XMLEntityStorage isDeclaredEntity (Ljava/lang/String;)Z 0 0 1 0 0
ciMethod com/sun/org/apache/xerces/internal/impl/XMLEntityScanner setXMLVersion (Ljava/lang/String;)V 817 1 60 0 -1
ciMethod com/sun/org/apache/xerces/internal/impl/XMLEntityScanner getCurrentEntity ()Lcom/sun/xml/internal/stream/Entity$ScannedEntity; 817 1 60 0 -1
ciMethod com/sun/org/apache/xerces/internal/impl/XMLEntityScanner setVersion (Ljava/lang/String;)V 817 1 60 0 -1
ciMethod com/sun/org/apache/xerces/internal/impl/XMLEntityScanner setEncoding (Ljava/lang/String;)V 817 1 60 0 -1
ciMethod com/sun/org/apache/xerces/internal/impl/XMLEntityScanner peekChar ()I 3649 1 7104 0 0
ciMethod com/sun/org/apache/xerces/internal/impl/XMLEntityScanner scanChar (Lcom/sun/org/apache/xerces/internal/impl/XMLScanner$NameType;)I 4025 1 5957 0 320
ciMethod com/sun/org/apache/xerces/internal/impl/XMLEntityScanner scanName (Lcom/sun/org/apache/xerces/internal/impl/XMLScanner$NameType;)Ljava/lang/String; 81 81 2227 0 -1
ciMethod com/sun/org/apache/xerces/internal/impl/XMLEntityScanner scanQName (Lcom/sun/org/apache/xerces/internal/xni/QName;Lcom/sun/org/apache/xerces/internal/impl/XMLScanner$NameType;)Z 2857 24713 1896 0 -1
ciMethod com/sun/org/apache/xerces/internal/impl/XMLEntityScanner checkEntityLimit (Lcom/sun/org/apache/xerces/internal/impl/XMLScanner$NameType;Lcom/sun/xml/internal/stream/Entity$ScannedEntity;II)V 2177 1 5604 0 128
ciMethod com/sun/org/apache/xerces/internal/impl/XMLEntityScanner checkNodeCount (Lcom/sun/xml/internal/stream/Entity$ScannedEntity;)V 129 1 2816 0 -1
ciMethod com/sun/org/apache/xerces/internal/impl/XMLEntityScanner checkLimit (Lcom/sun/org/apache/xerces/internal/utils/XMLSecurityManager$Limit;Lcom/sun/xml/internal/stream/Entity$ScannedEntity;II)V 441 1 5211 0 -1
ciMethod com/sun/org/apache/xerces/internal/impl/XMLEntityScanner scanContent (Lcom/sun/org/apache/xerces/internal/xni/XMLString;)I 1809 32769 1147 0 0
ciMethod com/sun/org/apache/xerces/internal/impl/XMLEntityScanner scanData (Ljava/lang/String;Lcom/sun/org/apache/xerces/internal/util/XMLStringBuffer;)Z 793 165345 99 0 -1
ciMethod com/sun/org/apache/xerces/internal/impl/XMLEntityScanner skipChar (ILcom/sun/org/apache/xerces/internal/impl/XMLScanner$NameType;)Z 3673 1 5926 0 384
ciMethod com/sun/org/apache/xerces/internal/impl/XMLEntityScanner skipSpaces ()Z 3305 2313 7404 0 0
ciMethod com/sun/org/apache/xerces/internal/impl/XMLEntityScanner arrangeCapacity (IZ)Z 1921 121 1034 0 -1
ciMethod com/sun/org/apache/xerces/internal/impl/XMLEntityScanner skipString (Ljava/lang/String;)Z 809 10569 967 0 0
ciMethod com/sun/org/apache/xerces/internal/impl/XMLEntityScanner skipString ([C)Z 177 785 61 0 0
ciMethod com/sun/org/apache/xerces/internal/impl/XMLEntityScanner load (IZZ)Z 81 1 976 19 0
ciMethod com/sun/org/apache/xerces/internal/impl/XMLEntityScanner invokeListeners (I)V 73 57 1011 0 -1
ciMethod com/sun/org/apache/xerces/internal/impl/XMLErrorReporter reportError (Ljava/lang/String;Ljava/lang/String;[Ljava/lang/Object;S)Ljava/lang/String; 0 0 1 0 -1
ciMethod com/sun/org/apache/xerces/internal/impl/XMLErrorReporter reportError (Lcom/sun/org/apache/xerces/internal/xni/XMLLocator;Ljava/lang/String;Ljava/lang/String;[Ljava/lang/Object;S)Ljava/lang/String; 0 0 1 0 -1
ciMethod com/sun/org/apache/xerces/internal/impl/XMLErrorReporter reportError (Lcom/sun/org/apache/xerces/internal/xni/XMLLocator;Ljava/lang/String;Ljava/lang/String;[Ljava/lang/Object;SLjava/lang/Exception;)Ljava/lang/String; 0 0 1 0 -1
ciMethod com/sun/org/apache/xerces/internal/impl/XMLNSDocumentScannerImpl scanStartElement ()Z 3081 5345 936 0 -1
ciMethod com/sun/org/apache/xerces/internal/impl/XMLNSDocumentScannerImpl scanAttribute (Lcom/sun/org/apache/xerces/internal/util/XMLAttributesImpl;)V 3073 1 960 0 -1
ciMethod com/sun/org/apache/xerces/internal/impl/XMLDocumentFragmentScannerImpl scanXMLDeclOrTextDecl (Z)V 9 1 56 0 0
ciMethod com/sun/org/apache/xerces/internal/impl/XMLDocumentFragmentScannerImpl scanPIData (Ljava/lang/String;Lcom/sun/org/apache/xerces/internal/util/XMLStringBuffer;)V 0 0 1 0 0
ciMethod com/sun/org/apache/xerces/internal/impl/XMLDocumentFragmentScannerImpl scanComment ()V 121 1 99 0 0
ciMethod com/sun/org/apache/xerces/internal/impl/XMLDocumentFragmentScannerImpl scanStartElement ()Z 2049 4065 485 0 -1
ciMethod com/sun/org/apache/xerces/internal/impl/XMLDocumentFragmentScannerImpl seekCloseOfStartTag ()Z 3449 1 4113 0 -1
ciMethod com/sun/org/apache/xerces/internal/impl/XMLDocumentFragmentScannerImpl scanAttribute (Lcom/sun/org/apache/xerces/internal/xni/XMLAttributes;)V 2449 1 1732 0 -1
ciMethod com/sun/org/apache/xerces/internal/impl/XMLDocumentFragmentScannerImpl scanContent (Lcom/sun/org/apache/xerces/internal/util/XMLStringBuffer;)I 225 1 1009 0 0
ciMethod com/sun/org/apache/xerces/internal/impl/XMLDocumentFragmentScannerImpl scanCDATASection (Lcom/sun/org/apache/xerces/internal/util/XMLStringBuffer;Z)Z 0 0 1 0 0
ciMethod com/sun/org/apache/xerces/internal/impl/XMLDocumentFragmentScannerImpl scanEndElement ()I 777 1 710 0 0
ciMethod com/sun/org/apache/xerces/internal/impl/XMLDocumentFragmentScannerImpl scanEntityReference (Lcom/sun/org/apache/xerces/internal/util/XMLStringBuffer;)V 81 1 10 0 0
ciMethod com/sun/org/apache/xerces/internal/impl/XMLDocumentFragmentScannerImpl checkDepth (Ljava/lang/String;)V 3081 1 1421 0 -1
ciMethod com/sun/org/apache/xerces/internal/impl/XMLDocumentFragmentScannerImpl handleCharacter (CLjava/lang/String;Lcom/sun/org/apache/xerces/internal/util/XMLStringBuffer;)V 81 1 10 0 -1
ciMethod com/sun/org/apache/xerces/internal/impl/XMLDocumentFragmentScannerImpl setScannerState (I)V 4097 1 9676 0 0
ciMethod com/sun/org/apache/xerces/internal/impl/XMLDocumentFragmentScannerImpl setDriver (Lcom/sun/org/apache/xerces/internal/impl/XMLDocumentFragmentScannerImpl$Driver;)V 2057 1 312 0 -1
ciMethod com/sun/org/apache/xerces/internal/impl/XMLDocumentFragmentScannerImpl access$000 ()[C 0 0 1 0 0
ciMethod com/sun/org/apache/xerces/internal/impl/XMLDocumentFragmentScannerImpl access$100 (Lcom/sun/org/apache/xerces/internal/impl/XMLDocumentFragmentScannerImpl;)Ljava/lang/String; 0 0 1 0 0
ciMethod com/sun/org/apache/xerces/internal/impl/XMLScanner scanXMLDeclOrTextDecl (Z[Ljava/lang/String;)V 817 1865 60 0 -1
ciMethod com/sun/org/apache/xerces/internal/impl/XMLScanner scanPI (Lcom/sun/org/apache/xerces/internal/util/XMLStringBuffer;)V 0 0 1 0 0
ciMethod com/sun/org/apache/xerces/internal/impl/XMLScanner scanPIData (Ljava/lang/String;Lcom/sun/org/apache/xerces/internal/util/XMLStringBuffer;)V 0 0 1 0 -1
ciMethod com/sun/org/apache/xerces/internal/impl/XMLScanner scanComment (Lcom/sun/org/apache/xerces/internal/util/XMLStringBuffer;)V 121 1 99 0 -1
ciMethod com/sun/org/apache/xerces/internal/impl/XMLScanner scanCharReferenceValue (Lcom/sun/org/apache/xerces/internal/util/XMLStringBuffer;Lcom/sun/org/apache/xerces/internal/util/XMLStringBuffer;)I 0 0 1 0 0
ciMethod com/sun/org/apache/xerces/internal/impl/XMLScanner isInvalid (I)Z 0 0 1 0 -1
ciMethod com/sun/org/apache/xerces/internal/impl/XMLScanner isInvalidLiteral (I)Z 225 1 982 0 0
ciMethod com/sun/org/apache/xerces/internal/impl/XMLScanner isValidNameChar (I)Z 0 0 1 0 0
ciMethod com/sun/org/apache/xerces/internal/impl/XMLScanner isValidNCName (I)Z 0 0 1 0 0
ciMethod com/sun/org/apache/xerces/internal/impl/XMLScanner isValidNameStartChar (I)Z 2177 1 3312 0 0
ciMethod com/sun/org/apache/xerces/internal/impl/XMLScanner isValidNameStartHighSurrogate (I)Z 329 1 274 0 0
ciMethod com/sun/org/apache/xerces/internal/impl/XMLScanner scanSurrogates (Lcom/sun/org/apache/xerces/internal/util/XMLStringBuffer;)Z 0 0 1 0 -1
ciMethod com/sun/org/apache/xerces/internal/impl/XMLScanner reportFatalError (Ljava/lang/String;[Ljava/lang/Object;)V 0 0 1 0 0
ciMethod com/sun/org/apache/xerces/internal/impl/XMLScanner checkEntityLimit (ZLjava/lang/String;I)V 81 1 10 0 -1
ciMethod com/sun/org/apache/xerces/internal/xni/XMLString setValues ([CII)V 3889 1 2646 0 -1
ciMethod com/sun/org/apache/xerces/internal/xni/XMLString toString ()Ljava/lang/String; 2777 1 3115 0 -1
ciMethod com/sun/org/apache/xerces/internal/util/XMLStringBuffer clear ()V 2545 1 2990 0 0
ciMethod com/sun/org/apache/xerces/internal/util/XMLStringBuffer append (C)V 113 1 16 0 0
ciMethod com/sun/org/apache/xerces/internal/util/XMLStringBuffer append (Ljava/lang/String;)V 0 0 1 0 0
ciMethod com/sun/org/apache/xerces/internal/util/XMLStringBuffer append ([CII)V 977 1 2723 0 0
ciMethod com/sun/org/apache/xerces/internal/util/XMLStringBuffer append (Lcom/sun/org/apache/xerces/internal/xni/XMLString;)V 593 1 2378 0 0
ciMethod com/sun/org/apache/xerces/internal/impl/XMLDocumentFragmentScannerImpl$ElementStack getNext ()Lcom/sun/org/apache/xerces/internal/xni/QName; 0 0 1 0 -1
ciMethod com/sun/org/apache/xerces/internal/impl/XMLDocumentFragmentScannerImpl$ElementStack push ()V 0 0 1 0 -1
ciMethod com/sun/org/apache/xerces/internal/impl/XMLDocumentFragmentScannerImpl$ElementStack matchElement (Lcom/sun/org/apache/xerces/internal/xni/QName;)Z 0 0 1 0 -1
ciMethod com/sun/org/apache/xerces/internal/impl/XMLDocumentFragmentScannerImpl$ElementStack nextElement ()Lcom/sun/org/apache/xerces/internal/xni/QName; 3081 1 1421 0 -1
ciMethod com/sun/org/apache/xerces/internal/impl/XMLDocumentFragmentScannerImpl$ElementStack popElement ()Lcom/sun/org/apache/xerces/internal/xni/QName; 3081 1 1421 0 0
ciMethod com/sun/org/apache/xerces/internal/impl/XMLDocumentFragmentScannerImpl$ElementStack reposition ()V 0 0 1 0 -1
ciMethod com/sun/org/apache/xerces/internal/xni/QName setValues (Ljava/lang/String;Ljava/lang/String;Ljava/lang/String;Ljava/lang/String;)V 3121 1 4609 0 -1
ciMethod com/sun/org/apache/xerces/internal/impl/XMLNSDocumentScannerImpl$NSContentDriver scanRootElementHook ()Z 841 1 63 0 0
ciMethod com/sun/org/apache/xerces/internal/impl/XMLNSDocumentScannerImpl$NSContentDriver reconfigurePipeline ()V 841 1 63 0 -1
ciMethod com/sun/org/apache/xerces/internal/impl/XMLDocumentScannerImpl$ContentDriver elementDepthIsZeroHook ()Z 849 1 62 0 0
ciMethod com/sun/org/apache/xerces/internal/impl/XMLDocumentScannerImpl$ContentDriver scanRootElementHook ()Z 9 1 1 0 0
ciMethod com/sun/org/apache/xerces/internal/impl/XMLDocumentFragmentScannerImpl$FragmentContentDriver startOfMarkup ()V 225 1 547 0 0
ciMethod com/sun/org/apache/xerces/internal/impl/XMLDocumentFragmentScannerImpl$FragmentContentDriver next ()I 4097 1 5633 0 -1
ciMethod com/sun/org/apache/xerces/internal/impl/XMLDocumentFragmentScannerImpl$FragmentContentDriver scanForDoctypeHook ()Z 0 0 1 0 -1
ciMethod com/sun/org/apache/xerces/internal/impl/XMLDocumentFragmentScannerImpl$FragmentContentDriver elementDepthIsZeroHook ()Z 0 0 1 0 -1
ciMethod com/sun/org/apache/xerces/internal/impl/XMLDocumentFragmentScannerImpl$FragmentContentDriver scanRootElementHook ()Z 0 0 1 0 -1
ciMethod com/sun/org/apache/xerces/internal/impl/XMLDocumentFragmentScannerImpl$FragmentContentDriver endOfFileHook (Ljava/io/EOFException;)V 0 0 1 0 -1
ciMethod com/sun/org/apache/xerces/internal/util/XMLAttributesIteratorImpl removeAllAttributes ()V 3081 1 1421 0 -1
ciMethod com/sun/org/apache/xerces/internal/util/XMLAttributesImpl getName (ILcom/sun/org/apache/xerces/internal/xni/QName;)V 3081 1 1516 0 -1
ciMethod com/sun/org/apache/xerces/internal/util/XMLAttributesImpl getLength ()I 3449 1 431 0 -1
ciMethod com/sun/org/apache/xerces/internal/util/XMLAttributesImpl checkDuplicatesNS ()Lcom/sun/org/apache/xerces/internal/xni/QName; 825 7009 262 0 -1
ciMethod com/sun/org/apache/xerces/internal/util/XMLAttributesImpl setURI (ILjava/lang/String;)V 441 1 268 0 -1
ciMethod com/sun/org/apache/xerces/internal/xni/NamespaceContext pushContext ()V 0 0 1 0 -1
ciMethod com/sun/org/apache/xerces/internal/xni/NamespaceContext getURI (Ljava/lang/String;)Ljava/lang/String; 0 0 1 0 -1
ciMethod com/sun/org/apache/xerces/internal/util/XMLChar isSupplemental (I)Z 0 0 1 0 -1
ciMethod com/sun/org/apache/xerces/internal/util/XMLChar supplemental (CC)I 0 0 1 0 -1
ciMethod com/sun/org/apache/xerces/internal/util/XMLChar highSurrogate (I)C 0 0 1 0 -1
ciMethod com/sun/org/apache/xerces/internal/util/XMLChar lowSurrogate (I)C 0 0 1 0 -1
ciMethod com/sun/org/apache/xerces/internal/util/XMLChar isHighSurrogate (I)Z 0 0 1 0 -1
ciMethod com/sun/org/apache/xerces/internal/util/XMLChar isLowSurrogate (I)Z 0 0 1 0 -1
ciMethod com/sun/org/apache/xerces/internal/util/XMLChar isValid (I)Z 4097 1 6678 0 128
ciMethod com/sun/org/apache/xerces/internal/util/XMLChar isInvalid (I)Z 4097 1 6710 0 128
ciMethod com/sun/org/apache/xerces/internal/util/XMLChar isContent (I)Z 2089 1 80384 0 -1
ciMethod com/sun/org/apache/xerces/internal/util/XMLChar isSpace (I)Z 4097 1 15590 0 -1
ciMethod com/sun/org/apache/xerces/internal/util/XMLChar isNameStart (I)Z 4097 1 8779 0 0
ciMethod com/sun/org/apache/xerces/internal/util/XMLChar isName (I)Z 9 1 760 0 0
ciMethod com/sun/org/apache/xerces/internal/util/XMLChar isNCName (I)Z 1 1 4750 0 0
ciMethod com/sun/xml/internal/stream/Entity$ScannedEntity isEncodingExternallySpecified ()Z 817 1 60 0 -1
ciMethodData com/sun/org/apache/xerces/internal/util/XMLChar isInvalid (I)Z 2 6710 orig 264 56 173 107 104 0 0 0 0 40 6 237 33 0 0 0 0 144 1 0 0 0 0 0 0 0 0 0 0 0 0 0 0 0 0 0 0 0 0 0 0 0 0 0 0 0 0 0 0 0 0 0 0 0 0 0 0 0 0 0 0 0 0 0 0 0 0 0 0 0 0 0 0 0 0 0 0 0 0 0 0 77 68 79 32 101 120 116 114 97 32 100 97 116 97 32 108 111 99 107 0 0 0 0 0 0 0 0 0 0 0 0 0 0 0 0 0 0 0 0 0 0 0 0 0 0 0 0 0 0 0 0 0 0 0 0 0 0 0 0 0 0 0 0 0 0 0 0 0 0 0 0 0 0 0 0 0 0 0 0 0 0 0 0 0 0 0 0 0 0 0 0 0 0 0 0 0 0 0 0 0 0 0 0 0 0 0 0 0 0 0 0 0 0 0 0 0 0 0 0 0 0 0 0 0 0 0 0 0 0 0 0 0 0 0 0 0 0 2 0 0 177 193 0 0 1 0 0 0 0 0 0 0 0 0 0 0 2 0 0 0 0 0 19 0 2 0 0 0 72 0 0 0 255 255 255 255 2 0 1 0 0 0 0 0 data 9 0x10002 0x1836 0x40007 0x1836 0x38 0x0 0x80003 0x0 0x18 oops 0
ciMethodData com/sun/org/apache/xerces/internal/util/XMLChar isValid (I)Z 2 6678 orig 264 56 173 107 104 0 0 0 0 128 5 237 33 0 0 0 0 184 1 0 0 96 0 0 0 0 0 0 0 0 0 0 0 0 0 0 0 0 0 0 0 0 0 0 0 0 0 0 0 0 0 0 0 0 0 0 0 0 0 0 0 0 0 0 0 0 0 0 0 0 0 0 0 0 0 0 0 0 0 0 0 77 68 79 32 101 120 116 114 97 32 100 97 116 97 32 108 111 99 107 0 0 0 0 0 0 0 0 0 0 0 0 0 0 0 0 0 0 0 0 0 0 0 0 0 0 0 0 0 0 0 0 0 0 0 0 0 0 0 0 0 0 0 0 0 0 0 0 0 0 0 0 0 0 0 0 0 0 0 0 0 0 0 0 0 0 0 0 0 0 0 0 0 0 0 0 0 0 0 0 0 0 0 0 0 0 0 0 0 0 0 0 0 0 0 0 0 0 0 0 0 0 0 0 0 0 0 0 0 0 0 0 0 0 0 0 0 0 2 0 0 177 192 0 0 1 0 0 0 0 0 0 0 0 0 0 0 2 0 0 0 0 0 15 0 2 0 0 0 152 0 0 0 255 255 255 255 7 0 3 0 0 0 0 0 data 19 0x30007 0x0 0x40 0x1816 0xd0007 0x1816 0x60 0x0 0x130007 0x0 0x58 0x0 0x190007 0x0 0x38 0x0 0x1d0003 0x1816 0x18 oops 0
ciMethodData com/sun/org/apache/xerces/internal/impl/XMLEntityScanner checkEntityLimit (Lcom/sun/org/apache/xerces/internal/impl/XMLScanner$NameType;Lcom/sun/xml/internal/stream/Entity$ScannedEntity;II)V 2 5604 orig 264 56 173 107 104 0 0 0 0 64 147 224 33 0 0 0 0 104 2 0 0 176 0 0 0 0 0 0 0 0 0 0 0 0 0 0 0 0 0 0 0 0 0 0 0 0 0 0 0 0 0 0 0 0 0 0 0 0 0 0 0 0 0 0 0 0 0 0 0 0 0 0 0 0 0 0 0 0 0 0 0 77 68 79 32 101 120 116 114 97 32 100 97 116 97 32 108 111 99 107 0 0 0 0 0 0 0 0 0 0 0 0 0 0 0 0 0 0 0 0 0 0 0 0 0 0 0 0 0 0 0 0 0 0 0 0 0 0 0 0 0 0 0 0 0 0 0 0 0 0 0 0 0 0 0 0 0 0 0 0 0 0 0 0 0 0 0 0 0 0 0 0 0 0 0 0 0 0 0 0 0 0 0 0 0 0 0 0 0 0 0 0 0 0 0 0 0 0 0 0 0 0 0 0 0 0 0 0 0 0 0 0 0 0 0 0 0 16 1 0 0 161 166 0 0 1 0 0 0 0 0 0 0 0 0 0 0 2 0 0 0 0 0 22 0 2 0 0 0 0 1 0 0 255 255 255 255 7 0 1 0 0 0 0 0 data 32 0x10007 0x0 0x40 0x14d4 0x80007 0x0 0x20 0x14d4 0x100007 0x0 0x50 0x0 0x1b0005 0x0 0x0 0x0 0x0 0x0 0x220007 0x0 0x40 0x0 0x290007 0x0 0x50 0x0 0x2e0005 0x0 0x0 0x0 0x0 0x0 oops 0
ciMethodData com/sun/org/apache/xerces/internal/impl/XMLEntityScanner peekChar ()I 2 7104 orig 264 56 173 107 104 0 0 0 0 232 134 224 33 0 0 0 0 240 1 0 0 112 0 0 0 0 0 0 0 0 0 0 0 0 0 0 0 0 0 0 0 0 0 0 0 0 0 0 0 0 0 0 0 0 0 0 0 0 0 0 0 0 0 0 0 0 0 0 0 0 0 0 0 0 0 0 0 0 0 0 0 77 68 79 32 101 120 116 114 97 32 100 97 116 97 32 108 111 99 107 0 0 0 0 0 0 0 0 0 0 0 0 0 0 0 0 0 0 0 0 0 0 0 0 0 0 0 0 0 0 0 0 0 0 0 0 0 0 0 0 0 0 0 0 0 1 0 0 0 0 0 0 0 0 0 0 0 0 0 0 0 0 0 0 0 0 0 0 0 0 0 0 0 0 0 0 0 0 0 0 1 0 0 0 0 0 0 0 0 0 0 0 0 0 0 0 0 0 0 0 0 0 0 0 0 0 0 0 0 0 0 0 0 0 0 0 0 200 1 0 0 193 207 0 0 1 0 0 0 225 20 0 0 0 0 0 0 2 0 0 0 0 0 11 0 2 0 0 0 168 0 0 0 255 255 255 255 7 0 14 0 0 0 0 0 data 21 0xe0007 0x19d9 0x50 0x1f 0x150005 0x0 0x1d50dcc0 0x1f 0x0 0x0 0x2d0007 0x0 0x58 0x19f8 0x33e007 0x9 0x38 0x19f0 0x370003 0x19f0 0x18 oops 1 6 com/sun/org/apache/xerces/internal/impl/XMLEntityScanner
ciMethodData com/sun/org/apache/xerces/internal/impl/XMLEntityScanner load (IZZ)Z 1 988 orig 264 56 173 107 104 0 0 0 0 88 177 224 33 0 0 0 0 56 3 0 0 104 1 0 0 0 0 0 0 0 0 0 0 0 0 0 0 0 0 0 0 0 0 0 0 0 0 0 0 0 0 0 0 0 0 0 0 0 0 0 0 0 0 0 0 0 0 0 0 0 0 0 0 0 0 0 0 0 0 0 0 77 68 79 32 101 120 116 114 97 32 100 97 116 97 32 108 111 99 107 0 0 0 0 0 0 0 0 0 0 0 0 0 0 0 0 0 0 0 0 0 0 0 0 0 0 0 0 0 0 0 0 0 0 0 0 0 0 0 0 0 0 0 0 0 0 0 0 0 0 0 0 0 0 0 0 0 0 0 0 0 0 0 0 0 0 0 0 0 0 0 0 0 0 0 0 0 0 0 0 0 0 0 0 0 0 0 0 0 0 0 0 0 0 0 0 0 0 0 0 0 0 0 0 0 0 0 0 0 0 0 0 0 0 0 0 0 10 0 0 0 145 30 0 0 1 0 0 0 0 0 0 0 0 0 0 0 2 0 0 0 0 0 22 0 2 0 0 0 216 1 0 0 255 255 255 255 7 0 1 0 0 0 0 0 data 59 0x10007 0x194 0x50 0x23e 0x60005 0x0 0x1d50dcc0 0x23e 0x0 0x0 0x320007 0xb9 0x40 0x319 0x390007 0x0 0x20 0x319 0x510005 0x42 0x1fef7d20 0x388 0x1fef7dd0 0x8 0x5c0007 0x40 0x58 0x392 0x610007 0x0 0xf8 0x392 0x800003 0x392 0xd8 0x970007 0x0 0xc0 0x40 0x9e0005 0x0 0x1c3fda10 0x40 0x0 0x0 0xa50007 0x0 0x20 0x40 0xba0007 0x0 0x50 0x0 0xc10005 0x0 0x0 0x0 0x0 0x0 oops 4 6 com/sun/org/apache/xerces/internal/impl/XMLEntityScanner 20 com/sun/org/apache/xerces/internal/impl/io/UTF8Reader 22 java/io/InputStreamReader 41 com/sun/org/apache/xerces/internal/impl/XMLEntityManager
ciMethodData com/sun/org/apache/xerces/internal/impl/XMLEntityScanner skipChar (ILcom/sun/org/apache/xerces/internal/impl/XMLScanner$NameType;)Z 2 5926 orig 264 56 173 107 104 0 0 0 0 80 167 224 33 0 0 0 0 96 3 0 0 184 1 0 0 0 0 0 0 0 0 0 0 0 0 0 0 0 0 0 0 0 0 0 0 0 0 0 0 0 0 0 0 0 0 0 0 0 0 0 0 0 0 0 0 0 0 0 0 0 0 0 0 0 0 0 0 0 0 0 0 77 68 79 32 101 120 116 114 97 32 100 97 116 97 32 108 111 99 107 0 0 0 0 0 0 0 0 0 0 0 0 0 0 0 0 0 0 0 0 0 0 0 0 0 0 0 0 0 0 0 0 0 0 0 0 0 0 0 0 0 0 0 0 0 0 0 0 0 0 0 0 0 0 0 0 0 0 0 0 0 0 0 0 0 0 0 0 0 0 0 0 0 0 0 0 0 0 0 0 0 0 0 0 0 0 0 0 0 0 0 0 0 0 0 0 0 0 0 0 0 0 0 0 0 0 0 0 0 0 0 0 0 0 0 0 0 203 1 0 0 217 170 0 0 1 0 0 0 0 0 0 0 0 0 0 0 2 0 0 0 0 0 24 0 2 0 0 0 8 2 0 0 255 255 255 255 7 0 14 0 0 0 0 0 data 65 0xe0007 0x151f 0x50 0x3c 0x150005 0x0 0x1d50dcc0 0x3c 0x0 0x0 0x350007 0x5ff 0x88 0xf5c 0x480007 0xf5c 0x38 0x0 0x600003 0x0 0x18 0x800005 0x0 0x1d50dcc0 0xf5c 0x0 0x0 0x880007 0x5ff 0x130 0x0 0x8f0007 0x0 0x110 0x0 0x960007 0x0 0xf0 0x0 0xa70007 0x0 0x80 0x0 0xac0005 0x0 0x0 0x0 0x0 0x0 0xbf0005 0x0 0x0 0x0 0x0 0x0 0xe10007 0x0 0x20 0x0 0x1160005 0x0 0x0 0x0 0x0 0x0 oops 2 6 com/sun/org/apache/xerces/internal/impl/XMLEntityScanner 23 com/sun/org/apache/xerces/internal/impl/XMLEntityScanner
ciMethodData com/sun/org/apache/xerces/internal/impl/XMLEntityScanner skipSpaces ()Z 2 7442 orig 264 56 173 107 104 0 0 0 0 96 170 224 33 0 0 0 0 136 4 0 0 224 0 0 0 0 0 0 0 0 0 0 0 0 0 0 0 0 0 0 0 0 0 0 0 0 0 0 0 0 0 0 0 0 0 0 0 0 0 0 0 0 0 0 0 0 0 0 0 0 0 0 0 0 0 0 0 0 0 0 0 77 68 79 32 101 120 116 114 97 32 100 97 116 97 32 108 111 99 107 0 0 0 0 0 0 0 0 0 0 0 0 0 0 0 0 0 0 0 0 0 0 0 0 0 0 0 0 0 0 0 0 0 0 0 0 0 0 0 0 0 0 0 0 0 1 0 0 0 0 0 0 0 0 0 0 0 0 0 0 0 0 0 0 0 0 0 0 0 0 0 0 0 0 0 0 0 0 0 0 1 0 0 0 0 0 0 0 0 0 0 0 0 0 0 0 0 0 0 0 0 0 0 0 0 0 0 0 0 0 0 0 0 0 0 0 0 156 1 0 0 169 219 0 0 113 77 0 0 242 22 0 0 59 8 0 0 2 0 0 0 1 0 57 0 2 0 0 0 64 3 0 0 255 255 255 255 7 0 14 0 0 0 0 0 data 104 0xe0007 0x1aa8 0x50 0xcd 0x150005 0x0 0x1d50dcc0 0xcd 0x0 0x0 0x1d0007 0x1b3f 0x20 0x0 0x3d0002 0x1b3f 0x400007 0x1427 0x2c0 0x718 0x480007 0x79 0x60 0x94a 0x4f0007 0x0 0x190 0x94a 0x55e007 0x93e 0x170 0xd 0x7d0007 0x81 0xd8 0x5 0x820005 0x0 0x1d50dcc0 0x5 0x0 0x0 0x940005 0x0 0x1d50dcc0 0x5 0x0 0x0 0x990007 0x0 0x38 0x0 0xa40003 0x0 0x38 0xab0007 0x0 0x20 0x0 0xb30007 0x74 0x78 0xd 0xba0007 0x0 0x58 0xd 0xd50007 0xd 0x38 0x0 0xe50003 0x0 0x18 0x1050005 0x0 0x1d50dcc0 0x9bf 0x0 0x0 0x1110007 0x0 0x20 0x9bf 0x12f0007 0x9a2 0x70 0x1d 0x1360005 0x0 0x1d50dcc0 0x1d 0x0 0x0 0x13e0007 0x1d 0x20 0x0 0x1540002 0x9bf 0x1570007 0x2ab 0xfffffffffffffd80 0x714 oops 5 6 com/sun/org/apache/xerces/internal/impl/XMLEntityScanner 38 com/sun/org/apache/xerces/internal/impl/XMLEntityScanner 44 com/sun/org/apache/xerces/internal/impl/XMLEntityScanner 76 com/sun/org/apache/xerces/internal/impl/XMLEntityScanner 90 com/sun/org/apache/xerces/internal/impl/XMLEntityScanner
ciMethodData com/sun/org/apache/xerces/internal/impl/XMLDocumentFragmentScannerImpl setScannerState (I)V 2 9685 orig 264 56 173 107 104 0 0 0 0 56 109 229 33 0 0 0 0 40 1 0 0 0 0 0 0 0 0 0 0 0 0 0 0 0 0 0 0 0 0 0 0 0 0 0 0 0 0 0 0 0 0 0 0 0 0 0 0 0 0 0 0 0 0 0 0 0 0 0 0 0 0 0 0 0 0 0 0 0 0 0 0 77 68 79 32 101 120 116 114 97 32 100 97 116 97 32 108 111 99 107 0 0 0 0 0 0 0 0 0 0 0 0 0 0 0 0 0 0 0 0 0 0 0 0 0 0 0 0 0 0 0 0 0 0 0 0 0 0 0 0 0 0 0 0 0 0 0 0 0 0 0 0 0 0 0 0 0 0 0 0 0 0 0 0 0 0 0 0 0 0 0 0 0 0 0 0 0 0 0 0 0 0 0 0 0 0 0 0 0 0 0 0 0 0 0 0 0 0 0 0 0 0 0 0 0 0 0 0 0 0 0 0 0 0 0 0 0 0 2 0 0 169 30 1 0 1 0 0 0 0 0 0 0 0 0 0 0 2 0 0 0 0 0 3 0 1 0 0 0 0 0 0 0 255 255 255 255 0 0 0 0 0 0 0 0 data 0 oops 0
ciMethodData com/sun/org/apache/xerces/internal/util/XMLChar isNameStart (I)Z 2 8789 orig 264 56 173 107 104 0 0 0 0 16 9 237 33 0 0 0 0 120 1 0 0 0 0 0 0 0 0 0 0 0 0 0 0 0 0 0 0 0 0 0 0 0 0 0 0 0 0 0 0 0 0 0 0 0 0 0 0 0 0 0 0 0 0 0 0 0 0 0 0 0 0 0 0 0 0 0 0 0 0 0 0 77 68 79 32 101 120 116 114 97 32 100 97 116 97 32 108 111 99 107 0 0 0 0 0 0 0 0 0 0 0 0 0 0 0 0 0 0 0 0 0 0 0 0 0 0 0 0 0 0 0 0 0 0 0 0 0 0 0 0 0 0 0 0 0 0 0 0 0 0 0 0 0 0 0 0 0 0 0 0 0 0 0 0 0 0 0 0 0 0 0 0 0 0 0 0 0 0 0 0 0 0 0 0 0 0 0 0 0 0 0 0 0 0 0 0 0 0 0 0 0 0 0 0 0 0 0 0 0 0 0 0 0 0 0 0 0 0 2 0 0 169 2 1 0 1 0 0 0 0 0 0 0 0 0 0 0 2 0 0 0 0 0 9 0 2 0 0 0 88 0 0 0 255 255 255 255 7 0 3 0 0 0 0 0 data 11 0x30007 0x0 0x58 0x2055 0xd0007 0x13f 0x38 0x1f16 0x110003 0x1f16 0x18 oops 0
ciMethodData com/sun/org/apache/xerces/internal/util/SymbolTable addSymbol ([CII)Ljava/lang/String; 2 21282 orig 264 56 173 107 104 0 0 0 0 240 144 222 33 0 0 0 0 104 2 0 0 0 0 0 0 0 0 0 0 0 0 0 0 0 0 0 0 0 0 0 0 0 0 0 0 0 0 0 0 0 0 0 0 0 0 0 0 0 0 0 0 0 0 0 0 0 0 0 0 0 0 0 0 0 0 0 0 0 0 0 0 77 68 79 32 101 120 116 114 97 32 100 97 116 97 32 108 111 99 107 0 0 0 0 0 0 0 0 0 0 0 0 0 0 0 0 0 0 0 0 0 0 0 0 0 0 0 0 0 0 0 0 0 0 0 0 0 0 0 0 0 0 0 0 0 0 0 0 0 0 0 0 0 0 0 0 0 0 0 0 0 0 0 0 0 0 0 0 0 0 0 0 0 0 0 0 0 0 0 0 0 0 0 0 0 0 0 0 0 0 0 0 0 0 0 0 0 0 0 0 0 0 0 0 0 0 0 0 0 0 0 0 0 0 0 0 0 0 12 0 0 209 109 0 0 17 57 2 0 0 0 0 0 0 0 0 0 2 0 0 0 2 0 14 0 2 0 0 0 8 1 0 0 255 255 255 255 5 0 7 0 0 0 0 0 data 33 0x70005 0x0 0x1c3ffd60 0xdba 0x0 0x0 0x1c0007 0x446 0xc8 0xa6d 0x260007 0xf9 0x90 0x974 0x2f0007 0x974 0x70 0x4629 0x400007 0x4629 0x38 0x0 0x460003 0x0 0x30 0x4c0003 0x4629 0xffffffffffffffa8 0x5f0003 0xf9 0xffffffffffffff50 0x6a0002 0x446 oops 1 2 com/sun/org/apache/xerces/internal/util/SymbolTable
ciMethodData com/sun/org/apache/xerces/internal/impl/XMLEntityScanner scanContent (Lcom/sun/org/apache/xerces/internal/xni/XMLString;)I 2 65909 orig 264 56 173 107 104 0 0 0 0 224 153 224 33 0 0 0 0 24 7 0 0 72 1 0 0 0 0 0 0 0 0 0 0 0 0 0 0 0 0 0 0 0 0 0 0 0 0 0 0 0 0 0 0 0 0 0 0 0 0 0 0 0 0 0 0 0 0 0 0 0 0 0 0 0 0 0 0 0 0 0 0 77 68 79 32 101 120 116 114 97 32 100 97 116 97 32 108 111 99 107 0 0 0 0 0 0 0 0 0 0 0 0 0 0 0 0 0 0 0 0 0 0 0 0 0 0 0 0 0 0 0 0 0 0 0 0 0 0 0 0 0 0 0 0 0 1 0 0 0 0 0 0 0 0 0 0 0 0 0 0 0 0 0 0 0 0 0 0 0 0 0 0 0 0 0 0 0 0 0 0 1 0 0 0 0 0 0 0 0 0 0 0 0 0 0 0 0 0 0 0 0 0 0 0 0 0 0 0 0 0 0 0 0 0 0 0 0 0 16 0 0 41 29 0 0 169 139 7 0 114 2 0 0 182 230 0 0 2 0 0 0 3 0 71 0 2 0 0 0 184 5 0 0 255 255 255 255 7 0 14 0 0 0 0 0 data 183 0xe0007 0x3a5 0x68 0x0 0x150005 0x0 0x0 0x0 0x0 0x0 0x190003 0x0 0x98 0x2c0007 0x3a5 0x80 0x0 0x310005 0x0 0x0 0x0 0x0 0x0 0x520005 0x0 0x0 0x0 0x0 0x0 0x790007 0x33e 0x60 0x67 0x7f0007 0x5f 0x350 0x8 0x860007 0x0 0x330 0x8 0xa3e007 0x79e 0x148 0xc 0xaa0007 0x0 0x128 0xc 0xd30007 0xc 0xb8 0x0 0xdf0005 0x0 0x0 0x0 0x0 0x0 0xf20005 0x0 0x0 0x0 0x0 0x0 0xf50007 0x0 0x38 0x0 0xfb0003 0x0 0x178 0x10f0007 0x0 0x38 0xc 0x1220003 0xc 0x120 0x1280003 0x0 0x108 0x12e0007 0x347 0xd8 0x457 0x1570007 0x457 0xd0 0x0 0x1630005 0x0 0x0 0x0 0x0 0x0 0x1760005 0x0 0x0 0x0 0x0 0x0 0x1790007 0x0 0x50 0x0 0x17f0003 0x0 0x50 0x18f0003 0x347 0x38 0x1a20007 0x463 0xfffffffffffffdc8 0x0 0x1b10007 0x347 0x38 0x463 0x1c30003 0x463 0xffffffffffffffe0 0x1e10007 0x347 0x80 0x0 0x1ed0005 0x0 0x0 0x0 0x0 0x0 0x1fb0005 0x0 0x0 0x0 0x0 0x0 0x20e0007 0x6 0x68 0xe92c 0x2290002 0xe92c 0x22c0007 0xe58d 0xffffffffffffffd0 0x39f 0x23c0003 0x39f 0x18 0x25d0007 0x0 0x50 0x3a5 0x2690005 0x0 0x1d50dcc0 0x3a5 0x0 0x0 0x2770005 0x0 0x1c3fff00 0x3a5 0x0 0x0 0x2880007 0x6 0x78 0x39f 0x29e0007 0x39f 0x58 0x0 0x2a50007 0x0 0x38 0x0 0x2ab0003 0x0 0x18 oops 2 158 com/sun/org/apache/xerces/internal/impl/XMLEntityScanner 164 com/sun/org/apache/xerces/internal/xni/XMLString
ciMethodData com/sun/org/apache/xerces/internal/util/SymbolTable hash ([CII)I 2 20411 orig 264 56 173 107 104 0 0 0 0 56 149 222 33 0 0 0 0 160 1 0 0 0 0 0 0 0 0 0 0 0 0 0 0 0 0 0 0 0 0 0 0 0 0 0 0 0 0 0 0 0 0 0 0 0 0 0 0 0 0 0 0 0 0 0 0 0 0 0 0 0 0 0 0 0 0 0 0 0 0 0 0 77 68 79 32 101 120 116 114 97 32 100 97 116 97 32 108 111 99 107 0 0 0 0 0 0 0 0 0 0 0 0 0 0 0 0 0 0 0 0 0 0 0 0 0 0 0 0 0 0 0 0 0 0 0 0 0 0 0 0 0 0 0 0 0 0 0 0 0 0 0 0 0 0 0 0 0 0 0 0 0 0 0 0 0 0 0 0 0 0 0 0 0 0 0 0 0 0 0 0 0 0 0 0 0 1 0 0 0 0 0 0 0 0 0 0 0 0 0 0 0 3 0 0 0 0 0 0 0 0 0 0 0 0 0 0 0 50 15 0 0 89 49 0 0 73 4 2 0 0 0 0 0 0 0 0 0 2 0 0 0 1 0 8 0 2 0 0 0 104 0 0 0 255 255 255 255 7 0 4 0 0 0 0 0 data 13 0x40007 0x0 0x58 0x62b 0x100007 0x62b 0x38 0x4089 0x240003 0x4089 0xffffffffffffffe0 0x310002 0x0 oops 0
ciMethodData com/sun/org/apache/xerces/internal/util/SymbolTable addSymbol0 ([CIIII)Ljava/lang/String; 2 1162 orig 264 56 173 107 104 0 0 0 0 72 146 222 33 0 0 0 0 200 2 0 0 232 0 0 0 0 0 0 0 0 0 0 0 0 0 0 0 0 0 0 0 0 0 0 0 0 0 0 0 0 0 0 0 0 0 0 0 0 0 0 0 0 0 0 0 0 0 0 0 0 0 0 0 0 0 0 0 0 0 0 0 77 68 79 32 101 120 116 114 97 32 100 97 116 97 32 108 111 99 107 0 0 0 0 0 0 0 0 0 0 0 0 0 0 0 0 0 0 0 0 0 0 0 0 0 0 0 0 0 0 0 0 0 0 0 0 0 0 0 0 0 0 0 0 0 0 0 0 0 0 0 0 0 0 0 0 0 0 0 0 0 0 0 0 0 0 0 0 0 0 0 0 0 0 0 0 0 0 0 0 0 0 0 0 0 0 0 0 0 0 0 0 0 0 0 0 0 0 0 0 0 0 0 0 0 0 0 0 0 0 0 0 0 0 0 0 0 68 0 0 0 49 34 0 0 1 0 0 0 0 0 0 0 0 0 0 0 2 0 0 0 0 0 12 0 2 0 0 0 88 1 0 0 255 255 255 255 7 0 8 0 0 0 0 0 data 43 0x80007 0x445 0x98 0x1 0xc0005 0x0 0x1c3ffd60 0x1 0x0 0x0 0x130005 0x0 0x1c3ffd60 0x1 0x0 0x0 0x1d0003 0x1 0x98 0x260007 0x445 0x80 0x0 0x2a0005 0x0 0x0 0x0 0x0 0x0 0x310005 0x0 0x0 0x0 0x0 0x0 0x490002 0x446 0x560004 0x0 0x1fde3bf0 0x446 0x0 0x0 oops 3 6 com/sun/org/apache/xerces/internal/util/SymbolTable 12 com/sun/org/apache/xerces/internal/util/SymbolTable 39 com/sun/org/apache/xerces/internal/util/SymbolTable$Entry
ciMethodData com/sun/org/apache/xerces/internal/impl/XMLDocumentFragmentScannerImpl$FragmentContentDriver next ()I 2 5633 orig 264 56 173 107 104 0 0 0 0 248 154 230 33 0 0 0 0 160 33 0 0 0 30 0 0 0 0 0 0 0 0 0 0 0 0 0 0 0 0 0 0 0 0 0 0 0 0 0 0 0 0 0 0 0 0 0 0 0 0 0 0 0 0 0 0 0 0 0 0 0 0 0 0 0 0 0 0 0 0 0 0 77 68 79 32 101 120 116 114 97 32 100 97 116 97 32 108 111 99 107 0 0 0 0 0 0 0 0 0 0 0 0 0 0 0 0 0 0 0 0 0 0 0 0 0 0 0 0 0 0 0 0 0 0 0 0 0 0 0 0 0 0 0 0 0 0 0 0 0 0 0 0 0 0 0 0 0 0 0 0 0 0 0 0 0 0 0 0 0 0 0 0 0 0 0 0 0 0 0 0 0 0 0 0 0 0 0 0 0 0 0 0 0 0 0 0 0 0 0 0 0 0 0 0 0 0 0 0 0 0 0 0 0 0 0 0 0 0 2 0 0 9 160 0 0 169 30 0 0 0 0 0 0 0 0 0 0 2 0 0 0 5 0 12 1 2 0 0 0 240 31 0 0 255 255 255 255 8 0 7 0 0 0 0 0 data 1022 0x70008 0x6 0x29 0x1f8 0x0 0x1e8 0x23 0x40 0x270005 0x0 0x1d50dcc0 0xb61 0x0 0x0 0x2e0007 0x9a2 0x98 0x1bf 0x390005 0x0 0x1d50dcc0 0x1bf 0x0 0x0 0x430005 0x0 0x1d50dd70 0x1bf 0x0 0x0 0x460003 0x1bf 0xf8 0x4c0007 0x9a2 0x98 0x0 0x590005 0x0 0x0 0x0 0x0 0x0 0x630005 0x0 0x0 0x0 0x0 0x0 0x660003 0x0 0x70 0x6f0005 0x23 0x1d50dd70 0x792 0x1d50de20 0x1ed 0x720003 0x9a2 0x28 0x760002 0x207 0x800007 0x1401 0x140 0x0 0x920007 0x0 0x80 0x0 0x9e0007 0x0 0x100 0x0 0xaa0007 0x0 0xe0 0x0 0xb60007 0x0 0xc0 0x0 0xca0007 0x0 0x40 0x0 0xd40007 0x0 0x80 0x0 0xe00007 0x0 0x60 0x0 0xec0007 0x0 0x40 0x0 0xf80007 0x0 0x20 0x0 0x1140008 0x46 0x0 0x1ba8 0x0 0x240 0x0 0x1ba8 0x0 0x1ba8 0x0 0x1ba8 0x0 0x1ba8 0x0 0x1ba8 0x0 0x1ba8 0x0 0x1ba8 0x0 0x1ba8 0x0 0x1ba8 0x0 0x1ba8 0x0 0x1ba8 0x0 0x1ba8 0x0 0x1ba8 0x0 0x1ba8 0x0 0x1ba8 0x0 0x1088 0x0 0x1ba8 0x0 0x1ba8 0x0 0x1a98 0x0 0x1028 0x0 0x1298 0x0 0x1ba8 0x0 0x1ba8 0x0 0x1ba8 0x0 0x1ba8 0x0 0x1ba8 0x0 0x1ba8 0x0 0x1118 0x0 0x1638 0x23 0x308 0x14 0x240 0x15 0xe80 0x0 0x1b18 0x1b70005 0x0 0x1d50dd70 0x2ec 0x1d50de20 0x1e4 0x1c40007 0x237 0x68 0x299 0x1cd0005 0x7 0x1d50dd70 0xae 0x1d50de20 0x1e4 0x1d00003 0x299 0x48 0x1d90005 0xd 0x1d50dd70 0x22a 0x0 0x0 0x1e90007 0x0 0x60 0x9a2 0x1f30007 0x0 0x40 0x9a2 0x1fd0007 0x9a2 0x38 0x0 0x2010003 0x0 0x18 0x20f0007 0x9a2 0x98 0x0 0x2190007 0x0 0x60 0x0 0x2230007 0x0 0x40 0x0 0x22d0007 0x0 0x38 0x0 0x2500003 0x0 0x48 0x25a0005 0x0 0x1d50ded0 0x9a2 0x0 0x0 0x2760005 0x0 0x1d50dcc0 0x9a2 0x0 0x0 0x2840005 0x0 0x1d50dcc0 0x9a2 0x0 0x0 0x2870007 0x3d6 0x2b8 0x5cc 0x2960005 0x0 0x1d50dcc0 0x5cc 0x0 0x0 0x2990007 0x3f9 0x68 0x1d3 0x2b70005 0xe 0x1d50dd70 0x1c4 0x1d50de20 0x1 0x2ba0003 0x1d3 0x158 0x2c40005 0x0 0x1d50dcc0 0x3f9 0x0 0x0 0x2c70002 0x3f9 0x2ca0007 0x48 0x68 0x3b1 0x2e80005 0x14 0x1d50dd70 0x1b9 0x1d50de20 0x1e4 0x2eb0003 0x3b1 0xb0 0x2f40005 0x0 0x1d50dd70 0x40 0x1d50de20 0x8 0x2fe0007 0x48 0x68 0x0 0x31f0005 0x0 0x0 0x0 0x0 0x0 0x32d0003 0x0 0xfffffffffffff640 0x3370007 0x5cc 0x50 0x0 0x3480005 0x0 0x0 0x0 0x0 0x0 0x35d0007 0x5cc 0x70 0x0 0x36e0005 0x0 0x0 0x0 0x0 0x0 0x3710007 0x0 0x20 0x0 0x38f0005 0x0 0x1d50ded0 0x3d6 0x0 0x0 0x3a00007 0x3d6 0x98 0x0 0x3ab0005 0x0 0x0 0x0 0x0 0x0 0x3c00005 0x0 0x0 0x0 0x0 0x0 0x3c50003 0x0 0x230 0x3cb0007 0x3d6 0x218 0x0 0x3e50005 0x0 0x0 0x0 0x0 0x0 0x3e90005 0x0 0x0 0x0 0x0 0x0 0x3fe0005 0x0 0x0 0x0 0x0 0x0 0x4010007 0x0 0x168 0x0 0x40d0005 0x0 0x0 0x0 0x0 0x0 0x41a0005 0x0 0x0 0x0 0x0 0x0 0x41d0007 0x0 0x68 0x0 0x4290005 0x0 0x0 0x0 0x0 0x0 0x42c0003 0x0 0xffffffffffffff80 0x4390005 0x0 0x0 0x0 0x0 0x0 0x43c0007 0x0 0x50 0x0 0x4460005 0x0 0x0 0x0 0x0 0x0 0x4560007 0x3d6 0x98 0x0 0x4610005 0x0 0x0 0x0 0x0 0x0 0x46b0005 0x0 0x0 0x0 0x0 0x0 0x46e0003 0x0 0x318 0x4740007 0x3d6 0x98 0x0 0x4810005 0x0 0x0 0x0 0x0 0x0 0x48b0005 0x0 0x0 0x0 0x0 0x0 0x48e0003 0x0 0x280 0x4930007 0x1b 0x1d0 0x3bb 0x49b0005 0x0 0x1d50dd70 0x3bb 0x0 0x0 0x49e0007 0x3bb 0x180 0x0 0x4a20002 0x0 0x4a50007 0x0 0x98 0x0 0x4b30005 0x0 0x0 0x0 0x0 0x0 0x4bd0005 0x0 0x0 0x0 0x0 0x0 0x4c00003 0x0 0x168 0x4d20002 0x0 0x4d50004 0x0 0x0 0x0 0x0 0x0 0x4d60005 0x0 0x0 0x0 0x0 0x0 0x4e10005 0x0 0x0 0x0 0x0 0x0 0x4e50003 0x0 0xb0 0x4f30005 0x0 0x1d50dd70 0x3d6 0x0 0x0 0x4fe0007 0x0 0xfffffffffffffcd0 0x3d6 0x5070005 0x1 0x1d50dd70 0x3d5 0x0 0x0 0x50a0003 0x3d6 0x18 0x5140007 0x3d6 0x38 0x0 0x51f0003 0x0 0xffffffffffffeed0 0x5290007 0x3d6 0x70 0x0 0x53a0005 0x0 0x0 0x0 0x0 0x0 0x53d0007 0x0 0x20 0x0 0x54c0007 0x273 0xd8 0x299 0x55d0005 0x7 0x1d50dd70 0xae 0x1d50de20 0x1e4 0x5670007 0x299 0x88 0x0 0x56b0005 0x0 0x0 0x0 0x0 0x0 0x56e0007 0x0 0x38 0x0 0x5720003 0x0 0x18 0x57b0005 0x0 0x1d50dd70 0x272 0x1d50de20 0x1 0x57e0007 0x237 0x70 0x3c 0x5820005 0x0 0x1d50df80 0x3b 0x1d50e030 0x1 0x5850007 0x0 0x20 0x3c 0x5900005 0xd 0x1d50dd70 0x22a 0x0 0x0 0x5990005 0x0 0x1d50dd70 0x40 0x1d50de20 0x8 0x5a20005 0x0 0x1d50dd70 0x40 0x1d50de20 0x8 0x5ae0005 0x0 0x0 0x0 0x0 0x0 0x5bc0005 0x0 0x0 0x0 0x0 0x0 0x5c50005 0x0 0x0 0x0 0x0 0x0 0x5d10007 0x0 0x98 0x0 0x5db0007 0x0 0x60 0x0 0x5e50007 0x0 0x40 0x0 0x5ef0007 0x0 0x38 0x0 0x60a0003 0x0 0x48 0x6140005 0x0 0x0 0x0 0x0 0x0 0x62b0005 0x0 0x0 0x0 0x0 0x0 0x6350005 0x0 0x0 0x0 0x0 0x0 0x63f0007 0x0 0x38 0x0 0x64a0003 0x0 0xffffffffffffea68 0x6540007 0x0 0x20 0x0 0x6780007 0x0 0x98 0x0 0x6820007 0x0 0x60 0x0 0x68c0007 0x0 0x40 0x0 0x6960007 0x0 0x38 0x0 0x6b10003 0x0 0x48 0x6bb0005 0x0 0x0 0x0 0x0 0x0 0x6d20005 0x0 0x0 0x0 0x0 0x0 0x6d50007 0x0 0xa0 0x0 0x6e40005 0x0 0x0 0x0 0x0 0x0 0x6fc0007 0x0 0x210 0x0 0x7050005 0x0 0x0 0x0 0x0 0x0 0x7150005 0x0 0x0 0x0 0x0 0x0 0x7210007 0x0 0x70 0x0 0x72b0007 0x0 0x50 0x0 0x7340005 0x0 0x0 0x0 0x0 0x0 0x7420007 0x0 0x38 0x0 0x74d0003 0x0 0xffffffffffffe7d8 0x7590007 0x0 0xe8 0x0 0x7620005 0x0 0x0 0x0 0x0 0x0 0x76c0007 0x0 0x98 0x0 0x77a0002 0x0 0x77d0005 0x0 0x0 0x0 0x0 0x0 0x7800007 0x0 0x38 0x0 0x7830003 0x0 0xffffffffffffe6f0 0x78f0005 0x0 0x0 0x0 0x0 0x0 0x79a0003 0x0 0xffffffffffffe6a8 0x7a60005 0x0 0x0 0x0 0x0 0x0 0x7a90007 0x0 0x3e8 0x0 0x7c40005 0x0 0x0 0x0 0x0 0x0 0x7c70005 0x0 0x0 0x0 0x0 0x0 0x7ca0007 0x0 0x338 0x0 0x7d40005 0x0 0x0 0x0 0x0 0x0 0x7e00005 0x0 0x0 0x0 0x0 0x0 0x7ea0007 0x0 0x118 0x0 0x7f80005 0x0 0x0 0x0 0x0 0x0 0x7fb0005 0x0 0x0 0x0 0x0 0x0 0x7fe0007 0x0 0x190 0x0 0x8100005 0x0 0x0 0x0 0x0 0x0 0x8140005 0x0 0x0 0x0 0x0 0x0 0x8170003 0x0 0xffffffffffffff20 0x8250005 0x0 0x0 0x0 0x0 0x0 0x8280005 0x0 0x0 0x0 0x0 0x0 0x82b0007 0x0 0x98 0x0 0x83d0005 0x0 0x0 0x0 0x0 0x0 0x8410005 0x0 0x0 0x0 0x0 0x0 0x8440003 0x0 0xffffffffffffff20 0x86c0005 0x0 0x0 0x0 0x0 0x0 0x8770005 0x0 0x0 0x0 0x0 0x0 0x8860005 0x0 0x0 0x0 0x0 0x0 0x8890003 0x0 0x48 0x8910005 0x0 0x0 0x0 0x0 0x0 0x8a80005 0x0 0x0 0x0 0x0 0x0 0x8ab0003 0x0 0xffffffffffffe248 0x8af0005 0x0 0x1d50df80 0x3a 0x1d50e030 0x1 0x8b20007 0x3b 0x20 0x0 0x8c50005 0x0 0x1d50dd70 0x3a 0x1d50de20 0x1 0x8d10005 0x0 0x0 0x0 0x0 0x0 0x8e00005 0x0 0x0 0x0 0x0 0x0 0x8f70005 0x0 0x0 0x0 0x0 0x0 0x9040002 0x0 0x9090005 0x0 0x0 0x0 0x0 0x0 0x9130005 0x0 0x0 0x0 0x0 0x0 0x9180005 0x0 0x0 0x0 0x0 0x0 0x91b0005 0x0 0x0 0x0 0x0 0x0 0x91e0002 0x0 0x9250005 0x0 0x0 0x0 0x0 0x0 oops 40 10 com/sun/org/apache/xerces/internal/impl/XMLEntityScanner 20 com/sun/org/apache/xerces/internal/impl/XMLEntityScanner 26 com/sun/org/apache/xerces/internal/impl/XMLNSDocumentScannerImpl 54 com/sun/org/apache/xerces/internal/impl/XMLNSDocumentScannerImpl 56 com/sun/org/apache/xerces/internal/impl/XMLDocumentScannerImpl 177 com/sun/org/apache/xerces/internal/impl/XMLNSDocumentScannerImpl 179 com/sun/org/apache/xerces/internal/impl/XMLDocumentScannerImpl 187 com/sun/org/apache/xerces/internal/impl/XMLNSDocumentScannerImpl 189 com/sun/org/apache/xerces/internal/impl/XMLDocumentScannerImpl 196 com/sun/org/apache/xerces/internal/impl/XMLNSDocumentScannerImpl 236 com/sun/org/apache/xerces/internal/util/XMLStringBuffer 242 com/sun/org/apache/xerces/internal/impl/XMLEntityScanner 248 com/sun/org/apache/xerces/internal/impl/XMLEntityScanner 258 com/sun/org/apache/xerces/internal/impl/XMLEntityScanner 268 com/sun/org/apache/xerces/internal/impl/XMLNSDocumentScannerImpl 270 com/sun/org/apache/xerces/internal/impl/XMLDocumentScannerImpl 277 com/sun/org/apache/xerces/internal/impl/XMLEntityScanner 289 com/sun/org/apache/xerces/internal/impl/XMLNSDocumentScannerImpl 291 com/sun/org/apache/xerces/internal/impl/XMLDocumentScannerImpl 298 com/sun/org/apache/xerces/internal/impl/XMLNSDocumentScannerImpl 300 com/sun/org/apache/xerces/internal/impl/XMLDocumentScannerImpl 341 com/sun/org/apache/xerces/internal/util/XMLStringBuffer 475 com/sun/org/apache/xerces/internal/impl/XMLNSDocumentScannerImpl 529 com/sun/org/apache/xerces/internal/impl/XMLNSDocumentScannerImpl 539 com/sun/org/apache/xerces/internal/impl/XMLNSDocumentScannerImpl 573 com/sun/org/apache/xerces/internal/impl/XMLNSDocumentScannerImpl 575 com/sun/org/apache/xerces/internal/impl/XMLDocumentScannerImpl 596 com/sun/org/apache/xerces/internal/impl/XMLNSDocumentScannerImpl 598 com/sun/org/apache/xerces/internal/impl/XMLDocumentScannerImpl 606 com/sun/org/apache/xerces/internal/impl/XMLNSDocumentScannerImpl$NSContentDriver 608 com/sun/org/apache/xerces/internal/impl/XMLDocumentScannerImpl$ContentDriver 616 com/sun/org/apache/xerces/internal/impl/XMLNSDocumentScannerImpl 622 com/sun/org/apache/xerces/internal/impl/XMLNSDocumentScannerImpl 624 com/sun/org/apache/xerces/internal/impl/XMLDocumentScannerImpl 628 com/sun/org/apache/xerces/internal/impl/XMLNSDocumentScannerImpl 630 com/sun/org/apache/xerces/internal/impl/XMLDocumentScannerImpl 956 com/sun/org/apache/xerces/internal/impl/XMLNSDocumentScannerImpl$NSContentDriver